{"uid":"4cb4c8475d78b2ea","name":"Check the home page accessibility","fullName":"Tests.test_Accessibility.TestAccessibility#test_2","historyId":"91731744d83500bd76ad260359f203b8","time":{"start":1728032972394,"stop":1728032972394,"duration":0},"status":"broken","statusMessage":"selenium.common.exceptions.NoSuchDriverException: Message: Unable to locate or obtain driver for chrome; For documentation on this error, please visit: https://www.selenium.dev/documentation/webdriver/troubleshooting/errors/driver_location","statusTrace":"self = <Tests.test_Accessibility.TestAccessibility object at 0x7f3eb8fbe310>\nrequest = <SubRequest 'driver' for <Function test_1[Chrome]>>\n\n    @pytest.fixture(scope=\"class\")\n    def driver(self, request):\n        browser = request.param\n    \n        project_folder = os.path.dirname(os.path.dirname(os.path.abspath(__file__)))\n    \n        is_ci = os.getenv('CI') == 'true'\n        if is_ci:\n            if browser == \"Edge\":\n                # Set up Edge options\n                options = EdgeOptions()\n                options.add_argument(\"--headless\")\n                options.add_argument(\"--disable-gpu\")\n                options.add_argument(\"--window-size=1920,1080\")\n                options.add_argument(\"--no-sandbox\")\n                options.add_argument(\"--disable-dev-shm-usage\")\n                options.add_argument(\"--disable-extensions\")\n                options.add_argument(\"--disable-infobars\")\n                serv = EdgeService(EdgeChromiumDriverManager().install())\n                driver = webdriver.Edge(service=serv, options=options)\n            else:\n                options = ChromeOptions()\n                options.add_argument(\"--headless\")\n                options.add_argument(\"--disable-gpu\")\n                options.add_argument(\"--window-size=1920,1080\")\n                options.add_argument(\"--no-sandbox\")\n                options.add_argument(\"--disable-dev-shm-usage\")\n                options.add_argument(\"--disable-extensions\")\n                options.add_argument(\"--disable-infobars\")\n                '''chrome_driver_path = \"/usr/local/share/chrome_driver/chromedriver\"\n                serv = ChromeService(executable_path=chrome_driver_path)\n                driver = webdriver.Chrome(service=serv, options=options)'''\n                chrome_driver_path = \"/usr/bin/google-chrome/chromedriver\"\n                serv = ChromeService(chrome_driver_path)\n>               driver = webdriver.Chrome(service=serv, options=options)\n\nCommon/BaseClass.py:68: \n_ _ _ _ _ _ _ _ _ _ _ _ _ _ _ _ _ _ _ _ _ _ _ _ _ _ _ _ _ _ _ _ _ _ _ _ _ _ _ _ \n/opt/hostedtoolcache/Python/3.11.10/x64/lib/python3.11/site-packages/selenium/webdriver/chrome/webdriver.py:45: in __init__\n    super().__init__(\n/opt/hostedtoolcache/Python/3.11.10/x64/lib/python3.11/site-packages/selenium/webdriver/chromium/webdriver.py:49: in __init__\n    self.service.path = DriverFinder.get_path(self.service, options)\n_ _ _ _ _ _ _ _ _ _ _ _ _ _ _ _ _ _ _ _ _ _ _ _ _ _ _ _ _ _ _ _ _ _ _ _ _ _ _ _ \n\nservice = <selenium.webdriver.chrome.service.Service object at 0x7f3eb88c5410>\noptions = <selenium.webdriver.chrome.options.Options object at 0x7f3eb88c52d0>\n\n    @staticmethod\n    def get_path(service: Service, options: BaseOptions) -> str:\n        path = service.path\n        try:\n            path = SeleniumManager().driver_location(options) if path is None else path\n        except Exception as err:\n            msg = f\"Unable to obtain driver for {options.capabilities['browserName']} using Selenium Manager.\"\n            raise NoSuchDriverException(msg) from err\n    \n        if path is None or not Path(path).is_file():\n>           raise NoSuchDriverException(f\"Unable to locate or obtain driver for {options.capabilities['browserName']}\")\nE           selenium.common.exceptions.NoSuchDriverException: Message: Unable to locate or obtain driver for chrome; For documentation on this error, please visit: https://www.selenium.dev/documentation/webdriver/troubleshooting/errors/driver_location\n\n/opt/hostedtoolcache/Python/3.11.10/x64/lib/python3.11/site-packages/selenium/webdriver/common/driver_finder.py:44: NoSuchDriverException","flaky":false,"newFailed":false,"newBroken":false,"newPassed":false,"retriesCount":0,"retriesStatusChange":false,"beforeStages":[{"name":"setup_reporting_directories","time":{"start":1728032972355,"stop":1728032972358,"duration":3},"status":"passed","steps":[],"attachments":[],"parameters":[],"shouldDisplayMessage":false,"stepsCount":0,"attachmentsCount":0,"hasContent":false,"attachmentStep":false},{"name":"driver","time":{"start":1728032972358,"stop":1728032972358,"duration":0},"status":"broken","statusMessage":"selenium.common.exceptions.NoSuchDriverException: Message: Unable to locate or obtain driver for chrome; For documentation on this error, please visit: https://www.selenium.dev/documentation/webdriver/troubleshooting/errors/driver_location\n\n","statusTrace":"  File \"/opt/hostedtoolcache/Python/3.11.10/x64/lib/python3.11/site-packages/pluggy/_callers.py\", line 166, in _multicall\n    teardown.throw(outcome._exception)\n  File \"/opt/hostedtoolcache/Python/3.11.10/x64/lib/python3.11/site-packages/_pytest/setuponly.py\", line 36, in pytest_fixture_setup\n    return (yield)\n            ^^^^^\n  File \"/opt/hostedtoolcache/Python/3.11.10/x64/lib/python3.11/site-packages/pluggy/_callers.py\", line 102, in _multicall\n    res = hook_impl.function(*args)\n          ^^^^^^^^^^^^^^^^^^^^^^^^^\n  File \"/opt/hostedtoolcache/Python/3.11.10/x64/lib/python3.11/site-packages/_pytest/fixtures.py\", line 1132, in pytest_fixture_setup\n    result = call_fixture_func(fixturefunc, request, kwargs)\n             ^^^^^^^^^^^^^^^^^^^^^^^^^^^^^^^^^^^^^^^^^^^^^^^\n  File \"/opt/hostedtoolcache/Python/3.11.10/x64/lib/python3.11/site-packages/_pytest/fixtures.py\", line 906, in call_fixture_func\n    fixture_result = next(generator)\n                     ^^^^^^^^^^^^^^^\n  File \"/home/runner/work/test-repo/test-repo/Common/BaseClass.py\", line 68, in driver\n    driver = webdriver.Chrome(service=serv, options=options)\n             ^^^^^^^^^^^^^^^^^^^^^^^^^^^^^^^^^^^^^^^^^^^^^^^\n  File \"/opt/hostedtoolcache/Python/3.11.10/x64/lib/python3.11/site-packages/selenium/webdriver/chrome/webdriver.py\", line 45, in __init__\n    super().__init__(\n  File \"/opt/hostedtoolcache/Python/3.11.10/x64/lib/python3.11/site-packages/selenium/webdriver/chromium/webdriver.py\", line 49, in __init__\n    self.service.path = DriverFinder.get_path(self.service, options)\n                        ^^^^^^^^^^^^^^^^^^^^^^^^^^^^^^^^^^^^^^^^^^^^\n  File \"/opt/hostedtoolcache/Python/3.11.10/x64/lib/python3.11/site-packages/selenium/webdriver/common/driver_finder.py\", line 44, in get_path\n    raise NoSuchDriverException(f\"Unable to locate or obtain driver for {options.capabilities['browserName']}\")\n","steps":[],"attachments":[],"parameters":[],"shouldDisplayMessage":true,"stepsCount":0,"attachmentsCount":0,"hasContent":true,"attachmentStep":false}],"afterStages":[],"labels":[{"name":"severity","value":"normal"},{"name":"feature","value":"Accessibility"},{"name":"parentSuite","value":"Tests"},{"name":"suite","value":"test_Accessibility"},{"name":"subSuite","value":"TestAccessibility"},{"name":"host","value":"fv-az1719-460"},{"name":"thread","value":"2381-MainThread"},{"name":"framework","value":"pytest"},{"name":"language","value":"cpython3"},{"name":"package","value":"Tests.test_Accessibility"},{"name":"resultFormat","value":"allure2"}],"parameters":[{"name":"driver","value":"'Chrome'"}],"links":[],"hidden":false,"retry":false,"extra":{"severity":"normal","retries":[],"categories":[{"name":"Test defects","matchedStatuses":[],"flaky":false}],"history":{"statistic":{"failed":1,"broken":6,"skipped":0,"passed":0,"unknown":0,"total":7},"items":[{"uid":"51b116f06025eab8","reportUrl":"https://Simeon-Zografov.github.io/test-repo/6//#testresult/51b116f06025eab8","status":"broken","statusDetails":"selenium.common.exceptions.NoSuchDriverException: Message: Unable to locate or obtain driver for chrome; For documentation on this error, please visit: https://www.selenium.dev/documentation/webdriver/troubleshooting/errors/driver_location","time":{"start":1728032577864,"stop":1728032577864,"duration":0}},{"uid":"8149101958f1f932","reportUrl":"https://Simeon-Zografov.github.io/test-repo/5//#testresult/8149101958f1f932","status":"broken","statusDetails":"selenium.common.exceptions.NoSuchDriverException: Message: Unable to locate or obtain driver for chrome; For documentation on this error, please visit: https://www.selenium.dev/documentation/webdriver/troubleshooting/errors/driver_location","time":{"start":1728032209840,"stop":1728032209840,"duration":0}},{"uid":"86737662a3f135af","reportUrl":"https://Simeon-Zografov.github.io/test-repo/4//#testresult/86737662a3f135af","status":"broken","statusDetails":"selenium.common.exceptions.NoSuchDriverException: Message: Unable to locate or obtain driver for chrome; For documentation on this error, please visit: https://www.selenium.dev/documentation/webdriver/troubleshooting/errors/driver_location","time":{"start":1728031936415,"stop":1728031936415,"duration":0}},{"uid":"e9d785f893658d2","reportUrl":"https://Simeon-Zografov.github.io/test-repo/3//#testresult/e9d785f893658d2","status":"broken","statusDetails":"selenium.common.exceptions.NoSuchDriverException: Message: Unable to locate or obtain driver for chrome; For documentation on this error, please visit: https://www.selenium.dev/documentation/webdriver/troubleshooting/errors/driver_location","time":{"start":1728031264584,"stop":1728031264584,"duration":0}},{"uid":"5a4d56ee4032d13f","reportUrl":"https://Simeon-Zografov.github.io/test-repo/2//#testresult/5a4d56ee4032d13f","status":"broken","statusDetails":"OSError: [Errno 8] Exec format error: '/home/runner/.wdm/drivers/chromedriver/linux64/129.0.6668.89/chromedriver-linux64/THIRD_PARTY_NOTICES.chromedriver'","time":{"start":1728030489950,"stop":1728030489950,"duration":0}},{"uid":"3b9ec32f59077009","status":"failed","statusDetails":"AssertionError: assert 6 == 0\n +  where 6 = len([{'description': 'Ensures each page has at least one mechanism for a user to bypass navigation and jump straight to th... by landmarks', 'helpUrl': 'https://dequeuniversity.com/rules/axe/3.1/region?application=axeAPI', 'id': 'region', ...}])","time":{"start":1728024513434,"stop":1728024523769,"duration":10335}}]},"tags":[]},"source":"4cb4c8475d78b2ea.json","parameterValues":["'Chrome'"]}