{"uid":"dc2236b1da320a45","name":"Twitter link","fullName":"Tests.test_SocialMediaLinks.TestLogin#test_1","historyId":"101d61ff090e1c199fa44f306a2af274","time":{"start":1728035902914,"stop":1728035935080,"duration":32166},"status":"broken","statusMessage":"selenium.common.exceptions.TimeoutException: Message: \nStacktrace:\n#0 0x5646cc4d613a <unknown>\n#1 0x5646cc1bc5e0 <unknown>\n#2 0x5646cc20bbe8 <unknown>\n#3 0x5646cc20be81 <unknown>\n#4 0x5646cc2528c4 <unknown>\n#5 0x5646cc230b4d <unknown>\n#6 0x5646cc24fd7d <unknown>\n#7 0x5646cc2308c3 <unknown>\n#8 0x5646cc1fe6b3 <unknown>\n#9 0x5646cc1ff68e <unknown>\n#10 0x5646cc4a0b3b <unknown>\n#11 0x5646cc4a4ac1 <unknown>\n#12 0x5646cc48d335 <unknown>\n#13 0x5646cc4a5642 <unknown>\n#14 0x5646cc47249f <unknown>\n#15 0x5646cc4c5038 <unknown>\n#16 0x5646cc4c5203 <unknown>\n#17 0x5646cc4d4f8c <unknown>\n#18 0x7f3dc129ca94 <unknown>\n#19 0x7f3dc1329c3c <unknown>","statusTrace":"self = <Tests.test_SocialMediaLinks.TestLogin object at 0x7fccc8c35890>\ndriver = <selenium.webdriver.chrome.webdriver.WebDriver (session=\"5b9f6c4e22234f532bedd1c03e025ff8\")>\n\n    @severity(severity_level.NORMAL)\n    @allure.feature('Social Media Links')\n    @allure.title('Twitter link')\n    def test_1(self, driver):\n        landing_page_obj = LandingPage(driver)\n        home_page_obj = HomePage(driver)\n        driver.get(BaseClass.url)\n        landing_page_obj.complete_login(BaseClass.username, BaseClass.password)\n        home_page_obj.click_twitter_button()\n        with check, allure.step(\"Check twitter heather tex\"):\n            driver.switch_to.window(driver.window_handles[1])\n>           assert home_page_obj.get_twitter_heather_text() == \"Sauce Labs\"\n\nTests/test_SocialMediaLinks.py:25: \n_ _ _ _ _ _ _ _ _ _ _ _ _ _ _ _ _ _ _ _ _ _ _ _ _ _ _ _ _ _ _ _ _ _ _ _ _ _ _ _ \nPages/HomePage.py:43: in get_twitter_heather_text\n    twitter_heather = wait.until(\n_ _ _ _ _ _ _ _ _ _ _ _ _ _ _ _ _ _ _ _ _ _ _ _ _ _ _ _ _ _ _ _ _ _ _ _ _ _ _ _ \n\nself = <selenium.webdriver.support.wait.WebDriverWait (session=\"5b9f6c4e22234f532bedd1c03e025ff8\")>\nmethod = <function visibility_of_element_located.<locals>._predicate at 0x7fccc8af4360>\nmessage = ''\n\n    def until(self, method: Callable[[D], Union[Literal[False], T]], message: str = \"\") -> T:\n        \"\"\"Calls the method provided with the driver as an argument until the \\\n        return value does not evaluate to ``False``.\n    \n        :param method: callable(WebDriver)\n        :param message: optional message for :exc:`TimeoutException`\n        :returns: the result of the last call to `method`\n        :raises: :exc:`selenium.common.exceptions.TimeoutException` if timeout occurs\n        \"\"\"\n        screen = None\n        stacktrace = None\n    \n        end_time = time.monotonic() + self._timeout\n        while True:\n            try:\n                value = method(self._driver)\n                if value:\n                    return value\n            except self._ignored_exceptions as exc:\n                screen = getattr(exc, \"screen\", None)\n                stacktrace = getattr(exc, \"stacktrace\", None)\n            time.sleep(self._poll)\n            if time.monotonic() > end_time:\n                break\n>       raise TimeoutException(message, screen, stacktrace)\nE       selenium.common.exceptions.TimeoutException: Message: \nE       Stacktrace:\nE       #0 0x5646cc4d613a <unknown>\nE       #1 0x5646cc1bc5e0 <unknown>\nE       #2 0x5646cc20bbe8 <unknown>\nE       #3 0x5646cc20be81 <unknown>\nE       #4 0x5646cc2528c4 <unknown>\nE       #5 0x5646cc230b4d <unknown>\nE       #6 0x5646cc24fd7d <unknown>\nE       #7 0x5646cc2308c3 <unknown>\nE       #8 0x5646cc1fe6b3 <unknown>\nE       #9 0x5646cc1ff68e <unknown>\nE       #10 0x5646cc4a0b3b <unknown>\nE       #11 0x5646cc4a4ac1 <unknown>\nE       #12 0x5646cc48d335 <unknown>\nE       #13 0x5646cc4a5642 <unknown>\nE       #14 0x5646cc47249f <unknown>\nE       #15 0x5646cc4c5038 <unknown>\nE       #16 0x5646cc4c5203 <unknown>\nE       #17 0x5646cc4d4f8c <unknown>\nE       #18 0x7f3dc129ca94 <unknown>\nE       #19 0x7f3dc1329c3c <unknown>\n\n/opt/hostedtoolcache/Python/3.11.10/x64/lib/python3.11/site-packages/selenium/webdriver/support/wait.py:105: TimeoutException","flaky":false,"newFailed":false,"newBroken":false,"newPassed":false,"retriesCount":0,"retriesStatusChange":false,"beforeStages":[{"name":"setup_reporting_directories","time":{"start":1728035895226,"stop":1728035895229,"duration":3},"status":"passed","steps":[],"attachments":[],"parameters":[],"shouldDisplayMessage":false,"stepsCount":0,"attachmentsCount":0,"hasContent":false,"attachmentStep":false},{"name":"driver","time":{"start":1728035902685,"stop":1728035902913,"duration":228},"status":"passed","steps":[],"attachments":[],"parameters":[],"shouldDisplayMessage":false,"stepsCount":0,"attachmentsCount":0,"hasContent":false,"attachmentStep":false}],"testStage":{"status":"broken","statusMessage":"selenium.common.exceptions.TimeoutException: Message: \nStacktrace:\n#0 0x5646cc4d613a <unknown>\n#1 0x5646cc1bc5e0 <unknown>\n#2 0x5646cc20bbe8 <unknown>\n#3 0x5646cc20be81 <unknown>\n#4 0x5646cc2528c4 <unknown>\n#5 0x5646cc230b4d <unknown>\n#6 0x5646cc24fd7d <unknown>\n#7 0x5646cc2308c3 <unknown>\n#8 0x5646cc1fe6b3 <unknown>\n#9 0x5646cc1ff68e <unknown>\n#10 0x5646cc4a0b3b <unknown>\n#11 0x5646cc4a4ac1 <unknown>\n#12 0x5646cc48d335 <unknown>\n#13 0x5646cc4a5642 <unknown>\n#14 0x5646cc47249f <unknown>\n#15 0x5646cc4c5038 <unknown>\n#16 0x5646cc4c5203 <unknown>\n#17 0x5646cc4d4f8c <unknown>\n#18 0x7f3dc129ca94 <unknown>\n#19 0x7f3dc1329c3c <unknown>","statusTrace":"self = <Tests.test_SocialMediaLinks.TestLogin object at 0x7fccc8c35890>\ndriver = <selenium.webdriver.chrome.webdriver.WebDriver (session=\"5b9f6c4e22234f532bedd1c03e025ff8\")>\n\n    @severity(severity_level.NORMAL)\n    @allure.feature('Social Media Links')\n    @allure.title('Twitter link')\n    def test_1(self, driver):\n        landing_page_obj = LandingPage(driver)\n        home_page_obj = HomePage(driver)\n        driver.get(BaseClass.url)\n        landing_page_obj.complete_login(BaseClass.username, BaseClass.password)\n        home_page_obj.click_twitter_button()\n        with check, allure.step(\"Check twitter heather tex\"):\n            driver.switch_to.window(driver.window_handles[1])\n>           assert home_page_obj.get_twitter_heather_text() == \"Sauce Labs\"\n\nTests/test_SocialMediaLinks.py:25: \n_ _ _ _ _ _ _ _ _ _ _ _ _ _ _ _ _ _ _ _ _ _ _ _ _ _ _ _ _ _ _ _ _ _ _ _ _ _ _ _ \nPages/HomePage.py:43: in get_twitter_heather_text\n    twitter_heather = wait.until(\n_ _ _ _ _ _ _ _ _ _ _ _ _ _ _ _ _ _ _ _ _ _ _ _ _ _ _ _ _ _ _ _ _ _ _ _ _ _ _ _ \n\nself = <selenium.webdriver.support.wait.WebDriverWait (session=\"5b9f6c4e22234f532bedd1c03e025ff8\")>\nmethod = <function visibility_of_element_located.<locals>._predicate at 0x7fccc8af4360>\nmessage = ''\n\n    def until(self, method: Callable[[D], Union[Literal[False], T]], message: str = \"\") -> T:\n        \"\"\"Calls the method provided with the driver as an argument until the \\\n        return value does not evaluate to ``False``.\n    \n        :param method: callable(WebDriver)\n        :param message: optional message for :exc:`TimeoutException`\n        :returns: the result of the last call to `method`\n        :raises: :exc:`selenium.common.exceptions.TimeoutException` if timeout occurs\n        \"\"\"\n        screen = None\n        stacktrace = None\n    \n        end_time = time.monotonic() + self._timeout\n        while True:\n            try:\n                value = method(self._driver)\n                if value:\n                    return value\n            except self._ignored_exceptions as exc:\n                screen = getattr(exc, \"screen\", None)\n                stacktrace = getattr(exc, \"stacktrace\", None)\n            time.sleep(self._poll)\n            if time.monotonic() > end_time:\n                break\n>       raise TimeoutException(message, screen, stacktrace)\nE       selenium.common.exceptions.TimeoutException: Message: \nE       Stacktrace:\nE       #0 0x5646cc4d613a <unknown>\nE       #1 0x5646cc1bc5e0 <unknown>\nE       #2 0x5646cc20bbe8 <unknown>\nE       #3 0x5646cc20be81 <unknown>\nE       #4 0x5646cc2528c4 <unknown>\nE       #5 0x5646cc230b4d <unknown>\nE       #6 0x5646cc24fd7d <unknown>\nE       #7 0x5646cc2308c3 <unknown>\nE       #8 0x5646cc1fe6b3 <unknown>\nE       #9 0x5646cc1ff68e <unknown>\nE       #10 0x5646cc4a0b3b <unknown>\nE       #11 0x5646cc4a4ac1 <unknown>\nE       #12 0x5646cc48d335 <unknown>\nE       #13 0x5646cc4a5642 <unknown>\nE       #14 0x5646cc47249f <unknown>\nE       #15 0x5646cc4c5038 <unknown>\nE       #16 0x5646cc4c5203 <unknown>\nE       #17 0x5646cc4d4f8c <unknown>\nE       #18 0x7f3dc129ca94 <unknown>\nE       #19 0x7f3dc1329c3c <unknown>\n\n/opt/hostedtoolcache/Python/3.11.10/x64/lib/python3.11/site-packages/selenium/webdriver/support/wait.py:105: TimeoutException","steps":[{"name":"Check twitter heather tex","time":{"start":1728035903354,"stop":1728035935079,"duration":31725},"status":"broken","statusMessage":"selenium.common.exceptions.TimeoutException: Message: \nStacktrace:\n#0 0x5646cc4d613a <unknown>\n#1 0x5646cc1bc5e0 <unknown>\n#2 0x5646cc20bbe8 <unknown>\n#3 0x5646cc20be81 <unknown>\n#4 0x5646cc2528c4 <unknown>\n#5 0x5646cc230b4d <unknown>\n#6 0x5646cc24fd7d <unknown>\n#7 0x5646cc2308c3 <unknown>\n#8 0x5646cc1fe6b3 <unknown>\n#9 0x5646cc1ff68e <unknown>\n#10 0x5646cc4a0b3b <unknown>\n#11 0x5646cc4a4ac1 <unknown>\n#12 0x5646cc48d335 <unknown>\n#13 0x5646cc4a5642 <unknown>\n#14 0x5646cc47249f <unknown>\n#15 0x5646cc4c5038 <unknown>\n#16 0x5646cc4c5203 <unknown>\n#17 0x5646cc4d4f8c <unknown>\n#18 0x7f3dc129ca94 <unknown>\n#19 0x7f3dc1329c3c <unknown>\n\n","statusTrace":"  File \"/home/runner/work/test-repo/test-repo/Tests/test_SocialMediaLinks.py\", line 25, in test_1\n    assert home_page_obj.get_twitter_heather_text() == \"Sauce Labs\"\n  File \"/home/runner/work/test-repo/test-repo/Pages/HomePage.py\", line 43, in get_twitter_heather_text\n    twitter_heather = wait.until(\n                      ^^^^^^^^^^^\n  File \"/opt/hostedtoolcache/Python/3.11.10/x64/lib/python3.11/site-packages/selenium/webdriver/support/wait.py\", line 105, in until\n    raise TimeoutException(message, screen, stacktrace)\n","steps":[],"attachments":[],"parameters":[],"shouldDisplayMessage":true,"stepsCount":0,"attachmentsCount":0,"hasContent":true,"attachmentStep":false}],"attachments":[],"parameters":[],"shouldDisplayMessage":true,"stepsCount":1,"attachmentsCount":0,"hasContent":true,"attachmentStep":false},"afterStages":[{"name":"driver::0","time":{"start":1728035947099,"stop":1728035947197,"duration":98},"status":"passed","steps":[],"attachments":[],"parameters":[],"shouldDisplayMessage":false,"stepsCount":0,"attachmentsCount":0,"hasContent":false,"attachmentStep":false}],"labels":[{"name":"feature","value":"Social Media Links"},{"name":"severity","value":"normal"},{"name":"parentSuite","value":"Tests"},{"name":"suite","value":"test_SocialMediaLinks"},{"name":"subSuite","value":"TestLogin"},{"name":"host","value":"fv-az1046-0"},{"name":"thread","value":"2336-MainThread"},{"name":"framework","value":"pytest"},{"name":"language","value":"cpython3"},{"name":"package","value":"Tests.test_SocialMediaLinks"},{"name":"resultFormat","value":"allure2"}],"parameters":[{"name":"driver","value":"''"}],"links":[],"hidden":false,"retry":false,"extra":{"severity":"normal","retries":[],"categories":[{"name":"Test defects","matchedStatuses":[],"flaky":false}],"history":{"statistic":{"failed":0,"broken":3,"skipped":0,"passed":0,"unknown":0,"total":3},"items":[{"uid":"b5be067b747c2bd4","reportUrl":"https://Simeon-Zografov.github.io/test-repo/12//#testresult/b5be067b747c2bd4","status":"broken","statusDetails":"selenium.common.exceptions.TimeoutException: Message: \nStacktrace:\n#0 0x55857b90c13a <unknown>\n#1 0x55857b5f25e0 <unknown>\n#2 0x55857b641be8 <unknown>\n#3 0x55857b641e81 <unknown>\n#4 0x55857b6888c4 <unknown>\n#5 0x55857b666b4d <unknown>\n#6 0x55857b685d7d <unknown>\n#7 0x55857b6668c3 <unknown>\n#8 0x55857b6346b3 <unknown>\n#9 0x55857b63568e <unknown>\n#10 0x55857b8d6b3b <unknown>\n#11 0x55857b8daac1 <unknown>\n#12 0x55857b8c3335 <unknown>\n#13 0x55857b8db642 <unknown>\n#14 0x55857b8a849f <unknown>\n#15 0x55857b8fb038 <unknown>\n#16 0x55857b8fb203 <unknown>\n#17 0x55857b90af8c <unknown>\n#18 0x7fe27ac9ca94 <unknown>\n#19 0x7fe27ad29c3c <unknown>","time":{"start":1728035652646,"stop":1728035684903,"duration":32257}},{"uid":"8e4e9218d8764f1","reportUrl":"https://Simeon-Zografov.github.io/test-repo/11//#testresult/8e4e9218d8764f1","status":"broken","statusDetails":"selenium.common.exceptions.TimeoutException: Message: \nStacktrace:\n#0 0x559cae57513a <unknown>\n#1 0x559cae25b5e0 <unknown>\n#2 0x559cae2aabe8 <unknown>\n#3 0x559cae2aae81 <unknown>\n#4 0x559cae2f18c4 <unknown>\n#5 0x559cae2cfb4d <unknown>\n#6 0x559cae2eed7d <unknown>\n#7 0x559cae2cf8c3 <unknown>\n#8 0x559cae29d6b3 <unknown>\n#9 0x559cae29e68e <unknown>\n#10 0x559cae53fb3b <unknown>\n#11 0x559cae543ac1 <unknown>\n#12 0x559cae52c335 <unknown>\n#13 0x559cae544642 <unknown>\n#14 0x559cae51149f <unknown>\n#15 0x559cae564038 <unknown>\n#16 0x559cae564203 <unknown>\n#17 0x559cae573f8c <unknown>\n#18 0x7fa620a9ca94 <unknown>\n#19 0x7fa620b29c3c <unknown>","time":{"start":1728035273088,"stop":1728035305437,"duration":32349}}]},"tags":[]},"source":"dc2236b1da320a45.json","parameterValues":["''"]}