{"uid":"e4ec9c393d67b86a","name":"Manually open new tab","fullName":"Tests.test_SocialMediaLinks.TestLogin#test_2","historyId":"4422df44c4acf0e782ea966d0fd7f232","time":{"start":1728035935086,"stop":1728035945138,"duration":10052},"status":"broken","statusMessage":"selenium.common.exceptions.NoSuchElementException: Message: no such element: Unable to locate element: {\"method\":\"xpath\",\"selector\":\"//li[@class='social_twitter']/a\"}\n  (Session info: chrome=129.0.6668.58); For documentation on this error, please visit: https://www.selenium.dev/documentation/webdriver/troubleshooting/errors#no-such-element-exception\nStacktrace:\n#0 0x5646cc4d613a <unknown>\n#1 0x5646cc1bc5e0 <unknown>\n#2 0x5646cc20bbe8 <unknown>\n#3 0x5646cc20be81 <unknown>\n#4 0x5646cc2528c4 <unknown>\n#5 0x5646cc230b4d <unknown>\n#6 0x5646cc24fd7d <unknown>\n#7 0x5646cc2308c3 <unknown>\n#8 0x5646cc1fe6b3 <unknown>\n#9 0x5646cc1ff68e <unknown>\n#10 0x5646cc4a0b3b <unknown>\n#11 0x5646cc4a4ac1 <unknown>\n#12 0x5646cc48d335 <unknown>\n#13 0x5646cc4a5642 <unknown>\n#14 0x5646cc47249f <unknown>\n#15 0x5646cc4c5038 <unknown>\n#16 0x5646cc4c5203 <unknown>\n#17 0x5646cc4d4f8c <unknown>\n#18 0x7f3dc129ca94 <unknown>\n#19 0x7f3dc1329c3c <unknown>","statusTrace":"self = <Tests.test_SocialMediaLinks.TestLogin object at 0x7fccc8bb55d0>\ndriver = <selenium.webdriver.chrome.webdriver.WebDriver (session=\"5b9f6c4e22234f532bedd1c03e025ff8\")>\n\n    @severity(severity_level.NORMAL)\n    @allure.feature('Social Media Links')\n    @allure.title('Manually open new tab')\n    def test_2(self, driver):\n        home_page_obj = HomePage(driver)\n>       twitter_url = home_page_obj.get_twitter_button_url()\n\nTests/test_SocialMediaLinks.py:34: \n_ _ _ _ _ _ _ _ _ _ _ _ _ _ _ _ _ _ _ _ _ _ _ _ _ _ _ _ _ _ _ _ _ _ _ _ _ _ _ _ \nPages/HomePage.py:48: in get_twitter_button_url\n    return self.driver.find_element(*self.twitter_button).get_attribute(\"href\")\n/opt/hostedtoolcache/Python/3.11.10/x64/lib/python3.11/site-packages/selenium/webdriver/remote/webdriver.py:741: in find_element\n    return self.execute(Command.FIND_ELEMENT, {\"using\": by, \"value\": value})[\"value\"]\n/opt/hostedtoolcache/Python/3.11.10/x64/lib/python3.11/site-packages/selenium/webdriver/remote/webdriver.py:347: in execute\n    self.error_handler.check_response(response)\n_ _ _ _ _ _ _ _ _ _ _ _ _ _ _ _ _ _ _ _ _ _ _ _ _ _ _ _ _ _ _ _ _ _ _ _ _ _ _ _ \n\nself = <selenium.webdriver.remote.errorhandler.ErrorHandler object at 0x7fccc8633650>\nresponse = {'status': 404, 'value': '{\"value\":{\"error\":\"no such element\",\"message\":\"no such element: Unable to locate element: {\\...\\\\n#17 0x5646cc4d4f8c \\\\u003Cunknown>\\\\n#18 0x7f3dc129ca94 \\\\u003Cunknown>\\\\n#19 0x7f3dc1329c3c \\\\u003Cunknown>\\\\n\"}}'}\n\n    def check_response(self, response: Dict[str, Any]) -> None:\n        \"\"\"Checks that a JSON response from the WebDriver does not have an\n        error.\n    \n        :Args:\n         - response - The JSON response from the WebDriver server as a dictionary\n           object.\n    \n        :Raises: If the response contains an error message.\n        \"\"\"\n        status = response.get(\"status\", None)\n        if not status or status == ErrorCode.SUCCESS:\n            return\n        value = None\n        message = response.get(\"message\", \"\")\n        screen: str = response.get(\"screen\", \"\")\n        stacktrace = None\n        if isinstance(status, int):\n            value_json = response.get(\"value\", None)\n            if value_json and isinstance(value_json, str):\n                import json\n    \n                try:\n                    value = json.loads(value_json)\n                    if len(value) == 1:\n                        value = value[\"value\"]\n                    status = value.get(\"error\", None)\n                    if not status:\n                        status = value.get(\"status\", ErrorCode.UNKNOWN_ERROR)\n                        message = value.get(\"value\") or value.get(\"message\")\n                        if not isinstance(message, str):\n                            value = message\n                            message = message.get(\"message\")\n                    else:\n                        message = value.get(\"message\", None)\n                except ValueError:\n                    pass\n    \n        exception_class: Type[WebDriverException]\n        e = ErrorCode()\n        error_codes = [item for item in dir(e) if not item.startswith(\"__\")]\n        for error_code in error_codes:\n            error_info = getattr(ErrorCode, error_code)\n            if isinstance(error_info, list) and status in error_info:\n                exception_class = getattr(ExceptionMapping, error_code, WebDriverException)\n                break\n        else:\n            exception_class = WebDriverException\n    \n        if not value:\n            value = response[\"value\"]\n        if isinstance(value, str):\n            raise exception_class(value)\n        if message == \"\" and \"message\" in value:\n            message = value[\"message\"]\n    \n        screen = None  # type: ignore[assignment]\n        if \"screen\" in value:\n            screen = value[\"screen\"]\n    \n        stacktrace = None\n        st_value = value.get(\"stackTrace\") or value.get(\"stacktrace\")\n        if st_value:\n            if isinstance(st_value, str):\n                stacktrace = st_value.split(\"\\n\")\n            else:\n                stacktrace = []\n                try:\n                    for frame in st_value:\n                        line = frame.get(\"lineNumber\", \"\")\n                        file = frame.get(\"fileName\", \"<anonymous>\")\n                        if line:\n                            file = f\"{file}:{line}\"\n                        meth = frame.get(\"methodName\", \"<anonymous>\")\n                        if \"className\" in frame:\n                            meth = f\"{frame['className']}.{meth}\"\n                        msg = \"    at %s (%s)\"\n                        msg = msg % (meth, file)\n                        stacktrace.append(msg)\n                except TypeError:\n                    pass\n        if exception_class == UnexpectedAlertPresentException:\n            alert_text = None\n            if \"data\" in value:\n                alert_text = value[\"data\"].get(\"text\")\n            elif \"alert\" in value:\n                alert_text = value[\"alert\"].get(\"text\")\n            raise exception_class(message, screen, stacktrace, alert_text)  # type: ignore[call-arg]  # mypy is not smart enough here\n>       raise exception_class(message, screen, stacktrace)\nE       selenium.common.exceptions.NoSuchElementException: Message: no such element: Unable to locate element: {\"method\":\"xpath\",\"selector\":\"//li[@class='social_twitter']/a\"}\nE         (Session info: chrome=129.0.6668.58); For documentation on this error, please visit: https://www.selenium.dev/documentation/webdriver/troubleshooting/errors#no-such-element-exception\nE       Stacktrace:\nE       #0 0x5646cc4d613a <unknown>\nE       #1 0x5646cc1bc5e0 <unknown>\nE       #2 0x5646cc20bbe8 <unknown>\nE       #3 0x5646cc20be81 <unknown>\nE       #4 0x5646cc2528c4 <unknown>\nE       #5 0x5646cc230b4d <unknown>\nE       #6 0x5646cc24fd7d <unknown>\nE       #7 0x5646cc2308c3 <unknown>\nE       #8 0x5646cc1fe6b3 <unknown>\nE       #9 0x5646cc1ff68e <unknown>\nE       #10 0x5646cc4a0b3b <unknown>\nE       #11 0x5646cc4a4ac1 <unknown>\nE       #12 0x5646cc48d335 <unknown>\nE       #13 0x5646cc4a5642 <unknown>\nE       #14 0x5646cc47249f <unknown>\nE       #15 0x5646cc4c5038 <unknown>\nE       #16 0x5646cc4c5203 <unknown>\nE       #17 0x5646cc4d4f8c <unknown>\nE       #18 0x7f3dc129ca94 <unknown>\nE       #19 0x7f3dc1329c3c <unknown>\n\n/opt/hostedtoolcache/Python/3.11.10/x64/lib/python3.11/site-packages/selenium/webdriver/remote/errorhandler.py:229: NoSuchElementException","flaky":false,"newFailed":false,"newBroken":false,"newPassed":false,"retriesCount":0,"retriesStatusChange":false,"beforeStages":[{"name":"setup_reporting_directories","time":{"start":1728035895226,"stop":1728035895229,"duration":3},"status":"passed","steps":[],"attachments":[],"parameters":[],"shouldDisplayMessage":false,"stepsCount":0,"attachmentsCount":0,"hasContent":false,"attachmentStep":false},{"name":"driver","time":{"start":1728035902685,"stop":1728035902913,"duration":228},"status":"passed","steps":[],"attachments":[],"parameters":[],"shouldDisplayMessage":false,"stepsCount":0,"attachmentsCount":0,"hasContent":false,"attachmentStep":false}],"afterStages":[{"name":"driver::0","time":{"start":1728035947099,"stop":1728035947197,"duration":98},"status":"passed","steps":[],"attachments":[],"parameters":[],"shouldDisplayMessage":false,"stepsCount":0,"attachmentsCount":0,"hasContent":false,"attachmentStep":false}],"labels":[{"name":"feature","value":"Social Media Links"},{"name":"severity","value":"normal"},{"name":"parentSuite","value":"Tests"},{"name":"suite","value":"test_SocialMediaLinks"},{"name":"subSuite","value":"TestLogin"},{"name":"host","value":"fv-az1046-0"},{"name":"thread","value":"2336-MainThread"},{"name":"framework","value":"pytest"},{"name":"language","value":"cpython3"},{"name":"package","value":"Tests.test_SocialMediaLinks"},{"name":"resultFormat","value":"allure2"}],"parameters":[{"name":"driver","value":"''"}],"links":[],"hidden":false,"retry":false,"extra":{"severity":"normal","retries":[],"categories":[{"name":"Test defects","matchedStatuses":[],"flaky":false}],"history":{"statistic":{"failed":0,"broken":3,"skipped":0,"passed":0,"unknown":0,"total":3},"items":[{"uid":"2a934de8d25ebcd6","reportUrl":"https://Simeon-Zografov.github.io/test-repo/12//#testresult/2a934de8d25ebcd6","status":"broken","statusDetails":"selenium.common.exceptions.NoSuchElementException: Message: no such element: Unable to locate element: {\"method\":\"xpath\",\"selector\":\"//li[@class='social_twitter']/a\"}\n  (Session info: chrome=129.0.6668.58); For documentation on this error, please visit: https://www.selenium.dev/documentation/webdriver/troubleshooting/errors#no-such-element-exception\nStacktrace:\n#0 0x55857b90c13a <unknown>\n#1 0x55857b5f25e0 <unknown>\n#2 0x55857b641be8 <unknown>\n#3 0x55857b641e81 <unknown>\n#4 0x55857b6888c4 <unknown>\n#5 0x55857b666b4d <unknown>\n#6 0x55857b685d7d <unknown>\n#7 0x55857b6668c3 <unknown>\n#8 0x55857b6346b3 <unknown>\n#9 0x55857b63568e <unknown>\n#10 0x55857b8d6b3b <unknown>\n#11 0x55857b8daac1 <unknown>\n#12 0x55857b8c3335 <unknown>\n#13 0x55857b8db642 <unknown>\n#14 0x55857b8a849f <unknown>\n#15 0x55857b8fb038 <unknown>\n#16 0x55857b8fb203 <unknown>\n#17 0x55857b90af8c <unknown>\n#18 0x7fe27ac9ca94 <unknown>\n#19 0x7fe27ad29c3c <unknown>","time":{"start":1728035684909,"stop":1728035694959,"duration":10050}},{"uid":"6dc2781d1e8b72cd","reportUrl":"https://Simeon-Zografov.github.io/test-repo/11//#testresult/6dc2781d1e8b72cd","status":"broken","statusDetails":"selenium.common.exceptions.NoSuchElementException: Message: no such element: Unable to locate element: {\"method\":\"xpath\",\"selector\":\"//li[@class='social_twitter']/a\"}\n  (Session info: chrome=129.0.6668.58); For documentation on this error, please visit: https://www.selenium.dev/documentation/webdriver/troubleshooting/errors#no-such-element-exception\nStacktrace:\n#0 0x559cae57513a <unknown>\n#1 0x559cae25b5e0 <unknown>\n#2 0x559cae2aabe8 <unknown>\n#3 0x559cae2aae81 <unknown>\n#4 0x559cae2f18c4 <unknown>\n#5 0x559cae2cfb4d <unknown>\n#6 0x559cae2eed7d <unknown>\n#7 0x559cae2cf8c3 <unknown>\n#8 0x559cae29d6b3 <unknown>\n#9 0x559cae29e68e <unknown>\n#10 0x559cae53fb3b <unknown>\n#11 0x559cae543ac1 <unknown>\n#12 0x559cae52c335 <unknown>\n#13 0x559cae544642 <unknown>\n#14 0x559cae51149f <unknown>\n#15 0x559cae564038 <unknown>\n#16 0x559cae564203 <unknown>\n#17 0x559cae573f8c <unknown>\n#18 0x7fa620a9ca94 <unknown>\n#19 0x7fa620b29c3c <unknown>","time":{"start":1728035305443,"stop":1728035315468,"duration":10025}}]},"tags":[]},"source":"e4ec9c393d67b86a.json","parameterValues":["''"]}