{"uid":"a54b737bb504e1d6","name":"Manually open new tab","fullName":"Tests.test_SocialMediaLinks.TestLogin#test_2","historyId":"f050d45845ad5be5eb6daa72e6bc38ca","time":{"start":1728031304054,"stop":1728031304054,"duration":0},"status":"broken","statusMessage":"selenium.common.exceptions.NoSuchDriverException: Message: Unable to locate or obtain driver for chrome; For documentation on this error, please visit: https://www.selenium.dev/documentation/webdriver/troubleshooting/errors/driver_location","statusTrace":"self = <Tests.test_SocialMediaLinks.TestLogin object at 0x7f5c8e266350>\nrequest = <SubRequest 'driver' for <Function test_1[Chrome]>>\n\n    @pytest.fixture(scope=\"class\")\n    def driver(self, request):\n        browser = request.param\n    \n        project_folder = os.path.dirname(os.path.dirname(os.path.abspath(__file__)))\n    \n        is_ci = os.getenv('CI') == 'true'\n        if is_ci:\n            if browser == \"Edge\":\n                # Set up Edge options\n                options = EdgeOptions()\n                options.add_argument(\"--headless\")\n                options.add_argument(\"--disable-gpu\")\n                options.add_argument(\"--window-size=1920,1080\")\n                options.add_argument(\"--no-sandbox\")\n                options.add_argument(\"--disable-dev-shm-usage\")\n                options.add_argument(\"--disable-extensions\")\n                options.add_argument(\"--disable-infobars\")\n                serv = EdgeService(EdgeChromiumDriverManager().install())\n                driver = webdriver.Edge(service=serv, options=options)\n            else:\n                chrome_service = ChromeService(executable_path='/usr/local/share/chrome_driver')\n    \n                options = ChromeOptions()\n                options.add_argument(\"--headless\")\n                options.add_argument(\"--disable-gpu\")\n                options.add_argument(\"--window-size=1920,1080\")\n                options.add_argument(\"--no-sandbox\")\n                options.add_argument(\"--disable-dev-shm-usage\")\n                options.add_argument(\"--disable-extensions\")\n                options.add_argument(\"--disable-infobars\")\n                serv = ChromeService(ChromeDriverManager().install())\n>               driver = webdriver.Chrome(service=chrome_service, options=options)\n\nCommon/BaseClass.py:66: \n_ _ _ _ _ _ _ _ _ _ _ _ _ _ _ _ _ _ _ _ _ _ _ _ _ _ _ _ _ _ _ _ _ _ _ _ _ _ _ _ \n/opt/hostedtoolcache/Python/3.11.10/x64/lib/python3.11/site-packages/selenium/webdriver/chrome/webdriver.py:45: in __init__\n    super().__init__(\n/opt/hostedtoolcache/Python/3.11.10/x64/lib/python3.11/site-packages/selenium/webdriver/chromium/webdriver.py:49: in __init__\n    self.service.path = DriverFinder.get_path(self.service, options)\n_ _ _ _ _ _ _ _ _ _ _ _ _ _ _ _ _ _ _ _ _ _ _ _ _ _ _ _ _ _ _ _ _ _ _ _ _ _ _ _ \n\nservice = <selenium.webdriver.chrome.service.Service object at 0x7f5c8d021110>\noptions = <selenium.webdriver.chrome.options.Options object at 0x7f5c8d021510>\n\n    @staticmethod\n    def get_path(service: Service, options: BaseOptions) -> str:\n        path = service.path\n        try:\n            path = SeleniumManager().driver_location(options) if path is None else path\n        except Exception as err:\n            msg = f\"Unable to obtain driver for {options.capabilities['browserName']} using Selenium Manager.\"\n            raise NoSuchDriverException(msg) from err\n    \n        if path is None or not Path(path).is_file():\n>           raise NoSuchDriverException(f\"Unable to locate or obtain driver for {options.capabilities['browserName']}\")\nE           selenium.common.exceptions.NoSuchDriverException: Message: Unable to locate or obtain driver for chrome; For documentation on this error, please visit: https://www.selenium.dev/documentation/webdriver/troubleshooting/errors/driver_location\n\n/opt/hostedtoolcache/Python/3.11.10/x64/lib/python3.11/site-packages/selenium/webdriver/common/driver_finder.py:44: NoSuchDriverException","flaky":false,"newFailed":false,"newBroken":false,"newPassed":false,"retriesCount":0,"retriesStatusChange":false,"beforeStages":[{"name":"setup_reporting_directories","time":{"start":1728031263930,"stop":1728031263933,"duration":3},"status":"passed","steps":[],"attachments":[],"parameters":[],"shouldDisplayMessage":false,"stepsCount":0,"attachmentsCount":0,"hasContent":false,"attachmentStep":false},{"name":"driver","time":{"start":1728031303912,"stop":1728031304046,"duration":134},"status":"broken","statusMessage":"selenium.common.exceptions.NoSuchDriverException: Message: Unable to locate or obtain driver for chrome; For documentation on this error, please visit: https://www.selenium.dev/documentation/webdriver/troubleshooting/errors/driver_location\n\n","statusTrace":"  File \"/opt/hostedtoolcache/Python/3.11.10/x64/lib/python3.11/site-packages/pluggy/_callers.py\", line 166, in _multicall\n    teardown.throw(outcome._exception)\n  File \"/opt/hostedtoolcache/Python/3.11.10/x64/lib/python3.11/site-packages/_pytest/setuponly.py\", line 36, in pytest_fixture_setup\n    return (yield)\n            ^^^^^\n  File \"/opt/hostedtoolcache/Python/3.11.10/x64/lib/python3.11/site-packages/pluggy/_callers.py\", line 102, in _multicall\n    res = hook_impl.function(*args)\n          ^^^^^^^^^^^^^^^^^^^^^^^^^\n  File \"/opt/hostedtoolcache/Python/3.11.10/x64/lib/python3.11/site-packages/_pytest/fixtures.py\", line 1132, in pytest_fixture_setup\n    result = call_fixture_func(fixturefunc, request, kwargs)\n             ^^^^^^^^^^^^^^^^^^^^^^^^^^^^^^^^^^^^^^^^^^^^^^^\n  File \"/opt/hostedtoolcache/Python/3.11.10/x64/lib/python3.11/site-packages/_pytest/fixtures.py\", line 906, in call_fixture_func\n    fixture_result = next(generator)\n                     ^^^^^^^^^^^^^^^\n  File \"/home/runner/work/test-repo/test-repo/Common/BaseClass.py\", line 66, in driver\n    driver = webdriver.Chrome(service=chrome_service, options=options)\n             ^^^^^^^^^^^^^^^^^^^^^^^^^^^^^^^^^^^^^^^^^^^^^^^^^^^^^^^^^\n  File \"/opt/hostedtoolcache/Python/3.11.10/x64/lib/python3.11/site-packages/selenium/webdriver/chrome/webdriver.py\", line 45, in __init__\n    super().__init__(\n  File \"/opt/hostedtoolcache/Python/3.11.10/x64/lib/python3.11/site-packages/selenium/webdriver/chromium/webdriver.py\", line 49, in __init__\n    self.service.path = DriverFinder.get_path(self.service, options)\n                        ^^^^^^^^^^^^^^^^^^^^^^^^^^^^^^^^^^^^^^^^^^^^\n  File \"/opt/hostedtoolcache/Python/3.11.10/x64/lib/python3.11/site-packages/selenium/webdriver/common/driver_finder.py\", line 44, in get_path\n    raise NoSuchDriverException(f\"Unable to locate or obtain driver for {options.capabilities['browserName']}\")\n","steps":[],"attachments":[],"parameters":[],"shouldDisplayMessage":true,"stepsCount":0,"attachmentsCount":0,"hasContent":true,"attachmentStep":false}],"afterStages":[],"labels":[{"name":"severity","value":"normal"},{"name":"feature","value":"Social Media Links"},{"name":"parentSuite","value":"Tests"},{"name":"suite","value":"test_SocialMediaLinks"},{"name":"subSuite","value":"TestLogin"},{"name":"host","value":"fv-az1928-263"},{"name":"thread","value":"2344-MainThread"},{"name":"framework","value":"pytest"},{"name":"language","value":"cpython3"},{"name":"package","value":"Tests.test_SocialMediaLinks"},{"name":"resultFormat","value":"allure2"}],"parameters":[{"name":"driver","value":"'Chrome'"}],"links":[],"hidden":false,"retry":false,"extra":{"severity":"normal","retries":[],"categories":[{"name":"Test defects","matchedStatuses":[],"flaky":false}],"history":{"statistic":{"failed":0,"broken":3,"skipped":0,"passed":0,"unknown":0,"total":3},"items":[{"uid":"64c64b0effcd601d","reportUrl":"https://Simeon-Zografov.github.io/test-repo/2//#testresult/64c64b0effcd601d","status":"broken","statusDetails":"OSError: [Errno 8] Exec format error: '/home/runner/.wdm/drivers/chromedriver/linux64/129.0.6668.89/chromedriver-linux64/THIRD_PARTY_NOTICES.chromedriver'","time":{"start":1728030519830,"stop":1728030519830,"duration":0}},{"uid":"c8825aa0c30fcc3d","status":"broken","statusDetails":"selenium.common.exceptions.NoSuchElementException: Message: no such element: Unable to locate element: {\"method\":\"xpath\",\"selector\":\"//li[@class='social_twitter']/a\"}\n  (Session info: chrome=129.0.6668.90); For documentation on this error, please visit: https://www.selenium.dev/documentation/webdriver/troubleshooting/errors#no-such-element-exception\nStacktrace:\n0   chromedriver                        0x0000000102d7fd18 chromedriver + 4996376\n1   chromedriver                        0x0000000102d775da chromedriver + 4961754\n2   chromedriver                        0x000000010291ad10 chromedriver + 388368\n3   chromedriver                        0x000000010296730f chromedriver + 701199\n4   chromedriver                        0x00000001029673f1 chromedriver + 701425\n5   chromedriver                        0x00000001029ac464 chromedriver + 984164\n6   chromedriver                        0x000000010298b9dd chromedriver + 850397\n7   chromedriver                        0x00000001029a9a00 chromedriver + 973312\n8   chromedriver                        0x000000010298b753 chromedriver + 849747\n9   chromedriver                        0x000000010295a635 chromedriver + 648757\n10  chromedriver                        0x000000010295ae5e chromedriver + 650846\n11  chromedriver                        0x0000000102d46000 chromedriver + 4759552\n12  chromedriver                        0x0000000102d4af18 chromedriver + 4779800\n13  chromedriver                        0x0000000102d4b5e5 chromedriver + 4781541\n14  chromedriver                        0x0000000102d28aa9 chromedriver + 4639401\n15  chromedriver                        0x0000000102d4b8d9 chromedriver + 4782297\n16  chromedriver                        0x0000000102d1a044 chromedriver + 4579396\n17  chromedriver                        0x0000000102d67a08 chromedriver + 4897288\n18  chromedriver                        0x0000000102d67c03 chromedriver + 4897795\n19  chromedriver                        0x0000000102d771de chromedriver + 4960734\n20  libsystem_pthread.dylib             0x00007ff810f1418b _pthread_start + 99\n21  libsystem_pthread.dylib             0x00007ff810f0fae3 thread_start + 15","time":{"start":1728024636532,"stop":1728024648966,"duration":12434}}]},"tags":[]},"source":"a54b737bb504e1d6.json","parameterValues":["'Chrome'"]}