{"uid":"77310153c117926e","name":"Unsuccessful login","fullName":"Tests.test_Login.TestLogin#test_1","historyId":"b461054c34bef2ff4985443520df9a01","time":{"start":1728024565956,"stop":1728024566719,"duration":763},"status":"passed","flaky":false,"newFailed":false,"newBroken":false,"newPassed":false,"retriesCount":0,"retriesStatusChange":false,"beforeStages":[{"name":"setup_reporting_directories","time":{"start":1728024501288,"stop":1728024501301,"duration":13},"status":"passed","steps":[],"attachments":[],"parameters":[],"shouldDisplayMessage":false,"stepsCount":0,"attachmentsCount":0,"hasContent":false,"attachmentStep":false},{"name":"driver","time":{"start":1728024555909,"stop":1728024561061,"duration":5152},"status":"passed","steps":[],"attachments":[],"parameters":[],"shouldDisplayMessage":false,"stepsCount":0,"attachmentsCount":0,"hasContent":false,"attachmentStep":false}],"testStage":{"status":"passed","steps":[{"name":"Error message is visible","time":{"start":1728024566673,"stop":1728024566673,"duration":0},"status":"passed","steps":[],"attachments":[],"parameters":[],"shouldDisplayMessage":false,"stepsCount":0,"attachmentsCount":0,"hasContent":false,"attachmentStep":false}],"attachments":[],"parameters":[],"shouldDisplayMessage":false,"stepsCount":1,"attachmentsCount":0,"hasContent":true,"attachmentStep":false},"afterStages":[{"name":"driver::0","time":{"start":1728024569624,"stop":1728024569710,"duration":86},"status":"passed","steps":[],"attachments":[],"parameters":[],"shouldDisplayMessage":false,"stepsCount":0,"attachmentsCount":0,"hasContent":false,"attachmentStep":false}],"labels":[{"name":"feature","value":"Login"},{"name":"severity","value":"normal"},{"name":"parentSuite","value":"Tests"},{"name":"suite","value":"test_Login"},{"name":"subSuite","value":"TestLogin"},{"name":"host","value":"Simeons-MacBook-Pro.local"},{"name":"thread","value":"540-MainThread"},{"name":"framework","value":"pytest"},{"name":"language","value":"cpython3"},{"name":"package","value":"Tests.test_Login"},{"name":"resultFormat","value":"allure2"}],"parameters":[{"name":"driver","value":"'Chrome'"},{"name":"password","value":"''"},{"name":"username","value":"'standard_user'"}],"links":[],"hidden":false,"retry":false,"extra":{"severity":"normal","retries":[],"categories":[],"history":{"statistic":{"failed":0,"broken":4,"skipped":0,"passed":3,"unknown":0,"total":7},"items":[{"uid":"1dd9608e05f8735c","reportUrl":"https://Simeon-Zografov.github.io/test-repo/9//#testresult/1dd9608e05f8735c","status":"passed","time":{"start":1728033368172,"stop":1728033368352,"duration":180}},{"uid":"9136d97d2cae7858","reportUrl":"https://Simeon-Zografov.github.io/test-repo/5//#testresult/9136d97d2cae7858","status":"broken","statusDetails":"selenium.common.exceptions.NoSuchDriverException: Message: Unable to locate or obtain driver for chrome; For documentation on this error, please visit: https://www.selenium.dev/documentation/webdriver/troubleshooting/errors/driver_location","time":{"start":1728032230038,"stop":1728032230038,"duration":0}},{"uid":"ea02d40dc79f40d0","reportUrl":"https://Simeon-Zografov.github.io/test-repo/4//#testresult/ea02d40dc79f40d0","status":"broken","statusDetails":"selenium.common.exceptions.NoSuchDriverException: Message: Unable to locate or obtain driver for chrome; For documentation on this error, please visit: https://www.selenium.dev/documentation/webdriver/troubleshooting/errors/driver_location","time":{"start":1728031969047,"stop":1728031969047,"duration":0}},{"uid":"3a48a33e83a34e3f","reportUrl":"https://Simeon-Zografov.github.io/test-repo/3//#testresult/3a48a33e83a34e3f","status":"broken","statusDetails":"selenium.common.exceptions.NoSuchDriverException: Message: Unable to locate or obtain driver for chrome; For documentation on this error, please visit: https://www.selenium.dev/documentation/webdriver/troubleshooting/errors/driver_location","time":{"start":1728031301058,"stop":1728031301058,"duration":0}},{"uid":"bacd219d6a0fe891","reportUrl":"https://Simeon-Zografov.github.io/test-repo/2//#testresult/bacd219d6a0fe891","status":"broken","statusDetails":"OSError: [Errno 8] Exec format error: '/home/runner/.wdm/drivers/chromedriver/linux64/129.0.6668.89/chromedriver-linux64/THIRD_PARTY_NOTICES.chromedriver'","time":{"start":1728030516835,"stop":1728030516835,"duration":0}},{"uid":"4ed5f38275c40209","status":"passed","time":{"start":1728024565956,"stop":1728024566719,"duration":763}}]},"tags":[]},"source":"77310153c117926e.json","parameterValues":["'Chrome'","''","'standard_user'"]}