{"uid":"7a465a52dfec6ce8","name":"Visual check of the Home page after burger button click","fullName":"Tests.test_VisualTests.TestVisual#test_3","historyId":"f351905492f20e257d3c84933f640453","time":{"start":1728024762260,"stop":1728024778377,"duration":16117},"status":"failed","statusMessage":"AssertionError: \u001B[31mFAILURE: \u001B[0m\n\u001B[31mtest_VisualTests.py\u001B[0m:38 in test_3() -> \n\u001B[31mVisualChack.py\u001B[0m:27 in visual_comparison() -> with check, allure.step(f\"Visual check for {path} in {i} iteration\"):\n\u001B[31mVisualChack.py\u001B[0m:38 in visual_comparison -> assert mismatch == 0\n\u001B[31mAssertionError\n\u001B[0m\n\n\u001B[31mFAILURE: \u001B[0m\n------------------------------------------------------------\nFailed Checks: 2","statusTrace":"\u001B[31mFAILURE: \u001B[0m\n\u001B[31mtest_VisualTests.py\u001B[0m:38 in test_3() -> \n\u001B[31mVisualChack.py\u001B[0m:27 in visual_comparison() -> with check, allure.step(f\"Visual check for {path} in {i} iteration\"):\n\u001B[31mVisualChack.py\u001B[0m:38 in visual_comparison -> assert mismatch == 0\n\u001B[31mAssertionError\n\u001B[0m\n\n\u001B[31mFAILURE: \u001B[0m\n------------------------------------------------------------\nFailed Checks: 2","flaky":false,"newFailed":true,"newBroken":false,"newPassed":false,"retriesCount":0,"retriesStatusChange":false,"beforeStages":[{"name":"setup_reporting_directories","time":{"start":1728024501288,"stop":1728024501301,"duration":13},"status":"passed","steps":[],"attachments":[],"parameters":[],"shouldDisplayMessage":false,"stepsCount":0,"attachmentsCount":0,"hasContent":false,"attachmentStep":false},{"name":"driver","time":{"start":1728024729895,"stop":1728024735086,"duration":5191},"status":"passed","steps":[],"attachments":[],"parameters":[],"shouldDisplayMessage":false,"stepsCount":0,"attachmentsCount":0,"hasContent":false,"attachmentStep":false}],"testStage":{"status":"failed","statusMessage":"AssertionError: \u001B[31mFAILURE: \u001B[0m\n\u001B[31mtest_VisualTests.py\u001B[0m:38 in test_3() -> \n\u001B[31mVisualChack.py\u001B[0m:27 in visual_comparison() -> with check, allure.step(f\"Visual check for {path} in {i} iteration\"):\n\u001B[31mVisualChack.py\u001B[0m:38 in visual_comparison -> assert mismatch == 0\n\u001B[31mAssertionError\n\u001B[0m\n\n\u001B[31mFAILURE: \u001B[0m\n------------------------------------------------------------\nFailed Checks: 2","statusTrace":"\u001B[31mFAILURE: \u001B[0m\n\u001B[31mtest_VisualTests.py\u001B[0m:38 in test_3() -> \n\u001B[31mVisualChack.py\u001B[0m:27 in visual_comparison() -> with check, allure.step(f\"Visual check for {path} in {i} iteration\"):\n\u001B[31mVisualChack.py\u001B[0m:38 in visual_comparison -> assert mismatch == 0\n\u001B[31mAssertionError\n\u001B[0m\n\n\u001B[31mFAILURE: \u001B[0m\n------------------------------------------------------------\nFailed Checks: 2","steps":[{"name":"Visual check for home_page in 1 iteration","time":{"start":1728024770098,"stop":1728024770582,"duration":484},"status":"failed","statusMessage":"AssertionError\n","statusTrace":"  File \"/Users/simeonzografov/PycharmProjects/newDemoProject2/Common/VisualChack.py\", line 38, in visual_comparison\n    assert mismatch == 0\n           ^^^^^^^^^^^^^\n","steps":[],"attachments":[{"uid":"7bdad5ef6b964a9d","name":"screenshot","source":"7bdad5ef6b964a9d.png","type":"image/png","size":210646}],"parameters":[],"shouldDisplayMessage":true,"stepsCount":0,"attachmentsCount":1,"hasContent":true,"attachmentStep":false},{"name":"Visual check for home_page in 2 iteration","time":{"start":1728024777055,"stop":1728024777555,"duration":500},"status":"failed","statusMessage":"AssertionError\n","statusTrace":"  File \"/Users/simeonzografov/PycharmProjects/newDemoProject2/Common/VisualChack.py\", line 38, in visual_comparison\n    assert mismatch == 0\n           ^^^^^^^^^^^^^\n","steps":[],"attachments":[{"uid":"1734bbbdb2d1534b","name":"screenshot","source":"1734bbbdb2d1534b.png","type":"image/png","size":194904}],"parameters":[],"shouldDisplayMessage":true,"stepsCount":0,"attachmentsCount":1,"hasContent":true,"attachmentStep":false}],"attachments":[],"parameters":[],"shouldDisplayMessage":true,"stepsCount":2,"attachmentsCount":2,"hasContent":true,"attachmentStep":false},"afterStages":[{"name":"driver::0","time":{"start":1728024808534,"stop":1728024808689,"duration":155},"status":"passed","steps":[],"attachments":[],"parameters":[],"shouldDisplayMessage":false,"stepsCount":0,"attachmentsCount":0,"hasContent":false,"attachmentStep":false}],"labels":[{"name":"feature","value":"Home page"},{"name":"severity","value":"normal"},{"name":"parentSuite","value":"Tests"},{"name":"suite","value":"test_VisualTests"},{"name":"subSuite","value":"TestVisual"},{"name":"host","value":"Simeons-MacBook-Pro.local"},{"name":"thread","value":"540-MainThread"},{"name":"framework","value":"pytest"},{"name":"language","value":"cpython3"},{"name":"package","value":"Tests.test_VisualTests"},{"name":"resultFormat","value":"allure2"}],"parameters":[{"name":"driver","value":"'Chrome'"}],"links":[],"hidden":false,"retry":false,"extra":{"severity":"normal","retries":[],"categories":[{"name":"Product defects","matchedStatuses":[],"flaky":false}],"history":{"statistic":{"failed":2,"broken":5,"skipped":0,"passed":0,"unknown":0,"total":7},"items":[{"uid":"e0222e035c21e9d7","reportUrl":"https://Simeon-Zografov.github.io/test-repo/9//#testresult/e0222e035c21e9d7","status":"broken","statusDetails":"ValueError: ('Image sizes do not match.', 13537280, 3650560)","time":{"start":1728033466585,"stop":1728033469085,"duration":2500}},{"uid":"62a415e3b4d6f601","reportUrl":"https://Simeon-Zografov.github.io/test-repo/5//#testresult/62a415e3b4d6f601","status":"broken","statusDetails":"selenium.common.exceptions.NoSuchDriverException: Message: Unable to locate or obtain driver for chrome; For documentation on this error, please visit: https://www.selenium.dev/documentation/webdriver/troubleshooting/errors/driver_location","time":{"start":1728032279025,"stop":1728032279025,"duration":0}},{"uid":"b18d6cbbaab1e060","reportUrl":"https://Simeon-Zografov.github.io/test-repo/4//#testresult/b18d6cbbaab1e060","status":"broken","statusDetails":"selenium.common.exceptions.NoSuchDriverException: Message: Unable to locate or obtain driver for chrome; For documentation on this error, please visit: https://www.selenium.dev/documentation/webdriver/troubleshooting/errors/driver_location","time":{"start":1728032017663,"stop":1728032017663,"duration":0}},{"uid":"70997273d8c4b1ea","reportUrl":"https://Simeon-Zografov.github.io/test-repo/3//#testresult/70997273d8c4b1ea","status":"broken","statusDetails":"selenium.common.exceptions.NoSuchDriverException: Message: Unable to locate or obtain driver for chrome; For documentation on this error, please visit: https://www.selenium.dev/documentation/webdriver/troubleshooting/errors/driver_location","time":{"start":1728031350195,"stop":1728031350195,"duration":0}},{"uid":"1ad7cc841ee0616","reportUrl":"https://Simeon-Zografov.github.io/test-repo/2//#testresult/1ad7cc841ee0616","status":"broken","statusDetails":"OSError: [Errno 8] Exec format error: '/home/runner/.wdm/drivers/chromedriver/linux64/129.0.6668.89/chromedriver-linux64/THIRD_PARTY_NOTICES.chromedriver'","time":{"start":1728030566017,"stop":1728030566017,"duration":0}},{"uid":"5104bd2538bc3335","status":"failed","statusDetails":"AssertionError: \u001B[31mFAILURE: \u001B[0m\n\u001B[31mtest_VisualTests.py\u001B[0m:38 in test_3() -> \n\u001B[31mVisualChack.py\u001B[0m:27 in visual_comparison() -> with check, allure.step(f\"Visual check for {path} in {i} iteration\"):\n\u001B[31mVisualChack.py\u001B[0m:38 in visual_comparison -> assert mismatch == 0\n\u001B[31mAssertionError\n\u001B[0m\n\n\u001B[31mFAILURE: \u001B[0m\n------------------------------------------------------------\nFailed Checks: 2","time":{"start":1728024762260,"stop":1728024778377,"duration":16117}}]},"tags":[]},"source":"7a465a52dfec6ce8.json","parameterValues":["'Chrome'"]}