{"uid":"8cf0454b86122fe0","name":"Visual check of the Home page","fullName":"Tests.test_VisualTests.TestVisual#test_2","historyId":"7e2162c355f3bd4c8610625a9983e516","time":{"start":1728024744825,"stop":1728024762259,"duration":17434},"status":"failed","statusMessage":"AssertionError: \u001B[31mFAILURE: \u001B[0m\n\u001B[31mtest_VisualTests.py\u001B[0m:28 in test_2() -> \n\u001B[31mVisualChack.py\u001B[0m:27 in visual_comparison() -> with check, allure.step(f\"Visual check for {path} in {i} iteration\"):\n\u001B[31mVisualChack.py\u001B[0m:38 in visual_comparison -> assert mismatch == 0\n\u001B[31mAssertionError\n\u001B[0m\n\n\u001B[31mFAILURE: \u001B[0m\n------------------------------------------------------------\nFailed Checks: 2","statusTrace":"\u001B[31mFAILURE: \u001B[0m\n\u001B[31mtest_VisualTests.py\u001B[0m:28 in test_2() -> \n\u001B[31mVisualChack.py\u001B[0m:27 in visual_comparison() -> with check, allure.step(f\"Visual check for {path} in {i} iteration\"):\n\u001B[31mVisualChack.py\u001B[0m:38 in visual_comparison -> assert mismatch == 0\n\u001B[31mAssertionError\n\u001B[0m\n\n\u001B[31mFAILURE: \u001B[0m\n------------------------------------------------------------\nFailed Checks: 2","flaky":false,"newFailed":true,"newBroken":false,"newPassed":false,"retriesCount":0,"retriesStatusChange":false,"beforeStages":[{"name":"setup_reporting_directories","time":{"start":1728024501288,"stop":1728024501301,"duration":13},"status":"passed","steps":[],"attachments":[],"parameters":[],"shouldDisplayMessage":false,"stepsCount":0,"attachmentsCount":0,"hasContent":false,"attachmentStep":false},{"name":"driver","time":{"start":1728024729895,"stop":1728024735086,"duration":5191},"status":"passed","steps":[],"attachments":[],"parameters":[],"shouldDisplayMessage":false,"stepsCount":0,"attachmentsCount":0,"hasContent":false,"attachmentStep":false}],"testStage":{"status":"failed","statusMessage":"AssertionError: \u001B[31mFAILURE: \u001B[0m\n\u001B[31mtest_VisualTests.py\u001B[0m:28 in test_2() -> \n\u001B[31mVisualChack.py\u001B[0m:27 in visual_comparison() -> with check, allure.step(f\"Visual check for {path} in {i} iteration\"):\n\u001B[31mVisualChack.py\u001B[0m:38 in visual_comparison -> assert mismatch == 0\n\u001B[31mAssertionError\n\u001B[0m\n\n\u001B[31mFAILURE: \u001B[0m\n------------------------------------------------------------\nFailed Checks: 2","statusTrace":"\u001B[31mFAILURE: \u001B[0m\n\u001B[31mtest_VisualTests.py\u001B[0m:28 in test_2() -> \n\u001B[31mVisualChack.py\u001B[0m:27 in visual_comparison() -> with check, allure.step(f\"Visual check for {path} in {i} iteration\"):\n\u001B[31mVisualChack.py\u001B[0m:38 in visual_comparison -> assert mismatch == 0\n\u001B[31mAssertionError\n\u001B[0m\n\n\u001B[31mFAILURE: \u001B[0m\n------------------------------------------------------------\nFailed Checks: 2","steps":[{"name":"Visual check for home_page in 1 iteration","time":{"start":1728024754548,"stop":1728024755088,"duration":540},"status":"failed","statusMessage":"AssertionError\n","statusTrace":"  File \"/Users/simeonzografov/PycharmProjects/newDemoProject2/Common/VisualChack.py\", line 38, in visual_comparison\n    assert mismatch == 0\n           ^^^^^^^^^^^^^\n","steps":[],"attachments":[{"uid":"a8a59c3f4806a549","name":"screenshot","source":"a8a59c3f4806a549.png","type":"image/png","size":234142}],"parameters":[],"shouldDisplayMessage":true,"stepsCount":0,"attachmentsCount":1,"hasContent":true,"attachmentStep":false},{"name":"Visual check for home_page in 2 iteration","time":{"start":1728024761732,"stop":1728024762254,"duration":522},"status":"failed","statusMessage":"AssertionError\n","statusTrace":"  File \"/Users/simeonzografov/PycharmProjects/newDemoProject2/Common/VisualChack.py\", line 38, in visual_comparison\n    assert mismatch == 0\n           ^^^^^^^^^^^^^\n","steps":[],"attachments":[{"uid":"482b16d9c5aa195a","name":"screenshot","source":"482b16d9c5aa195a.png","type":"image/png","size":220853}],"parameters":[],"shouldDisplayMessage":true,"stepsCount":0,"attachmentsCount":1,"hasContent":true,"attachmentStep":false}],"attachments":[],"parameters":[],"shouldDisplayMessage":true,"stepsCount":2,"attachmentsCount":2,"hasContent":true,"attachmentStep":false},"afterStages":[{"name":"driver::0","time":{"start":1728024808534,"stop":1728024808689,"duration":155},"status":"passed","steps":[],"attachments":[],"parameters":[],"shouldDisplayMessage":false,"stepsCount":0,"attachmentsCount":0,"hasContent":false,"attachmentStep":false}],"labels":[{"name":"feature","value":"Home page"},{"name":"severity","value":"normal"},{"name":"parentSuite","value":"Tests"},{"name":"suite","value":"test_VisualTests"},{"name":"subSuite","value":"TestVisual"},{"name":"host","value":"Simeons-MacBook-Pro.local"},{"name":"thread","value":"540-MainThread"},{"name":"framework","value":"pytest"},{"name":"language","value":"cpython3"},{"name":"package","value":"Tests.test_VisualTests"},{"name":"resultFormat","value":"allure2"}],"parameters":[{"name":"driver","value":"'Chrome'"}],"links":[],"hidden":false,"retry":false,"extra":{"severity":"normal","retries":[],"categories":[{"name":"Product defects","matchedStatuses":[],"flaky":false}],"history":{"statistic":{"failed":2,"broken":5,"skipped":0,"passed":0,"unknown":0,"total":7},"items":[{"uid":"dcb9251cab6f9768","reportUrl":"https://Simeon-Zografov.github.io/test-repo/9//#testresult/dcb9251cab6f9768","status":"broken","statusDetails":"ValueError: ('Image sizes do not match.', 13537280, 3650560)","time":{"start":1728033464976,"stop":1728033466453,"duration":1477}},{"uid":"655a7e5cf08e7204","reportUrl":"https://Simeon-Zografov.github.io/test-repo/5//#testresult/655a7e5cf08e7204","status":"broken","statusDetails":"selenium.common.exceptions.NoSuchDriverException: Message: Unable to locate or obtain driver for chrome; For documentation on this error, please visit: https://www.selenium.dev/documentation/webdriver/troubleshooting/errors/driver_location","time":{"start":1728032279017,"stop":1728032279017,"duration":0}},{"uid":"120fed84f9379a56","reportUrl":"https://Simeon-Zografov.github.io/test-repo/4//#testresult/120fed84f9379a56","status":"broken","statusDetails":"selenium.common.exceptions.NoSuchDriverException: Message: Unable to locate or obtain driver for chrome; For documentation on this error, please visit: https://www.selenium.dev/documentation/webdriver/troubleshooting/errors/driver_location","time":{"start":1728032017654,"stop":1728032017654,"duration":0}},{"uid":"f8550d877389f597","reportUrl":"https://Simeon-Zografov.github.io/test-repo/3//#testresult/f8550d877389f597","status":"broken","statusDetails":"selenium.common.exceptions.NoSuchDriverException: Message: Unable to locate or obtain driver for chrome; For documentation on this error, please visit: https://www.selenium.dev/documentation/webdriver/troubleshooting/errors/driver_location","time":{"start":1728031350186,"stop":1728031350186,"duration":0}},{"uid":"f49c17f9ef04a5cb","reportUrl":"https://Simeon-Zografov.github.io/test-repo/2//#testresult/f49c17f9ef04a5cb","status":"broken","statusDetails":"OSError: [Errno 8] Exec format error: '/home/runner/.wdm/drivers/chromedriver/linux64/129.0.6668.89/chromedriver-linux64/THIRD_PARTY_NOTICES.chromedriver'","time":{"start":1728030565978,"stop":1728030565978,"duration":0}},{"uid":"d9a7b0a7d5c9a3ef","status":"failed","statusDetails":"AssertionError: \u001B[31mFAILURE: \u001B[0m\n\u001B[31mtest_VisualTests.py\u001B[0m:28 in test_2() -> \n\u001B[31mVisualChack.py\u001B[0m:27 in visual_comparison() -> with check, allure.step(f\"Visual check for {path} in {i} iteration\"):\n\u001B[31mVisualChack.py\u001B[0m:38 in visual_comparison -> assert mismatch == 0\n\u001B[31mAssertionError\n\u001B[0m\n\n\u001B[31mFAILURE: \u001B[0m\n------------------------------------------------------------\nFailed Checks: 2","time":{"start":1728024744825,"stop":1728024762259,"duration":17434}}]},"tags":[]},"source":"8cf0454b86122fe0.json","parameterValues":["'Chrome'"]}