{"uid":"d336c55ff82d5799","name":"Twitter link","fullName":"Tests.test_SocialMediaLinks.TestLogin#test_1","historyId":"f3d4fdd619ae32f73e46d5a7dc8251a4","time":{"start":1728024591123,"stop":1728024636524,"duration":45401},"status":"broken","statusMessage":"selenium.common.exceptions.TimeoutException: Message: \nStacktrace:\n0   chromedriver                        0x0000000102d7fd18 chromedriver + 4996376\n1   chromedriver                        0x0000000102d775da chromedriver + 4961754\n2   chromedriver                        0x000000010291ad10 chromedriver + 388368\n3   chromedriver                        0x000000010296730f chromedriver + 701199\n4   chromedriver                        0x00000001029673f1 chromedriver + 701425\n5   chromedriver                        0x00000001029ac464 chromedriver + 984164\n6   chromedriver                        0x000000010298b9dd chromedriver + 850397\n7   chromedriver                        0x00000001029a9a00 chromedriver + 973312\n8   chromedriver                        0x000000010298b753 chromedriver + 849747\n9   chromedriver                        0x000000010295a635 chromedriver + 648757\n10  chromedriver                        0x000000010295ae5e chromedriver + 650846\n11  chromedriver                        0x0000000102d46000 chromedriver + 4759552\n12  chromedriver                        0x0000000102d4af18 chromedriver + 4779800\n13  chromedriver                        0x0000000102d4b5e5 chromedriver + 4781541\n14  chromedriver                        0x0000000102d28aa9 chromedriver + 4639401\n15  chromedriver                        0x0000000102d4b8d9 chromedriver + 4782297\n16  chromedriver                        0x0000000102d1a044 chromedriver + 4579396\n17  chromedriver                        0x0000000102d67a08 chromedriver + 4897288\n18  chromedriver                        0x0000000102d67c03 chromedriver + 4897795\n19  chromedriver                        0x0000000102d771de chromedriver + 4960734\n20  libsystem_pthread.dylib             0x00007ff810f1418b _pthread_start + 99\n21  libsystem_pthread.dylib             0x00007ff810f0fae3 thread_start + 15","statusTrace":"self = <Tests.test_SocialMediaLinks.TestLogin object at 0x10670d6d0>, driver = <selenium.webdriver.chrome.webdriver.WebDriver (session=\"5d306d51f6f30321e0f305a33b355a84\")>\n\n>   ???\n\n/Users/simeonzografov/PycharmProjects/newDemoProject/Tests/test_SocialMediaLinks.py:25: \n_ _ _ _ _ _ _ _ _ _ _ _ _ _ _ _ _ _ _ _ _ _ _ _ _ _ _ _ _ _ _ _ _ _ _ _ _ _ _ _ _ _ _ _ _ _ _ _ _ _ _ _ _ _ _ _ _ _ _ _ _ _ _ _ _ _ _ _ _ _ _ _ _ _ _ _ _ _ _ _ _ _ _ _ _ _ _ _ _ _ _ _ _ _ _ _ _ _ _ _ _ _ _ _ _ _ _ _ _ _ _ _ _ _\nPages/HomePage.py:43: in get_twitter_heather_text\n    twitter_heather = wait.until(\n_ _ _ _ _ _ _ _ _ _ _ _ _ _ _ _ _ _ _ _ _ _ _ _ _ _ _ _ _ _ _ _ _ _ _ _ _ _ _ _ _ _ _ _ _ _ _ _ _ _ _ _ _ _ _ _ _ _ _ _ _ _ _ _ _ _ _ _ _ _ _ _ _ _ _ _ _ _ _ _ _ _ _ _ _ _ _ _ _ _ _ _ _ _ _ _ _ _ _ _ _ _ _ _ _ _ _ _ _ _ _ _ _ _\n\nself = <selenium.webdriver.support.wait.WebDriverWait (session=\"5d306d51f6f30321e0f305a33b355a84\")>, method = <function visibility_of_element_located.<locals>._predicate at 0x107b02840>, message = ''\n\n    def until(self, method: Callable[[D], Union[Literal[False], T]], message: str = \"\") -> T:\n        \"\"\"Calls the method provided with the driver as an argument until the \\\n        return value does not evaluate to ``False``.\n    \n        :param method: callable(WebDriver)\n        :param message: optional message for :exc:`TimeoutException`\n        :returns: the result of the last call to `method`\n        :raises: :exc:`selenium.common.exceptions.TimeoutException` if timeout occurs\n        \"\"\"\n        screen = None\n        stacktrace = None\n    \n        end_time = time.monotonic() + self._timeout\n        while True:\n            try:\n                value = method(self._driver)\n                if value:\n                    return value\n            except self._ignored_exceptions as exc:\n                screen = getattr(exc, \"screen\", None)\n                stacktrace = getattr(exc, \"stacktrace\", None)\n            time.sleep(self._poll)\n            if time.monotonic() > end_time:\n                break\n>       raise TimeoutException(message, screen, stacktrace)\nE       selenium.common.exceptions.TimeoutException: Message: \nE       Stacktrace:\nE       0   chromedriver                        0x0000000102d7fd18 chromedriver + 4996376\nE       1   chromedriver                        0x0000000102d775da chromedriver + 4961754\nE       2   chromedriver                        0x000000010291ad10 chromedriver + 388368\nE       3   chromedriver                        0x000000010296730f chromedriver + 701199\nE       4   chromedriver                        0x00000001029673f1 chromedriver + 701425\nE       5   chromedriver                        0x00000001029ac464 chromedriver + 984164\nE       6   chromedriver                        0x000000010298b9dd chromedriver + 850397\nE       7   chromedriver                        0x00000001029a9a00 chromedriver + 973312\nE       8   chromedriver                        0x000000010298b753 chromedriver + 849747\nE       9   chromedriver                        0x000000010295a635 chromedriver + 648757\nE       10  chromedriver                        0x000000010295ae5e chromedriver + 650846\nE       11  chromedriver                        0x0000000102d46000 chromedriver + 4759552\nE       12  chromedriver                        0x0000000102d4af18 chromedriver + 4779800\nE       13  chromedriver                        0x0000000102d4b5e5 chromedriver + 4781541\nE       14  chromedriver                        0x0000000102d28aa9 chromedriver + 4639401\nE       15  chromedriver                        0x0000000102d4b8d9 chromedriver + 4782297\nE       16  chromedriver                        0x0000000102d1a044 chromedriver + 4579396\nE       17  chromedriver                        0x0000000102d67a08 chromedriver + 4897288\nE       18  chromedriver                        0x0000000102d67c03 chromedriver + 4897795\nE       19  chromedriver                        0x0000000102d771de chromedriver + 4960734\nE       20  libsystem_pthread.dylib             0x00007ff810f1418b _pthread_start + 99\nE       21  libsystem_pthread.dylib             0x00007ff810f0fae3 thread_start + 15\n\n../newDemoProject/venv/lib/python3.11/site-packages/selenium/webdriver/support/wait.py:105: TimeoutException","flaky":false,"newFailed":false,"newBroken":false,"newPassed":false,"retriesCount":0,"retriesStatusChange":false,"beforeStages":[{"name":"setup_reporting_directories","time":{"start":1728024501288,"stop":1728024501301,"duration":13},"status":"passed","steps":[],"attachments":[],"parameters":[],"shouldDisplayMessage":false,"stepsCount":0,"attachmentsCount":0,"hasContent":false,"attachmentStep":false},{"name":"driver","time":{"start":1728024586205,"stop":1728024591122,"duration":4917},"status":"passed","steps":[],"attachments":[],"parameters":[],"shouldDisplayMessage":false,"stepsCount":0,"attachmentsCount":0,"hasContent":false,"attachmentStep":false}],"testStage":{"status":"broken","statusMessage":"selenium.common.exceptions.TimeoutException: Message: \nStacktrace:\n0   chromedriver                        0x0000000102d7fd18 chromedriver + 4996376\n1   chromedriver                        0x0000000102d775da chromedriver + 4961754\n2   chromedriver                        0x000000010291ad10 chromedriver + 388368\n3   chromedriver                        0x000000010296730f chromedriver + 701199\n4   chromedriver                        0x00000001029673f1 chromedriver + 701425\n5   chromedriver                        0x00000001029ac464 chromedriver + 984164\n6   chromedriver                        0x000000010298b9dd chromedriver + 850397\n7   chromedriver                        0x00000001029a9a00 chromedriver + 973312\n8   chromedriver                        0x000000010298b753 chromedriver + 849747\n9   chromedriver                        0x000000010295a635 chromedriver + 648757\n10  chromedriver                        0x000000010295ae5e chromedriver + 650846\n11  chromedriver                        0x0000000102d46000 chromedriver + 4759552\n12  chromedriver                        0x0000000102d4af18 chromedriver + 4779800\n13  chromedriver                        0x0000000102d4b5e5 chromedriver + 4781541\n14  chromedriver                        0x0000000102d28aa9 chromedriver + 4639401\n15  chromedriver                        0x0000000102d4b8d9 chromedriver + 4782297\n16  chromedriver                        0x0000000102d1a044 chromedriver + 4579396\n17  chromedriver                        0x0000000102d67a08 chromedriver + 4897288\n18  chromedriver                        0x0000000102d67c03 chromedriver + 4897795\n19  chromedriver                        0x0000000102d771de chromedriver + 4960734\n20  libsystem_pthread.dylib             0x00007ff810f1418b _pthread_start + 99\n21  libsystem_pthread.dylib             0x00007ff810f0fae3 thread_start + 15","statusTrace":"self = <Tests.test_SocialMediaLinks.TestLogin object at 0x10670d6d0>, driver = <selenium.webdriver.chrome.webdriver.WebDriver (session=\"5d306d51f6f30321e0f305a33b355a84\")>\n\n>   ???\n\n/Users/simeonzografov/PycharmProjects/newDemoProject/Tests/test_SocialMediaLinks.py:25: \n_ _ _ _ _ _ _ _ _ _ _ _ _ _ _ _ _ _ _ _ _ _ _ _ _ _ _ _ _ _ _ _ _ _ _ _ _ _ _ _ _ _ _ _ _ _ _ _ _ _ _ _ _ _ _ _ _ _ _ _ _ _ _ _ _ _ _ _ _ _ _ _ _ _ _ _ _ _ _ _ _ _ _ _ _ _ _ _ _ _ _ _ _ _ _ _ _ _ _ _ _ _ _ _ _ _ _ _ _ _ _ _ _ _\nPages/HomePage.py:43: in get_twitter_heather_text\n    twitter_heather = wait.until(\n_ _ _ _ _ _ _ _ _ _ _ _ _ _ _ _ _ _ _ _ _ _ _ _ _ _ _ _ _ _ _ _ _ _ _ _ _ _ _ _ _ _ _ _ _ _ _ _ _ _ _ _ _ _ _ _ _ _ _ _ _ _ _ _ _ _ _ _ _ _ _ _ _ _ _ _ _ _ _ _ _ _ _ _ _ _ _ _ _ _ _ _ _ _ _ _ _ _ _ _ _ _ _ _ _ _ _ _ _ _ _ _ _ _\n\nself = <selenium.webdriver.support.wait.WebDriverWait (session=\"5d306d51f6f30321e0f305a33b355a84\")>, method = <function visibility_of_element_located.<locals>._predicate at 0x107b02840>, message = ''\n\n    def until(self, method: Callable[[D], Union[Literal[False], T]], message: str = \"\") -> T:\n        \"\"\"Calls the method provided with the driver as an argument until the \\\n        return value does not evaluate to ``False``.\n    \n        :param method: callable(WebDriver)\n        :param message: optional message for :exc:`TimeoutException`\n        :returns: the result of the last call to `method`\n        :raises: :exc:`selenium.common.exceptions.TimeoutException` if timeout occurs\n        \"\"\"\n        screen = None\n        stacktrace = None\n    \n        end_time = time.monotonic() + self._timeout\n        while True:\n            try:\n                value = method(self._driver)\n                if value:\n                    return value\n            except self._ignored_exceptions as exc:\n                screen = getattr(exc, \"screen\", None)\n                stacktrace = getattr(exc, \"stacktrace\", None)\n            time.sleep(self._poll)\n            if time.monotonic() > end_time:\n                break\n>       raise TimeoutException(message, screen, stacktrace)\nE       selenium.common.exceptions.TimeoutException: Message: \nE       Stacktrace:\nE       0   chromedriver                        0x0000000102d7fd18 chromedriver + 4996376\nE       1   chromedriver                        0x0000000102d775da chromedriver + 4961754\nE       2   chromedriver                        0x000000010291ad10 chromedriver + 388368\nE       3   chromedriver                        0x000000010296730f chromedriver + 701199\nE       4   chromedriver                        0x00000001029673f1 chromedriver + 701425\nE       5   chromedriver                        0x00000001029ac464 chromedriver + 984164\nE       6   chromedriver                        0x000000010298b9dd chromedriver + 850397\nE       7   chromedriver                        0x00000001029a9a00 chromedriver + 973312\nE       8   chromedriver                        0x000000010298b753 chromedriver + 849747\nE       9   chromedriver                        0x000000010295a635 chromedriver + 648757\nE       10  chromedriver                        0x000000010295ae5e chromedriver + 650846\nE       11  chromedriver                        0x0000000102d46000 chromedriver + 4759552\nE       12  chromedriver                        0x0000000102d4af18 chromedriver + 4779800\nE       13  chromedriver                        0x0000000102d4b5e5 chromedriver + 4781541\nE       14  chromedriver                        0x0000000102d28aa9 chromedriver + 4639401\nE       15  chromedriver                        0x0000000102d4b8d9 chromedriver + 4782297\nE       16  chromedriver                        0x0000000102d1a044 chromedriver + 4579396\nE       17  chromedriver                        0x0000000102d67a08 chromedriver + 4897288\nE       18  chromedriver                        0x0000000102d67c03 chromedriver + 4897795\nE       19  chromedriver                        0x0000000102d771de chromedriver + 4960734\nE       20  libsystem_pthread.dylib             0x00007ff810f1418b _pthread_start + 99\nE       21  libsystem_pthread.dylib             0x00007ff810f0fae3 thread_start + 15\n\n../newDemoProject/venv/lib/python3.11/site-packages/selenium/webdriver/support/wait.py:105: TimeoutException","steps":[{"name":"Check twitter heather tex","time":{"start":1728024596634,"stop":1728024636522,"duration":39888},"status":"broken","statusMessage":"selenium.common.exceptions.TimeoutException: Message: \nStacktrace:\n0   chromedriver                        0x0000000102d7fd18 chromedriver + 4996376\n1   chromedriver                        0x0000000102d775da chromedriver + 4961754\n2   chromedriver                        0x000000010291ad10 chromedriver + 388368\n3   chromedriver                        0x000000010296730f chromedriver + 701199\n4   chromedriver                        0x00000001029673f1 chromedriver + 701425\n5   chromedriver                        0x00000001029ac464 chromedriver + 984164\n6   chromedriver                        0x000000010298b9dd chromedriver + 850397\n7   chromedriver                        0x00000001029a9a00 chromedriver + 973312\n8   chromedriver                        0x000000010298b753 chromedriver + 849747\n9   chromedriver                        0x000000010295a635 chromedriver + 648757\n10  chromedriver                        0x000000010295ae5e chromedriver + 650846\n11  chromedriver                        0x0000000102d46000 chromedriver + 4759552\n12  chromedriver                        0x0000000102d4af18 chromedriver + 4779800\n13  chromedriver                        0x0000000102d4b5e5 chromedriver + 4781541\n14  chromedriver                        0x0000000102d28aa9 chromedriver + 4639401\n15  chromedriver                        0x0000000102d4b8d9 chromedriver + 4782297\n16  chromedriver                        0x0000000102d1a044 chromedriver + 4579396\n17  chromedriver                        0x0000000102d67a08 chromedriver + 4897288\n18  chromedriver                        0x0000000102d67c03 chromedriver + 4897795\n19  chromedriver                        0x0000000102d771de chromedriver + 4960734\n20  libsystem_pthread.dylib             0x00007ff810f1418b _pthread_start + 99\n21  libsystem_pthread.dylib             0x00007ff810f0fae3 thread_start + 15\n\n","statusTrace":"  File \"/Users/simeonzografov/PycharmProjects/newDemoProject/Tests/test_SocialMediaLinks.py\", line 25, in test_1\n  File \"/Users/simeonzografov/PycharmProjects/newDemoProject2/Pages/HomePage.py\", line 43, in get_twitter_heather_text\n    twitter_heather = wait.until(\n                      ^^^^^^^^^^^\n  File \"/Users/simeonzografov/PycharmProjects/newDemoProject/venv/lib/python3.11/site-packages/selenium/webdriver/support/wait.py\", line 105, in until\n    raise TimeoutException(message, screen, stacktrace)\n","steps":[],"attachments":[],"parameters":[],"shouldDisplayMessage":true,"stepsCount":0,"attachmentsCount":0,"hasContent":true,"attachmentStep":false}],"attachments":[{"uid":"8e3e97f268a9220","name":"stdout","source":"8e3e97f268a9220.txt","type":"text/plain","size":34}],"parameters":[],"shouldDisplayMessage":true,"stepsCount":1,"attachmentsCount":1,"hasContent":true,"attachmentStep":false},"afterStages":[{"name":"driver::0","time":{"start":1728024658118,"stop":1728024658264,"duration":146},"status":"passed","steps":[],"attachments":[],"parameters":[],"shouldDisplayMessage":false,"stepsCount":0,"attachmentsCount":0,"hasContent":false,"attachmentStep":false}],"labels":[{"name":"severity","value":"normal"},{"name":"feature","value":"Social Media Links"},{"name":"parentSuite","value":"Tests"},{"name":"suite","value":"test_SocialMediaLinks"},{"name":"subSuite","value":"TestLogin"},{"name":"host","value":"Simeons-MacBook-Pro.local"},{"name":"thread","value":"540-MainThread"},{"name":"framework","value":"pytest"},{"name":"language","value":"cpython3"},{"name":"package","value":"Tests.test_SocialMediaLinks"},{"name":"resultFormat","value":"allure2"}],"parameters":[{"name":"driver","value":"'Chrome'"}],"links":[],"hidden":false,"retry":false,"extra":{"severity":"normal","retries":[],"categories":[{"name":"Test defects","matchedStatuses":[],"flaky":false}],"history":{"statistic":{"failed":0,"broken":7,"skipped":0,"passed":0,"unknown":0,"total":7},"items":[{"uid":"d40a6c1a3deada95","reportUrl":"https://Simeon-Zografov.github.io/test-repo/9//#testresult/d40a6c1a3deada95","status":"broken","statusDetails":"selenium.common.exceptions.TimeoutException: Message: \nStacktrace:\n#0 0x558fe608413a <unknown>\n#1 0x558fe5d6a5e0 <unknown>\n#2 0x558fe5db9be8 <unknown>\n#3 0x558fe5db9e81 <unknown>\n#4 0x558fe5e008c4 <unknown>\n#5 0x558fe5ddeb4d <unknown>\n#6 0x558fe5dfdd7d <unknown>\n#7 0x558fe5dde8c3 <unknown>\n#8 0x558fe5dac6b3 <unknown>\n#9 0x558fe5dad68e <unknown>\n#10 0x558fe604eb3b <unknown>\n#11 0x558fe6052ac1 <unknown>\n#12 0x558fe603b335 <unknown>\n#13 0x558fe6053642 <unknown>\n#14 0x558fe602049f <unknown>\n#15 0x558fe6073038 <unknown>\n#16 0x558fe6073203 <unknown>\n#17 0x558fe6082f8c <unknown>\n#18 0x7fa1ff09ca94 <unknown>\n#19 0x7fa1ff129c3c <unknown>","time":{"start":1728033372262,"stop":1728033404443,"duration":32181}},{"uid":"a76c2a2d2f5c6702","reportUrl":"https://Simeon-Zografov.github.io/test-repo/5//#testresult/a76c2a2d2f5c6702","status":"broken","statusDetails":"selenium.common.exceptions.NoSuchDriverException: Message: Unable to locate or obtain driver for chrome; For documentation on this error, please visit: https://www.selenium.dev/documentation/webdriver/troubleshooting/errors/driver_location","time":{"start":1728032232598,"stop":1728032232598,"duration":0}},{"uid":"9c14bfc6170d761c","reportUrl":"https://Simeon-Zografov.github.io/test-repo/4//#testresult/9c14bfc6170d761c","status":"broken","statusDetails":"selenium.common.exceptions.NoSuchDriverException: Message: Unable to locate or obtain driver for chrome; For documentation on this error, please visit: https://www.selenium.dev/documentation/webdriver/troubleshooting/errors/driver_location","time":{"start":1728031971678,"stop":1728031971678,"duration":0}},{"uid":"71e4538ce9049dea","reportUrl":"https://Simeon-Zografov.github.io/test-repo/3//#testresult/71e4538ce9049dea","status":"broken","statusDetails":"selenium.common.exceptions.NoSuchDriverException: Message: Unable to locate or obtain driver for chrome; For documentation on this error, please visit: https://www.selenium.dev/documentation/webdriver/troubleshooting/errors/driver_location","time":{"start":1728031303911,"stop":1728031303911,"duration":0}},{"uid":"bf9c37458e1f06f4","reportUrl":"https://Simeon-Zografov.github.io/test-repo/2//#testresult/bf9c37458e1f06f4","status":"broken","statusDetails":"OSError: [Errno 8] Exec format error: '/home/runner/.wdm/drivers/chromedriver/linux64/129.0.6668.89/chromedriver-linux64/THIRD_PARTY_NOTICES.chromedriver'","time":{"start":1728030519479,"stop":1728030519479,"duration":0}},{"uid":"cd12a177d8c44647","status":"broken","statusDetails":"selenium.common.exceptions.TimeoutException: Message: \nStacktrace:\n0   chromedriver                        0x0000000102d7fd18 chromedriver + 4996376\n1   chromedriver                        0x0000000102d775da chromedriver + 4961754\n2   chromedriver                        0x000000010291ad10 chromedriver + 388368\n3   chromedriver                        0x000000010296730f chromedriver + 701199\n4   chromedriver                        0x00000001029673f1 chromedriver + 701425\n5   chromedriver                        0x00000001029ac464 chromedriver + 984164\n6   chromedriver                        0x000000010298b9dd chromedriver + 850397\n7   chromedriver                        0x00000001029a9a00 chromedriver + 973312\n8   chromedriver                        0x000000010298b753 chromedriver + 849747\n9   chromedriver                        0x000000010295a635 chromedriver + 648757\n10  chromedriver                        0x000000010295ae5e chromedriver + 650846\n11  chromedriver                        0x0000000102d46000 chromedriver + 4759552\n12  chromedriver                        0x0000000102d4af18 chromedriver + 4779800\n13  chromedriver                        0x0000000102d4b5e5 chromedriver + 4781541\n14  chromedriver                        0x0000000102d28aa9 chromedriver + 4639401\n15  chromedriver                        0x0000000102d4b8d9 chromedriver + 4782297\n16  chromedriver                        0x0000000102d1a044 chromedriver + 4579396\n17  chromedriver                        0x0000000102d67a08 chromedriver + 4897288\n18  chromedriver                        0x0000000102d67c03 chromedriver + 4897795\n19  chromedriver                        0x0000000102d771de chromedriver + 4960734\n20  libsystem_pthread.dylib             0x00007ff810f1418b _pthread_start + 99\n21  libsystem_pthread.dylib             0x00007ff810f0fae3 thread_start + 15","time":{"start":1728024591123,"stop":1728024636524,"duration":45401}}]},"tags":[]},"source":"d336c55ff82d5799.json","parameterValues":["'Chrome'"]}