{"uid":"e81a9791a2241e99","name":"Unsuccessful login","fullName":"Tests.test_Login.TestLogin#test_1","historyId":"832efa95bff18ba61fe86deaf27429c6","time":{"start":1728024566722,"stop":1728024567598,"duration":876},"status":"passed","flaky":false,"newFailed":false,"newBroken":false,"newPassed":false,"retriesCount":0,"retriesStatusChange":false,"beforeStages":[{"name":"setup_reporting_directories","time":{"start":1728024501288,"stop":1728024501301,"duration":13},"status":"passed","steps":[],"attachments":[],"parameters":[],"shouldDisplayMessage":false,"stepsCount":0,"attachmentsCount":0,"hasContent":false,"attachmentStep":false},{"name":"driver","time":{"start":1728024555909,"stop":1728024561061,"duration":5152},"status":"passed","steps":[],"attachments":[],"parameters":[],"shouldDisplayMessage":false,"stepsCount":0,"attachmentsCount":0,"hasContent":false,"attachmentStep":false}],"testStage":{"status":"passed","steps":[{"name":"Error message is visible","time":{"start":1728024567347,"stop":1728024567347,"duration":0},"status":"passed","steps":[],"attachments":[],"parameters":[],"shouldDisplayMessage":false,"stepsCount":0,"attachmentsCount":0,"hasContent":false,"attachmentStep":false}],"attachments":[],"parameters":[],"shouldDisplayMessage":false,"stepsCount":1,"attachmentsCount":0,"hasContent":true,"attachmentStep":false},"afterStages":[{"name":"driver::0","time":{"start":1728024569624,"stop":1728024569710,"duration":86},"status":"passed","steps":[],"attachments":[],"parameters":[],"shouldDisplayMessage":false,"stepsCount":0,"attachmentsCount":0,"hasContent":false,"attachmentStep":false}],"labels":[{"name":"feature","value":"Login"},{"name":"severity","value":"normal"},{"name":"parentSuite","value":"Tests"},{"name":"suite","value":"test_Login"},{"name":"subSuite","value":"TestLogin"},{"name":"host","value":"Simeons-MacBook-Pro.local"},{"name":"thread","value":"540-MainThread"},{"name":"framework","value":"pytest"},{"name":"language","value":"cpython3"},{"name":"package","value":"Tests.test_Login"},{"name":"resultFormat","value":"allure2"}],"parameters":[{"name":"driver","value":"'Chrome'"},{"name":"password","value":"'secret_sauce'"},{"name":"username","value":"'standard_use'"}],"links":[],"hidden":false,"retry":false,"extra":{"severity":"normal","retries":[],"categories":[],"history":{"statistic":{"failed":0,"broken":4,"skipped":0,"passed":3,"unknown":0,"total":7},"items":[{"uid":"4f546f29cb4fdfb2","reportUrl":"https://Simeon-Zografov.github.io/test-repo/9//#testresult/4f546f29cb4fdfb2","status":"passed","time":{"start":1728033368355,"stop":1728033368609,"duration":254}},{"uid":"65c27a5d43f5ba4d","reportUrl":"https://Simeon-Zografov.github.io/test-repo/5//#testresult/65c27a5d43f5ba4d","status":"broken","statusDetails":"selenium.common.exceptions.NoSuchDriverException: Message: Unable to locate or obtain driver for chrome; For documentation on this error, please visit: https://www.selenium.dev/documentation/webdriver/troubleshooting/errors/driver_location","time":{"start":1728032230047,"stop":1728032230047,"duration":0}},{"uid":"bcf7bc5af85713e7","reportUrl":"https://Simeon-Zografov.github.io/test-repo/4//#testresult/bcf7bc5af85713e7","status":"broken","statusDetails":"selenium.common.exceptions.NoSuchDriverException: Message: Unable to locate or obtain driver for chrome; For documentation on this error, please visit: https://www.selenium.dev/documentation/webdriver/troubleshooting/errors/driver_location","time":{"start":1728031969056,"stop":1728031969056,"duration":0}},{"uid":"33d61b1703e0ed1e","reportUrl":"https://Simeon-Zografov.github.io/test-repo/3//#testresult/33d61b1703e0ed1e","status":"broken","statusDetails":"selenium.common.exceptions.NoSuchDriverException: Message: Unable to locate or obtain driver for chrome; For documentation on this error, please visit: https://www.selenium.dev/documentation/webdriver/troubleshooting/errors/driver_location","time":{"start":1728031301067,"stop":1728031301067,"duration":0}},{"uid":"b99fbac11ba309ac","reportUrl":"https://Simeon-Zografov.github.io/test-repo/2//#testresult/b99fbac11ba309ac","status":"broken","statusDetails":"OSError: [Errno 8] Exec format error: '/home/runner/.wdm/drivers/chromedriver/linux64/129.0.6668.89/chromedriver-linux64/THIRD_PARTY_NOTICES.chromedriver'","time":{"start":1728030516874,"stop":1728030516874,"duration":0}},{"uid":"d5de24d31eb87ca","status":"passed","time":{"start":1728024566722,"stop":1728024567598,"duration":876}}]},"tags":[]},"source":"e81a9791a2241e99.json","parameterValues":["'Chrome'","'secret_sauce'","'standard_use'"]}