{"uid":"11118b33c0287180","name":"Unsuccessful login","fullName":"Tests.test_Login.TestLogin#test_1","historyId":"54468f8a23c38520ab8c2f061649c1d5","time":{"start":1728031969066,"stop":1728031969066,"duration":0},"status":"broken","statusMessage":"selenium.common.exceptions.NoSuchDriverException: Message: Unable to locate or obtain driver for chrome; For documentation on this error, please visit: https://www.selenium.dev/documentation/webdriver/troubleshooting/errors/driver_location","statusTrace":"self = <Tests.test_Login.TestLogin object at 0x7fd0cf10c390>\nrequest = <SubRequest 'driver' for <Function test_1[-secret_sauce-Chrome]>>\n\n    @pytest.fixture(scope=\"class\")\n    def driver(self, request):\n        browser = request.param\n    \n        project_folder = os.path.dirname(os.path.dirname(os.path.abspath(__file__)))\n    \n        is_ci = os.getenv('CI') == 'true'\n        if is_ci:\n            if browser == \"Edge\":\n                # Set up Edge options\n                options = EdgeOptions()\n                options.add_argument(\"--headless\")\n                options.add_argument(\"--disable-gpu\")\n                options.add_argument(\"--window-size=1920,1080\")\n                options.add_argument(\"--no-sandbox\")\n                options.add_argument(\"--disable-dev-shm-usage\")\n                options.add_argument(\"--disable-extensions\")\n                options.add_argument(\"--disable-infobars\")\n                serv = EdgeService(EdgeChromiumDriverManager().install())\n                driver = webdriver.Edge(service=serv, options=options)\n            else:\n                options = ChromeOptions()\n                options.add_argument(\"--headless\")\n                options.add_argument(\"--disable-gpu\")\n                options.add_argument(\"--window-size=1920,1080\")\n                options.add_argument(\"--no-sandbox\")\n                options.add_argument(\"--disable-dev-shm-usage\")\n                options.add_argument(\"--disable-extensions\")\n                options.add_argument(\"--disable-infobars\")\n                chrome_driver_path = ChromeDriverManager().install()\n                serv = ChromeService(executable_path='/usr/local/share/chrome_driver/chromedriver')\n>               driver = webdriver.Chrome(service=serv, options=options)\n\nCommon/BaseClass.py:65: \n_ _ _ _ _ _ _ _ _ _ _ _ _ _ _ _ _ _ _ _ _ _ _ _ _ _ _ _ _ _ _ _ _ _ _ _ _ _ _ _ \n/opt/hostedtoolcache/Python/3.11.10/x64/lib/python3.11/site-packages/selenium/webdriver/chrome/webdriver.py:45: in __init__\n    super().__init__(\n/opt/hostedtoolcache/Python/3.11.10/x64/lib/python3.11/site-packages/selenium/webdriver/chromium/webdriver.py:49: in __init__\n    self.service.path = DriverFinder.get_path(self.service, options)\n_ _ _ _ _ _ _ _ _ _ _ _ _ _ _ _ _ _ _ _ _ _ _ _ _ _ _ _ _ _ _ _ _ _ _ _ _ _ _ _ \n\nservice = <selenium.webdriver.chrome.service.Service object at 0x7fd0cd13fc10>\noptions = <selenium.webdriver.chrome.options.Options object at 0x7fd0ce0e9310>\n\n    @staticmethod\n    def get_path(service: Service, options: BaseOptions) -> str:\n        path = service.path\n        try:\n            path = SeleniumManager().driver_location(options) if path is None else path\n        except Exception as err:\n            msg = f\"Unable to obtain driver for {options.capabilities['browserName']} using Selenium Manager.\"\n            raise NoSuchDriverException(msg) from err\n    \n        if path is None or not Path(path).is_file():\n>           raise NoSuchDriverException(f\"Unable to locate or obtain driver for {options.capabilities['browserName']}\")\nE           selenium.common.exceptions.NoSuchDriverException: Message: Unable to locate or obtain driver for chrome; For documentation on this error, please visit: https://www.selenium.dev/documentation/webdriver/troubleshooting/errors/driver_location\n\n/opt/hostedtoolcache/Python/3.11.10/x64/lib/python3.11/site-packages/selenium/webdriver/common/driver_finder.py:44: NoSuchDriverException","flaky":false,"newFailed":false,"newBroken":false,"newPassed":false,"retriesCount":0,"retriesStatusChange":false,"beforeStages":[{"name":"setup_reporting_directories","time":{"start":1728031934096,"stop":1728031934100,"duration":4},"status":"passed","steps":[],"attachments":[],"parameters":[],"shouldDisplayMessage":false,"stepsCount":0,"attachmentsCount":0,"hasContent":false,"attachmentStep":false},{"name":"driver","time":{"start":1728031968885,"stop":1728031969038,"duration":153},"status":"broken","statusMessage":"selenium.common.exceptions.NoSuchDriverException: Message: Unable to locate or obtain driver for chrome; For documentation on this error, please visit: https://www.selenium.dev/documentation/webdriver/troubleshooting/errors/driver_location\n\n","statusTrace":"  File \"/opt/hostedtoolcache/Python/3.11.10/x64/lib/python3.11/site-packages/pluggy/_callers.py\", line 166, in _multicall\n    teardown.throw(outcome._exception)\n  File \"/opt/hostedtoolcache/Python/3.11.10/x64/lib/python3.11/site-packages/_pytest/setuponly.py\", line 36, in pytest_fixture_setup\n    return (yield)\n            ^^^^^\n  File \"/opt/hostedtoolcache/Python/3.11.10/x64/lib/python3.11/site-packages/pluggy/_callers.py\", line 102, in _multicall\n    res = hook_impl.function(*args)\n          ^^^^^^^^^^^^^^^^^^^^^^^^^\n  File \"/opt/hostedtoolcache/Python/3.11.10/x64/lib/python3.11/site-packages/_pytest/fixtures.py\", line 1132, in pytest_fixture_setup\n    result = call_fixture_func(fixturefunc, request, kwargs)\n             ^^^^^^^^^^^^^^^^^^^^^^^^^^^^^^^^^^^^^^^^^^^^^^^\n  File \"/opt/hostedtoolcache/Python/3.11.10/x64/lib/python3.11/site-packages/_pytest/fixtures.py\", line 906, in call_fixture_func\n    fixture_result = next(generator)\n                     ^^^^^^^^^^^^^^^\n  File \"/home/runner/work/test-repo/test-repo/Common/BaseClass.py\", line 65, in driver\n    driver = webdriver.Chrome(service=serv, options=options)\n             ^^^^^^^^^^^^^^^^^^^^^^^^^^^^^^^^^^^^^^^^^^^^^^^\n  File \"/opt/hostedtoolcache/Python/3.11.10/x64/lib/python3.11/site-packages/selenium/webdriver/chrome/webdriver.py\", line 45, in __init__\n    super().__init__(\n  File \"/opt/hostedtoolcache/Python/3.11.10/x64/lib/python3.11/site-packages/selenium/webdriver/chromium/webdriver.py\", line 49, in __init__\n    self.service.path = DriverFinder.get_path(self.service, options)\n                        ^^^^^^^^^^^^^^^^^^^^^^^^^^^^^^^^^^^^^^^^^^^^\n  File \"/opt/hostedtoolcache/Python/3.11.10/x64/lib/python3.11/site-packages/selenium/webdriver/common/driver_finder.py\", line 44, in get_path\n    raise NoSuchDriverException(f\"Unable to locate or obtain driver for {options.capabilities['browserName']}\")\n","steps":[],"attachments":[],"parameters":[],"shouldDisplayMessage":true,"stepsCount":0,"attachmentsCount":0,"hasContent":true,"attachmentStep":false}],"afterStages":[],"labels":[{"name":"feature","value":"Login"},{"name":"severity","value":"normal"},{"name":"parentSuite","value":"Tests"},{"name":"suite","value":"test_Login"},{"name":"subSuite","value":"TestLogin"},{"name":"host","value":"fv-az1670-520"},{"name":"thread","value":"2353-MainThread"},{"name":"framework","value":"pytest"},{"name":"language","value":"cpython3"},{"name":"package","value":"Tests.test_Login"},{"name":"resultFormat","value":"allure2"}],"parameters":[{"name":"driver","value":"'Chrome'"},{"name":"password","value":"'secret_sauc'"},{"name":"username","value":"'standard_user'"}],"links":[],"hidden":false,"retry":false,"extra":{"severity":"normal","retries":[],"categories":[{"name":"Test defects","matchedStatuses":[],"flaky":false}],"history":{"statistic":{"failed":0,"broken":3,"skipped":0,"passed":1,"unknown":0,"total":4},"items":[{"uid":"de7d8002552300b1","reportUrl":"https://Simeon-Zografov.github.io/test-repo/3//#testresult/de7d8002552300b1","status":"broken","statusDetails":"selenium.common.exceptions.NoSuchDriverException: Message: Unable to locate or obtain driver for chrome; For documentation on this error, please visit: https://www.selenium.dev/documentation/webdriver/troubleshooting/errors/driver_location","time":{"start":1728031301077,"stop":1728031301077,"duration":0}},{"uid":"f152a22df10b7cbb","reportUrl":"https://Simeon-Zografov.github.io/test-repo/2//#testresult/f152a22df10b7cbb","status":"broken","statusDetails":"OSError: [Errno 8] Exec format error: '/home/runner/.wdm/drivers/chromedriver/linux64/129.0.6668.89/chromedriver-linux64/THIRD_PARTY_NOTICES.chromedriver'","time":{"start":1728030516925,"stop":1728030516925,"duration":0}},{"uid":"df8befe81a3ae0b3","status":"passed","time":{"start":1728024567600,"stop":1728024567994,"duration":394}}]},"tags":[]},"source":"11118b33c0287180.json","parameterValues":["'Chrome'","'secret_sauc'","'standard_user'"]}