{"uid":"2af99a77b532d41","name":"Check the landing page accessibility","fullName":"Tests.test_Accessibility.TestAccessibility#test_1","historyId":"d3e1758d03982814c02f1852d8cdaadd","time":{"start":1728031934096,"stop":1728031934096,"duration":0},"status":"broken","statusMessage":"selenium.common.exceptions.NoSuchDriverException: Message: Unable to locate or obtain driver for chrome; For documentation on this error, please visit: https://www.selenium.dev/documentation/webdriver/troubleshooting/errors/driver_location","statusTrace":"self = <Tests.test_Accessibility.TestAccessibility object at 0x7fd0cf109290>\nrequest = <SubRequest 'driver' for <Function test_1[Chrome]>>\n\n    @pytest.fixture(scope=\"class\")\n    def driver(self, request):\n        browser = request.param\n    \n        project_folder = os.path.dirname(os.path.dirname(os.path.abspath(__file__)))\n    \n        is_ci = os.getenv('CI') == 'true'\n        if is_ci:\n            if browser == \"Edge\":\n                # Set up Edge options\n                options = EdgeOptions()\n                options.add_argument(\"--headless\")\n                options.add_argument(\"--disable-gpu\")\n                options.add_argument(\"--window-size=1920,1080\")\n                options.add_argument(\"--no-sandbox\")\n                options.add_argument(\"--disable-dev-shm-usage\")\n                options.add_argument(\"--disable-extensions\")\n                options.add_argument(\"--disable-infobars\")\n                serv = EdgeService(EdgeChromiumDriverManager().install())\n                driver = webdriver.Edge(service=serv, options=options)\n            else:\n                options = ChromeOptions()\n                options.add_argument(\"--headless\")\n                options.add_argument(\"--disable-gpu\")\n                options.add_argument(\"--window-size=1920,1080\")\n                options.add_argument(\"--no-sandbox\")\n                options.add_argument(\"--disable-dev-shm-usage\")\n                options.add_argument(\"--disable-extensions\")\n                options.add_argument(\"--disable-infobars\")\n                chrome_driver_path = ChromeDriverManager().install()\n                serv = ChromeService(executable_path='/usr/local/share/chrome_driver/chromedriver')\n>               driver = webdriver.Chrome(service=serv, options=options)\n\nCommon/BaseClass.py:65: \n_ _ _ _ _ _ _ _ _ _ _ _ _ _ _ _ _ _ _ _ _ _ _ _ _ _ _ _ _ _ _ _ _ _ _ _ _ _ _ _ \n/opt/hostedtoolcache/Python/3.11.10/x64/lib/python3.11/site-packages/selenium/webdriver/chrome/webdriver.py:45: in __init__\n    super().__init__(\n/opt/hostedtoolcache/Python/3.11.10/x64/lib/python3.11/site-packages/selenium/webdriver/chromium/webdriver.py:49: in __init__\n    self.service.path = DriverFinder.get_path(self.service, options)\n_ _ _ _ _ _ _ _ _ _ _ _ _ _ _ _ _ _ _ _ _ _ _ _ _ _ _ _ _ _ _ _ _ _ _ _ _ _ _ _ \n\nservice = <selenium.webdriver.chrome.service.Service object at 0x7fd0cee5fc10>\noptions = <selenium.webdriver.chrome.options.Options object at 0x7fd0ce0cb910>\n\n    @staticmethod\n    def get_path(service: Service, options: BaseOptions) -> str:\n        path = service.path\n        try:\n            path = SeleniumManager().driver_location(options) if path is None else path\n        except Exception as err:\n            msg = f\"Unable to obtain driver for {options.capabilities['browserName']} using Selenium Manager.\"\n            raise NoSuchDriverException(msg) from err\n    \n        if path is None or not Path(path).is_file():\n>           raise NoSuchDriverException(f\"Unable to locate or obtain driver for {options.capabilities['browserName']}\")\nE           selenium.common.exceptions.NoSuchDriverException: Message: Unable to locate or obtain driver for chrome; For documentation on this error, please visit: https://www.selenium.dev/documentation/webdriver/troubleshooting/errors/driver_location\n\n/opt/hostedtoolcache/Python/3.11.10/x64/lib/python3.11/site-packages/selenium/webdriver/common/driver_finder.py:44: NoSuchDriverException","flaky":false,"newFailed":false,"newBroken":false,"newPassed":false,"retriesCount":0,"retriesStatusChange":false,"beforeStages":[{"name":"setup_reporting_directories","time":{"start":1728031934096,"stop":1728031934100,"duration":4},"status":"passed","steps":[],"attachments":[],"parameters":[],"shouldDisplayMessage":false,"stepsCount":0,"attachmentsCount":0,"hasContent":false,"attachmentStep":false},{"name":"driver","time":{"start":1728031934100,"stop":1728031936379,"duration":2279},"status":"broken","statusMessage":"selenium.common.exceptions.NoSuchDriverException: Message: Unable to locate or obtain driver for chrome; For documentation on this error, please visit: https://www.selenium.dev/documentation/webdriver/troubleshooting/errors/driver_location\n\n","statusTrace":"  File \"/opt/hostedtoolcache/Python/3.11.10/x64/lib/python3.11/site-packages/pluggy/_callers.py\", line 166, in _multicall\n    teardown.throw(outcome._exception)\n  File \"/opt/hostedtoolcache/Python/3.11.10/x64/lib/python3.11/site-packages/_pytest/setuponly.py\", line 36, in pytest_fixture_setup\n    return (yield)\n            ^^^^^\n  File \"/opt/hostedtoolcache/Python/3.11.10/x64/lib/python3.11/site-packages/pluggy/_callers.py\", line 102, in _multicall\n    res = hook_impl.function(*args)\n          ^^^^^^^^^^^^^^^^^^^^^^^^^\n  File \"/opt/hostedtoolcache/Python/3.11.10/x64/lib/python3.11/site-packages/_pytest/fixtures.py\", line 1132, in pytest_fixture_setup\n    result = call_fixture_func(fixturefunc, request, kwargs)\n             ^^^^^^^^^^^^^^^^^^^^^^^^^^^^^^^^^^^^^^^^^^^^^^^\n  File \"/opt/hostedtoolcache/Python/3.11.10/x64/lib/python3.11/site-packages/_pytest/fixtures.py\", line 906, in call_fixture_func\n    fixture_result = next(generator)\n                     ^^^^^^^^^^^^^^^\n  File \"/home/runner/work/test-repo/test-repo/Common/BaseClass.py\", line 65, in driver\n    driver = webdriver.Chrome(service=serv, options=options)\n             ^^^^^^^^^^^^^^^^^^^^^^^^^^^^^^^^^^^^^^^^^^^^^^^\n  File \"/opt/hostedtoolcache/Python/3.11.10/x64/lib/python3.11/site-packages/selenium/webdriver/chrome/webdriver.py\", line 45, in __init__\n    super().__init__(\n  File \"/opt/hostedtoolcache/Python/3.11.10/x64/lib/python3.11/site-packages/selenium/webdriver/chromium/webdriver.py\", line 49, in __init__\n    self.service.path = DriverFinder.get_path(self.service, options)\n                        ^^^^^^^^^^^^^^^^^^^^^^^^^^^^^^^^^^^^^^^^^^^^\n  File \"/opt/hostedtoolcache/Python/3.11.10/x64/lib/python3.11/site-packages/selenium/webdriver/common/driver_finder.py\", line 44, in get_path\n    raise NoSuchDriverException(f\"Unable to locate or obtain driver for {options.capabilities['browserName']}\")\n","steps":[],"attachments":[],"parameters":[],"shouldDisplayMessage":true,"stepsCount":0,"attachmentsCount":0,"hasContent":true,"attachmentStep":false}],"afterStages":[],"labels":[{"name":"feature","value":"Accessibility"},{"name":"severity","value":"normal"},{"name":"parentSuite","value":"Tests"},{"name":"suite","value":"test_Accessibility"},{"name":"subSuite","value":"TestAccessibility"},{"name":"host","value":"fv-az1670-520"},{"name":"thread","value":"2353-MainThread"},{"name":"framework","value":"pytest"},{"name":"language","value":"cpython3"},{"name":"package","value":"Tests.test_Accessibility"},{"name":"resultFormat","value":"allure2"}],"parameters":[{"name":"driver","value":"'Chrome'"}],"links":[],"hidden":false,"retry":false,"extra":{"severity":"normal","retries":[],"categories":[{"name":"Test defects","matchedStatuses":[],"flaky":false}],"history":{"statistic":{"failed":1,"broken":3,"skipped":0,"passed":0,"unknown":0,"total":4},"items":[{"uid":"fb3c809c37405eb1","reportUrl":"https://Simeon-Zografov.github.io/test-repo/3//#testresult/fb3c809c37405eb1","status":"broken","statusDetails":"selenium.common.exceptions.NoSuchDriverException: Message: Unable to locate or obtain driver for chrome; For documentation on this error, please visit: https://www.selenium.dev/documentation/webdriver/troubleshooting/errors/driver_location","time":{"start":1728031263929,"stop":1728031263929,"duration":0}},{"uid":"a286bf6dd12fe109","reportUrl":"https://Simeon-Zografov.github.io/test-repo/2//#testresult/a286bf6dd12fe109","status":"broken","statusDetails":"OSError: [Errno 8] Exec format error: '/home/runner/.wdm/drivers/chromedriver/linux64/129.0.6668.89/chromedriver-linux64/THIRD_PARTY_NOTICES.chromedriver'","time":{"start":1728030488946,"stop":1728030488946,"duration":0}},{"uid":"1eefefcf97cc42b0","status":"failed","statusDetails":"AssertionError: assert 4 == 0\n +  where 4 = len([{'description': 'Ensures every form element has a label', 'help': 'Form elements must have labels', 'helpUrl': 'https... by landmarks', 'helpUrl': 'https://dequeuniversity.com/rules/axe/3.1/region?application=axeAPI', 'id': 'region', ...}])","time":{"start":1728024509497,"stop":1728024513409,"duration":3912}}]},"tags":[]},"source":"2af99a77b532d41.json","parameterValues":["'Chrome'"]}