{"uid":"d40a6c1a3deada95","name":"Twitter link","fullName":"Tests.test_SocialMediaLinks.TestLogin#test_1","historyId":"f3d4fdd619ae32f73e46d5a7dc8251a4","time":{"start":1728033372262,"stop":1728033404443,"duration":32181},"status":"broken","statusMessage":"selenium.common.exceptions.TimeoutException: Message: \nStacktrace:\n#0 0x558fe608413a <unknown>\n#1 0x558fe5d6a5e0 <unknown>\n#2 0x558fe5db9be8 <unknown>\n#3 0x558fe5db9e81 <unknown>\n#4 0x558fe5e008c4 <unknown>\n#5 0x558fe5ddeb4d <unknown>\n#6 0x558fe5dfdd7d <unknown>\n#7 0x558fe5dde8c3 <unknown>\n#8 0x558fe5dac6b3 <unknown>\n#9 0x558fe5dad68e <unknown>\n#10 0x558fe604eb3b <unknown>\n#11 0x558fe6052ac1 <unknown>\n#12 0x558fe603b335 <unknown>\n#13 0x558fe6053642 <unknown>\n#14 0x558fe602049f <unknown>\n#15 0x558fe6073038 <unknown>\n#16 0x558fe6073203 <unknown>\n#17 0x558fe6082f8c <unknown>\n#18 0x7fa1ff09ca94 <unknown>\n#19 0x7fa1ff129c3c <unknown>","statusTrace":"self = <Tests.test_SocialMediaLinks.TestLogin object at 0x7f7da9ec3a90>\ndriver = <selenium.webdriver.chrome.webdriver.WebDriver (session=\"4e6b54c7a9b05df91859f07dec3deb07\")>\n\n    @severity(severity_level.NORMAL)\n    @allure.feature('Social Media Links')\n    @allure.title('Twitter link')\n    def test_1(self, driver):\n        landing_page_obj = LandingPage(driver)\n        home_page_obj = HomePage(driver)\n        driver.get(BaseClass.url)\n        landing_page_obj.complete_login(BaseClass.username, BaseClass.password)\n        home_page_obj.click_twitter_button()\n        with check, allure.step(\"Check twitter heather tex\"):\n            driver.switch_to.window(driver.window_handles[1])\n>           assert home_page_obj.get_twitter_heather_text() == \"Sauce Labs\"\n\nTests/test_SocialMediaLinks.py:25: \n_ _ _ _ _ _ _ _ _ _ _ _ _ _ _ _ _ _ _ _ _ _ _ _ _ _ _ _ _ _ _ _ _ _ _ _ _ _ _ _ \nPages/HomePage.py:43: in get_twitter_heather_text\n    twitter_heather = wait.until(\n_ _ _ _ _ _ _ _ _ _ _ _ _ _ _ _ _ _ _ _ _ _ _ _ _ _ _ _ _ _ _ _ _ _ _ _ _ _ _ _ \n\nself = <selenium.webdriver.support.wait.WebDriverWait (session=\"4e6b54c7a9b05df91859f07dec3deb07\")>\nmethod = <function visibility_of_element_located.<locals>._predicate at 0x7f7da98fab60>\nmessage = ''\n\n    def until(self, method: Callable[[D], Union[Literal[False], T]], message: str = \"\") -> T:\n        \"\"\"Calls the method provided with the driver as an argument until the \\\n        return value does not evaluate to ``False``.\n    \n        :param method: callable(WebDriver)\n        :param message: optional message for :exc:`TimeoutException`\n        :returns: the result of the last call to `method`\n        :raises: :exc:`selenium.common.exceptions.TimeoutException` if timeout occurs\n        \"\"\"\n        screen = None\n        stacktrace = None\n    \n        end_time = time.monotonic() + self._timeout\n        while True:\n            try:\n                value = method(self._driver)\n                if value:\n                    return value\n            except self._ignored_exceptions as exc:\n                screen = getattr(exc, \"screen\", None)\n                stacktrace = getattr(exc, \"stacktrace\", None)\n            time.sleep(self._poll)\n            if time.monotonic() > end_time:\n                break\n>       raise TimeoutException(message, screen, stacktrace)\nE       selenium.common.exceptions.TimeoutException: Message: \nE       Stacktrace:\nE       #0 0x558fe608413a <unknown>\nE       #1 0x558fe5d6a5e0 <unknown>\nE       #2 0x558fe5db9be8 <unknown>\nE       #3 0x558fe5db9e81 <unknown>\nE       #4 0x558fe5e008c4 <unknown>\nE       #5 0x558fe5ddeb4d <unknown>\nE       #6 0x558fe5dfdd7d <unknown>\nE       #7 0x558fe5dde8c3 <unknown>\nE       #8 0x558fe5dac6b3 <unknown>\nE       #9 0x558fe5dad68e <unknown>\nE       #10 0x558fe604eb3b <unknown>\nE       #11 0x558fe6052ac1 <unknown>\nE       #12 0x558fe603b335 <unknown>\nE       #13 0x558fe6053642 <unknown>\nE       #14 0x558fe602049f <unknown>\nE       #15 0x558fe6073038 <unknown>\nE       #16 0x558fe6073203 <unknown>\nE       #17 0x558fe6082f8c <unknown>\nE       #18 0x7fa1ff09ca94 <unknown>\nE       #19 0x7fa1ff129c3c <unknown>\n\n/opt/hostedtoolcache/Python/3.11.10/x64/lib/python3.11/site-packages/selenium/webdriver/support/wait.py:105: TimeoutException","flaky":false,"newFailed":false,"newBroken":false,"newPassed":false,"retriesCount":0,"retriesStatusChange":false,"beforeStages":[{"name":"setup_reporting_directories","time":{"start":1728033323983,"stop":1728033323986,"duration":3},"status":"passed","steps":[],"attachments":[],"parameters":[],"shouldDisplayMessage":false,"stepsCount":0,"attachmentsCount":0,"hasContent":false,"attachmentStep":false},{"name":"driver","time":{"start":1728033372063,"stop":1728033372262,"duration":199},"status":"passed","steps":[],"attachments":[],"parameters":[],"shouldDisplayMessage":false,"stepsCount":0,"attachmentsCount":0,"hasContent":false,"attachmentStep":false}],"testStage":{"status":"broken","statusMessage":"selenium.common.exceptions.TimeoutException: Message: \nStacktrace:\n#0 0x558fe608413a <unknown>\n#1 0x558fe5d6a5e0 <unknown>\n#2 0x558fe5db9be8 <unknown>\n#3 0x558fe5db9e81 <unknown>\n#4 0x558fe5e008c4 <unknown>\n#5 0x558fe5ddeb4d <unknown>\n#6 0x558fe5dfdd7d <unknown>\n#7 0x558fe5dde8c3 <unknown>\n#8 0x558fe5dac6b3 <unknown>\n#9 0x558fe5dad68e <unknown>\n#10 0x558fe604eb3b <unknown>\n#11 0x558fe6052ac1 <unknown>\n#12 0x558fe603b335 <unknown>\n#13 0x558fe6053642 <unknown>\n#14 0x558fe602049f <unknown>\n#15 0x558fe6073038 <unknown>\n#16 0x558fe6073203 <unknown>\n#17 0x558fe6082f8c <unknown>\n#18 0x7fa1ff09ca94 <unknown>\n#19 0x7fa1ff129c3c <unknown>","statusTrace":"self = <Tests.test_SocialMediaLinks.TestLogin object at 0x7f7da9ec3a90>\ndriver = <selenium.webdriver.chrome.webdriver.WebDriver (session=\"4e6b54c7a9b05df91859f07dec3deb07\")>\n\n    @severity(severity_level.NORMAL)\n    @allure.feature('Social Media Links')\n    @allure.title('Twitter link')\n    def test_1(self, driver):\n        landing_page_obj = LandingPage(driver)\n        home_page_obj = HomePage(driver)\n        driver.get(BaseClass.url)\n        landing_page_obj.complete_login(BaseClass.username, BaseClass.password)\n        home_page_obj.click_twitter_button()\n        with check, allure.step(\"Check twitter heather tex\"):\n            driver.switch_to.window(driver.window_handles[1])\n>           assert home_page_obj.get_twitter_heather_text() == \"Sauce Labs\"\n\nTests/test_SocialMediaLinks.py:25: \n_ _ _ _ _ _ _ _ _ _ _ _ _ _ _ _ _ _ _ _ _ _ _ _ _ _ _ _ _ _ _ _ _ _ _ _ _ _ _ _ \nPages/HomePage.py:43: in get_twitter_heather_text\n    twitter_heather = wait.until(\n_ _ _ _ _ _ _ _ _ _ _ _ _ _ _ _ _ _ _ _ _ _ _ _ _ _ _ _ _ _ _ _ _ _ _ _ _ _ _ _ \n\nself = <selenium.webdriver.support.wait.WebDriverWait (session=\"4e6b54c7a9b05df91859f07dec3deb07\")>\nmethod = <function visibility_of_element_located.<locals>._predicate at 0x7f7da98fab60>\nmessage = ''\n\n    def until(self, method: Callable[[D], Union[Literal[False], T]], message: str = \"\") -> T:\n        \"\"\"Calls the method provided with the driver as an argument until the \\\n        return value does not evaluate to ``False``.\n    \n        :param method: callable(WebDriver)\n        :param message: optional message for :exc:`TimeoutException`\n        :returns: the result of the last call to `method`\n        :raises: :exc:`selenium.common.exceptions.TimeoutException` if timeout occurs\n        \"\"\"\n        screen = None\n        stacktrace = None\n    \n        end_time = time.monotonic() + self._timeout\n        while True:\n            try:\n                value = method(self._driver)\n                if value:\n                    return value\n            except self._ignored_exceptions as exc:\n                screen = getattr(exc, \"screen\", None)\n                stacktrace = getattr(exc, \"stacktrace\", None)\n            time.sleep(self._poll)\n            if time.monotonic() > end_time:\n                break\n>       raise TimeoutException(message, screen, stacktrace)\nE       selenium.common.exceptions.TimeoutException: Message: \nE       Stacktrace:\nE       #0 0x558fe608413a <unknown>\nE       #1 0x558fe5d6a5e0 <unknown>\nE       #2 0x558fe5db9be8 <unknown>\nE       #3 0x558fe5db9e81 <unknown>\nE       #4 0x558fe5e008c4 <unknown>\nE       #5 0x558fe5ddeb4d <unknown>\nE       #6 0x558fe5dfdd7d <unknown>\nE       #7 0x558fe5dde8c3 <unknown>\nE       #8 0x558fe5dac6b3 <unknown>\nE       #9 0x558fe5dad68e <unknown>\nE       #10 0x558fe604eb3b <unknown>\nE       #11 0x558fe6052ac1 <unknown>\nE       #12 0x558fe603b335 <unknown>\nE       #13 0x558fe6053642 <unknown>\nE       #14 0x558fe602049f <unknown>\nE       #15 0x558fe6073038 <unknown>\nE       #16 0x558fe6073203 <unknown>\nE       #17 0x558fe6082f8c <unknown>\nE       #18 0x7fa1ff09ca94 <unknown>\nE       #19 0x7fa1ff129c3c <unknown>\n\n/opt/hostedtoolcache/Python/3.11.10/x64/lib/python3.11/site-packages/selenium/webdriver/support/wait.py:105: TimeoutException","steps":[{"name":"Check twitter heather tex","time":{"start":1728033372753,"stop":1728033404442,"duration":31689},"status":"broken","statusMessage":"selenium.common.exceptions.TimeoutException: Message: \nStacktrace:\n#0 0x558fe608413a <unknown>\n#1 0x558fe5d6a5e0 <unknown>\n#2 0x558fe5db9be8 <unknown>\n#3 0x558fe5db9e81 <unknown>\n#4 0x558fe5e008c4 <unknown>\n#5 0x558fe5ddeb4d <unknown>\n#6 0x558fe5dfdd7d <unknown>\n#7 0x558fe5dde8c3 <unknown>\n#8 0x558fe5dac6b3 <unknown>\n#9 0x558fe5dad68e <unknown>\n#10 0x558fe604eb3b <unknown>\n#11 0x558fe6052ac1 <unknown>\n#12 0x558fe603b335 <unknown>\n#13 0x558fe6053642 <unknown>\n#14 0x558fe602049f <unknown>\n#15 0x558fe6073038 <unknown>\n#16 0x558fe6073203 <unknown>\n#17 0x558fe6082f8c <unknown>\n#18 0x7fa1ff09ca94 <unknown>\n#19 0x7fa1ff129c3c <unknown>\n\n","statusTrace":"  File \"/home/runner/work/test-repo/test-repo/Tests/test_SocialMediaLinks.py\", line 25, in test_1\n    assert home_page_obj.get_twitter_heather_text() == \"Sauce Labs\"\n  File \"/home/runner/work/test-repo/test-repo/Pages/HomePage.py\", line 43, in get_twitter_heather_text\n    twitter_heather = wait.until(\n                      ^^^^^^^^^^^\n  File \"/opt/hostedtoolcache/Python/3.11.10/x64/lib/python3.11/site-packages/selenium/webdriver/support/wait.py\", line 105, in until\n    raise TimeoutException(message, screen, stacktrace)\n","steps":[],"attachments":[],"parameters":[],"shouldDisplayMessage":true,"stepsCount":0,"attachmentsCount":0,"hasContent":true,"attachmentStep":false}],"attachments":[],"parameters":[],"shouldDisplayMessage":true,"stepsCount":1,"attachmentsCount":0,"hasContent":true,"attachmentStep":false},"afterStages":[{"name":"driver::0","time":{"start":1728033417313,"stop":1728033417412,"duration":99},"status":"passed","steps":[],"attachments":[],"parameters":[],"shouldDisplayMessage":false,"stepsCount":0,"attachmentsCount":0,"hasContent":false,"attachmentStep":false}],"labels":[{"name":"feature","value":"Social Media Links"},{"name":"severity","value":"normal"},{"name":"parentSuite","value":"Tests"},{"name":"suite","value":"test_SocialMediaLinks"},{"name":"subSuite","value":"TestLogin"},{"name":"host","value":"fv-az1913-375"},{"name":"thread","value":"2383-MainThread"},{"name":"framework","value":"pytest"},{"name":"language","value":"cpython3"},{"name":"package","value":"Tests.test_SocialMediaLinks"},{"name":"resultFormat","value":"allure2"}],"parameters":[{"name":"driver","value":"'Chrome'"}],"links":[],"hidden":false,"retry":false,"extra":{"severity":"normal","retries":[],"categories":[{"name":"Test defects","matchedStatuses":[],"flaky":false}],"history":{"statistic":{"failed":0,"broken":6,"skipped":0,"passed":0,"unknown":0,"total":6},"items":[{"uid":"a76c2a2d2f5c6702","reportUrl":"https://Simeon-Zografov.github.io/test-repo/5//#testresult/a76c2a2d2f5c6702","status":"broken","statusDetails":"selenium.common.exceptions.NoSuchDriverException: Message: Unable to locate or obtain driver for chrome; For documentation on this error, please visit: https://www.selenium.dev/documentation/webdriver/troubleshooting/errors/driver_location","time":{"start":1728032232598,"stop":1728032232598,"duration":0}},{"uid":"9c14bfc6170d761c","reportUrl":"https://Simeon-Zografov.github.io/test-repo/4//#testresult/9c14bfc6170d761c","status":"broken","statusDetails":"selenium.common.exceptions.NoSuchDriverException: Message: Unable to locate or obtain driver for chrome; For documentation on this error, please visit: https://www.selenium.dev/documentation/webdriver/troubleshooting/errors/driver_location","time":{"start":1728031971678,"stop":1728031971678,"duration":0}},{"uid":"71e4538ce9049dea","reportUrl":"https://Simeon-Zografov.github.io/test-repo/3//#testresult/71e4538ce9049dea","status":"broken","statusDetails":"selenium.common.exceptions.NoSuchDriverException: Message: Unable to locate or obtain driver for chrome; For documentation on this error, please visit: https://www.selenium.dev/documentation/webdriver/troubleshooting/errors/driver_location","time":{"start":1728031303911,"stop":1728031303911,"duration":0}},{"uid":"bf9c37458e1f06f4","reportUrl":"https://Simeon-Zografov.github.io/test-repo/2//#testresult/bf9c37458e1f06f4","status":"broken","statusDetails":"OSError: [Errno 8] Exec format error: '/home/runner/.wdm/drivers/chromedriver/linux64/129.0.6668.89/chromedriver-linux64/THIRD_PARTY_NOTICES.chromedriver'","time":{"start":1728030519479,"stop":1728030519479,"duration":0}},{"uid":"cd12a177d8c44647","status":"broken","statusDetails":"selenium.common.exceptions.TimeoutException: Message: \nStacktrace:\n0   chromedriver                        0x0000000102d7fd18 chromedriver + 4996376\n1   chromedriver                        0x0000000102d775da chromedriver + 4961754\n2   chromedriver                        0x000000010291ad10 chromedriver + 388368\n3   chromedriver                        0x000000010296730f chromedriver + 701199\n4   chromedriver                        0x00000001029673f1 chromedriver + 701425\n5   chromedriver                        0x00000001029ac464 chromedriver + 984164\n6   chromedriver                        0x000000010298b9dd chromedriver + 850397\n7   chromedriver                        0x00000001029a9a00 chromedriver + 973312\n8   chromedriver                        0x000000010298b753 chromedriver + 849747\n9   chromedriver                        0x000000010295a635 chromedriver + 648757\n10  chromedriver                        0x000000010295ae5e chromedriver + 650846\n11  chromedriver                        0x0000000102d46000 chromedriver + 4759552\n12  chromedriver                        0x0000000102d4af18 chromedriver + 4779800\n13  chromedriver                        0x0000000102d4b5e5 chromedriver + 4781541\n14  chromedriver                        0x0000000102d28aa9 chromedriver + 4639401\n15  chromedriver                        0x0000000102d4b8d9 chromedriver + 4782297\n16  chromedriver                        0x0000000102d1a044 chromedriver + 4579396\n17  chromedriver                        0x0000000102d67a08 chromedriver + 4897288\n18  chromedriver                        0x0000000102d67c03 chromedriver + 4897795\n19  chromedriver                        0x0000000102d771de chromedriver + 4960734\n20  libsystem_pthread.dylib             0x00007ff810f1418b _pthread_start + 99\n21  libsystem_pthread.dylib             0x00007ff810f0fae3 thread_start + 15","time":{"start":1728024591123,"stop":1728024636524,"duration":45401}}]},"tags":[]},"source":"d40a6c1a3deada95.json","parameterValues":["'Chrome'"]}