{"uid":"fc0f1e64af44343b","name":"Visual check of the Home page","fullName":"Tests.test_VisualTests.TestVisual#test_2","historyId":"7e2162c355f3bd4c8610625a9983e516","time":{"start":1728036643858,"stop":1728036645328,"duration":1470},"status":"broken","statusMessage":"ValueError: ('Image sizes do not match.', 13537280, 3650560)","statusTrace":"self = <Tests.test_VisualTests.TestVisual object at 0x7fdee1b72010>\ndriver = <selenium.webdriver.chrome.webdriver.WebDriver (session=\"2918d8b9a5ced6a2f770d092f6764406\")>\n\n    @severity(severity_level.NORMAL)\n    @allure.feature('Home page')\n    @allure.title(\"Visual check of the Home page\")\n    def test_2(self, driver):\n        landing_page_obj = LandingPage(driver)\n        driver.get(BaseClass.url)\n        landing_page_obj.complete_login(BaseClass.username, BaseClass.password)\n>       visual_comparison(driver, \"home_page\", \"main\")\n\nTests/test_VisualTests.py:28: \n_ _ _ _ _ _ _ _ _ _ _ _ _ _ _ _ _ _ _ _ _ _ _ _ _ _ _ _ _ _ _ _ _ _ _ _ _ _ _ _ \nCommon/VisualChack.py:26: in visual_comparison\n    mismatch = pixelmatch(reference_image, current_image, img_diff, includeAA=True)\n/opt/hostedtoolcache/Python/3.11.10/x64/lib/python3.11/site-packages/pixelmatch/contrib/PIL.py:52: in pixelmatch\n    diff_pixels = core.pixelmatch(\n_ _ _ _ _ _ _ _ _ _ _ _ _ _ _ _ _ _ _ _ _ _ _ _ _ _ _ _ _ _ _ _ _ _ _ _ _ _ _ _ \n\nimg1 = [255, 255, 255, 255, 255, 255, ...]\nimg2 = [255, 255, 255, 255, 255, 255, ...], width = 2560, height = 1322\noutput = [0, 0, 0, 0, 0, 0, ...], threshold = 0.1, includeAA = True, alpha = 0.1\naa_color = (255, 255, 0), diff_color = (255, 0, 0), diff_mask = False\nfail_fast = False\n\n    def pixelmatch(\n        img1: ImageSequence,\n        img2: ImageSequence,\n        width: int,\n        height: int,\n        output: Optional[MutableImageSequence] = None,\n        threshold: float = 0.1,\n        includeAA: bool = False,\n        alpha: float = 0.1,\n        aa_color: RGBTuple = (255, 255, 0),\n        diff_color: RGBTuple = (255, 0, 0),\n        diff_mask: bool = False,\n        fail_fast: bool = False,\n    ) -> int:\n        \"\"\"\n        Compares two images, writes the output diff and returns the number of mismatched pixels.\n        'Raw image data' refers to a 1D, indexable collection of image data in the\n        format [R1, G1, B1, A1, R2, G2, ...].\n    \n        :param img1: Image data to compare with img2. Must be the same size as img2\n        :param img2: Image data to compare with img2. Must be the same size as img1\n        :param width: Width of both images (they should be the same).\n        :param height: Height of both images (they should be the same).\n        :param output: Image data to write the diff to. Should be the same size as\n        :param threshold: matching threshold (0 to 1); smaller is more sensitive, defaults to 1\n        :param includeAA: whether or not to skip anti-aliasing detection, ie if includeAA is True,\n            detecting and ignoring anti-aliased pixels is disabled. Defaults to False\n        :param alpha: opacity of original image in diff output, defaults to 0.1\n        :param aa_color: tuple of RGB color of anti-aliased pixels in diff output,\n            defaults to (255, 255, 0) (yellow)\n        :param diff_color: tuple of RGB color of the color of different pixels in diff output,\n            defaults to (255, 0, 0) (red)\n        :param diff_mask: whether or not to draw the diff over a transparent background (a mask),\n            defaults to False\n        :param fail_fast: if true, will return after first different pixel. Defaults to false\n        :return: number of pixels that are different or 1 if fail_fast == true\n        \"\"\"\n    \n        if len(img1) != len(img2):\n>           raise ValueError(\"Image sizes do not match.\", len(img1), len(img2))\nE           ValueError: ('Image sizes do not match.', 13537280, 3650560)\n\n/opt/hostedtoolcache/Python/3.11.10/x64/lib/python3.11/site-packages/pixelmatch/core.py:46: ValueError","flaky":false,"newFailed":false,"newBroken":false,"newPassed":false,"retriesCount":0,"retriesStatusChange":false,"beforeStages":[{"name":"setup_reporting_directories","time":{"start":1728036582590,"stop":1728036582591,"duration":1},"status":"passed","steps":[],"attachments":[],"parameters":[],"shouldDisplayMessage":false,"stepsCount":0,"attachmentsCount":0,"hasContent":false,"attachmentStep":false},{"name":"driver","time":{"start":1728036642035,"stop":1728036642254,"duration":219},"status":"passed","steps":[],"attachments":[],"parameters":[],"shouldDisplayMessage":false,"stepsCount":0,"attachmentsCount":0,"hasContent":false,"attachmentStep":false}],"afterStages":[{"name":"driver::0","time":{"start":1728036652005,"stop":1728036652073,"duration":68},"status":"passed","steps":[],"attachments":[],"parameters":[],"shouldDisplayMessage":false,"stepsCount":0,"attachmentsCount":0,"hasContent":false,"attachmentStep":false}],"labels":[{"name":"severity","value":"normal"},{"name":"feature","value":"Home page"},{"name":"parentSuite","value":"Tests"},{"name":"suite","value":"test_VisualTests"},{"name":"subSuite","value":"TestVisual"},{"name":"host","value":"fv-az1280-911"},{"name":"thread","value":"2407-MainThread"},{"name":"framework","value":"pytest"},{"name":"language","value":"cpython3"},{"name":"package","value":"Tests.test_VisualTests"},{"name":"resultFormat","value":"allure2"}],"parameters":[{"name":"driver","value":"'Chrome'"}],"links":[],"hidden":false,"retry":false,"extra":{"severity":"normal","retries":[],"categories":[{"name":"Test defects","matchedStatuses":[],"flaky":false}],"history":{"statistic":{"failed":2,"broken":10,"skipped":0,"passed":0,"unknown":0,"total":12},"items":[{"uid":"c5c1f5ee21920da1","reportUrl":"https://Simeon-Zografov.github.io/test-repo/14//#testresult/c5c1f5ee21920da1","status":"broken","statusDetails":"ValueError: ('Image sizes do not match.', 13537280, 3650560)","time":{"start":1728036111610,"stop":1728036113065,"duration":1455}},{"uid":"31ad05bfcff59bb2","reportUrl":"https://Simeon-Zografov.github.io/test-repo/13//#testresult/31ad05bfcff59bb2","status":"broken","statusDetails":"ValueError: ('Image sizes do not match.', 13537280, 3650560)","time":{"start":1728035948963,"stop":1728035950445,"duration":1482}},{"uid":"84117103f714c68a","reportUrl":"https://Simeon-Zografov.github.io/test-repo/12//#testresult/84117103f714c68a","status":"broken","statusDetails":"ValueError: ('Image sizes do not match.', 13537280, 3650560)","time":{"start":1728035698671,"stop":1728035700109,"duration":1438}},{"uid":"10d5fa2180f84c65","reportUrl":"https://Simeon-Zografov.github.io/test-repo/11//#testresult/10d5fa2180f84c65","status":"broken","statusDetails":"ValueError: ('Image sizes do not match.', 13537280, 3650560)","time":{"start":1728035319267,"stop":1728035320744,"duration":1477}},{"uid":"8cf0454b86122fe0","reportUrl":"https://Simeon-Zografov.github.io/test-repo/10//#testresult/8cf0454b86122fe0","status":"failed","statusDetails":"AssertionError: \u001B[31mFAILURE: \u001B[0m\n\u001B[31mtest_VisualTests.py\u001B[0m:28 in test_2() -> \n\u001B[31mVisualChack.py\u001B[0m:27 in visual_comparison() -> with check, allure.step(f\"Visual check for {path} in {i} iteration\"):\n\u001B[31mVisualChack.py\u001B[0m:38 in visual_comparison -> assert mismatch == 0\n\u001B[31mAssertionError\n\u001B[0m\n\n\u001B[31mFAILURE: \u001B[0m\n------------------------------------------------------------\nFailed Checks: 2","time":{"start":1728024744825,"stop":1728024762259,"duration":17434}},{"uid":"dcb9251cab6f9768","reportUrl":"https://Simeon-Zografov.github.io/test-repo/9//#testresult/dcb9251cab6f9768","status":"broken","statusDetails":"ValueError: ('Image sizes do not match.', 13537280, 3650560)","time":{"start":1728033464976,"stop":1728033466453,"duration":1477}},{"uid":"655a7e5cf08e7204","reportUrl":"https://Simeon-Zografov.github.io/test-repo/5//#testresult/655a7e5cf08e7204","status":"broken","statusDetails":"selenium.common.exceptions.NoSuchDriverException: Message: Unable to locate or obtain driver for chrome; For documentation on this error, please visit: https://www.selenium.dev/documentation/webdriver/troubleshooting/errors/driver_location","time":{"start":1728032279017,"stop":1728032279017,"duration":0}},{"uid":"120fed84f9379a56","reportUrl":"https://Simeon-Zografov.github.io/test-repo/4//#testresult/120fed84f9379a56","status":"broken","statusDetails":"selenium.common.exceptions.NoSuchDriverException: Message: Unable to locate or obtain driver for chrome; For documentation on this error, please visit: https://www.selenium.dev/documentation/webdriver/troubleshooting/errors/driver_location","time":{"start":1728032017654,"stop":1728032017654,"duration":0}},{"uid":"f8550d877389f597","reportUrl":"https://Simeon-Zografov.github.io/test-repo/3//#testresult/f8550d877389f597","status":"broken","statusDetails":"selenium.common.exceptions.NoSuchDriverException: Message: Unable to locate or obtain driver for chrome; For documentation on this error, please visit: https://www.selenium.dev/documentation/webdriver/troubleshooting/errors/driver_location","time":{"start":1728031350186,"stop":1728031350186,"duration":0}},{"uid":"f49c17f9ef04a5cb","reportUrl":"https://Simeon-Zografov.github.io/test-repo/2//#testresult/f49c17f9ef04a5cb","status":"broken","statusDetails":"OSError: [Errno 8] Exec format error: '/home/runner/.wdm/drivers/chromedriver/linux64/129.0.6668.89/chromedriver-linux64/THIRD_PARTY_NOTICES.chromedriver'","time":{"start":1728030565978,"stop":1728030565978,"duration":0}},{"uid":"d9a7b0a7d5c9a3ef","status":"failed","statusDetails":"AssertionError: \u001B[31mFAILURE: \u001B[0m\n\u001B[31mtest_VisualTests.py\u001B[0m:28 in test_2() -> \n\u001B[31mVisualChack.py\u001B[0m:27 in visual_comparison() -> with check, allure.step(f\"Visual check for {path} in {i} iteration\"):\n\u001B[31mVisualChack.py\u001B[0m:38 in visual_comparison -> assert mismatch == 0\n\u001B[31mAssertionError\n\u001B[0m\n\n\u001B[31mFAILURE: \u001B[0m\n------------------------------------------------------------\nFailed Checks: 2","time":{"start":1728024744825,"stop":1728024762259,"duration":17434}}]},"tags":[]},"source":"fc0f1e64af44343b.json","parameterValues":["'Chrome'"]}