{
  "uid" : "4b4757e66a1912dae1a509f688f20b0f",
  "name" : "categories",
  "children" : [ {
    "name" : "Product defects",
    "children" : [ {
      "name" : "AssertionError: assert 4 == 0\n +  where 4 = len([{'description': 'Ensures every form element has a label', 'help': 'Form elements must have labels', 'helpUrl': 'https... by landmarks', 'helpUrl': 'https://dequeuniversity.com/rules/axe/3.1/region?application=axeAPI', 'id': 'region', ...}])",
      "children" : [ {
        "name" : "Check the landing page accessibility",
        "uid" : "1eefefcf97cc42b0",
        "parentUid" : "8c7ef59833ce624d91e5925e599411b3",
        "status" : "failed",
        "time" : {
          "start" : 1728024509497,
          "stop" : 1728024513409,
          "duration" : 3912
        },
        "flaky" : false,
        "parameters" : [ "'Chrome'" ]
      } ],
      "uid" : "8c7ef59833ce624d91e5925e599411b3"
    }, {
      "name" : "AssertionError: assert 6 == 0\n +  where 6 = len([{'description': 'Ensures each page has at least one mechanism for a user to bypass navigation and jump straight to th... by landmarks', 'helpUrl': 'https://dequeuniversity.com/rules/axe/3.1/region?application=axeAPI', 'id': 'region', ...}])",
      "children" : [ {
        "name" : "Check the home page accessibility",
        "uid" : "3b9ec32f59077009",
        "parentUid" : "35904ac2e4c3ae46f569e43c4ca9468c",
        "status" : "failed",
        "time" : {
          "start" : 1728024513434,
          "stop" : 1728024523769,
          "duration" : 10335
        },
        "flaky" : false,
        "parameters" : [ "'Chrome'" ]
      } ],
      "uid" : "35904ac2e4c3ae46f569e43c4ca9468c"
    }, {
      "name" : "AssertionError: \u001B[31mFAILURE: \u001B[0m\n\u001B[31mtest_Login.py\u001B[0m:57 in test_2() -> \n\u001B[31mBaseClass.py\u001B[0m:14 in check_with_screenshot() -> with check, allure.step(message):\n\u001B[31mBaseClass.py\u001B[0m:21 in check_with_screenshot -> assert cond\n\u001B[31mAssertionError\n\u001B[0m\n\n------------------------------------------------------------\nFailed Checks: 1",
      "children" : [ {
        "name" : "Successful login",
        "uid" : "401080ba13b6f333",
        "parentUid" : "fcdc481e4a78d75e03974a1c48b14b10",
        "status" : "failed",
        "time" : {
          "start" : 1728024583541,
          "stop" : 1728024586108,
          "duration" : 2567
        },
        "flaky" : false,
        "parameters" : [ "'Edge'" ]
      } ],
      "uid" : "fcdc481e4a78d75e03974a1c48b14b10"
    }, {
      "name" : "AssertionError: \u001B[31mFAILURE: \u001B[0m\n\u001B[31mtest_VisualTests.py\u001B[0m:28 in test_2() -> \n\u001B[31mVisualChack.py\u001B[0m:27 in visual_comparison() -> with check, allure.step(f\"Visual check for {path} in {i} iteration\"):\n\u001B[31mVisualChack.py\u001B[0m:38 in visual_comparison -> assert mismatch == 0\n\u001B[31mAssertionError\n\u001B[0m\n\n\u001B[31mFAILURE: \u001B[0m\n------------------------------------------------------------\nFailed Checks: 2",
      "children" : [ {
        "name" : "Visual check of the Home page",
        "uid" : "d9a7b0a7d5c9a3ef",
        "parentUid" : "e7b8cb7ff3249748cb6caf74b79d874c",
        "status" : "failed",
        "time" : {
          "start" : 1728024744825,
          "stop" : 1728024762259,
          "duration" : 17434
        },
        "flaky" : false,
        "parameters" : [ "'Chrome'" ]
      } ],
      "uid" : "e7b8cb7ff3249748cb6caf74b79d874c"
    }, {
      "name" : "AssertionError: \u001B[31mFAILURE: \u001B[0m\n\u001B[31mtest_VisualTests.py\u001B[0m:38 in test_3() -> \n\u001B[31mVisualChack.py\u001B[0m:27 in visual_comparison() -> with check, allure.step(f\"Visual check for {path} in {i} iteration\"):\n\u001B[31mVisualChack.py\u001B[0m:38 in visual_comparison -> assert mismatch == 0\n\u001B[31mAssertionError\n\u001B[0m\n\n\u001B[31mFAILURE: \u001B[0m\n------------------------------------------------------------\nFailed Checks: 2",
      "children" : [ {
        "name" : "Visual check of the Home page after burger button click",
        "uid" : "5104bd2538bc3335",
        "parentUid" : "547ba8a75ae3cdc5ed4a8706a10761b0",
        "status" : "failed",
        "time" : {
          "start" : 1728024762260,
          "stop" : 1728024778377,
          "duration" : 16117
        },
        "flaky" : false,
        "parameters" : [ "'Chrome'" ]
      } ],
      "uid" : "547ba8a75ae3cdc5ed4a8706a10761b0"
    }, {
      "name" : "AssertionError: \u001B[31mFAILURE: \u001B[0m\n\u001B[31mtest_VisualTests.py\u001B[0m:48 in test_4() -> \n\u001B[31mVisualChack.py\u001B[0m:27 in visual_comparison() -> with check, allure.step(f\"Visual check for {path} in {i} iteration\"):\n\u001B[31mVisualChack.py\u001B[0m:38 in visual_comparison -> assert mismatch == 0\n\u001B[31mAssertionError\n\u001B[0m\n\n\u001B[31mFAILURE: \u001B[0m\n------------------------------------------------------------\nFailed Checks: 2",
      "children" : [ {
        "name" : "Visual check of the broken Home page",
        "uid" : "374382433d67df68",
        "parentUid" : "d3448531f704e8744dc78fc70b8a94f7",
        "status" : "failed",
        "time" : {
          "start" : 1728024778379,
          "stop" : 1728024793534,
          "duration" : 15155
        },
        "flaky" : false,
        "parameters" : [ "'Chrome'" ]
      } ],
      "uid" : "d3448531f704e8744dc78fc70b8a94f7"
    }, {
      "name" : "AssertionError: \u001B[31mFAILURE: \u001B[0m\n\u001B[31mtest_VisualTests.py\u001B[0m:58 in test_5() -> \n\u001B[31mVisualChack.py\u001B[0m:27 in visual_comparison() -> with check, allure.step(f\"Visual check for {path} in {i} iteration\"):\n\u001B[31mVisualChack.py\u001B[0m:38 in visual_comparison -> assert mismatch == 0\n\u001B[31mAssertionError\n\u001B[0m\n\n\u001B[31mFAILURE: \u001B[0m\n------------------------------------------------------------\nFailed Checks: 2",
      "children" : [ {
        "name" : "Visual check of the broken Home page after burger button click",
        "uid" : "351838a12d538582",
        "parentUid" : "60c4975c34c47ddfe38a4285b7d253d2",
        "status" : "failed",
        "time" : {
          "start" : 1728024793535,
          "stop" : 1728024808533,
          "duration" : 14998
        },
        "flaky" : false,
        "parameters" : [ "'Chrome'" ]
      } ],
      "uid" : "60c4975c34c47ddfe38a4285b7d253d2"
    } ],
    "uid" : "8fb3a91ba5aaf9de24cc8a92edc82b5d"
  }, {
    "name" : "Test defects",
    "children" : [ {
      "name" : "selenium.common.exceptions.TimeoutException: Message: \nStacktrace:\n0   chromedriver                        0x0000000102d7fd18 chromedriver + 4996376\n1   chromedriver                        0x0000000102d775da chromedriver + 4961754\n2   chromedriver                        0x000000010291ad10 chromedriver + 388368\n3   chromedriver                        0x000000010296730f chromedriver + 701199\n4   chromedriver                        0x00000001029673f1 chromedriver + 701425\n5   chromedriver                        0x00000001029ac464 chromedriver + 984164\n6   chromedriver                        0x000000010298b9dd chromedriver + 850397\n7   chromedriver                        0x00000001029a9a00 chromedriver + 973312\n8   chromedriver                        0x000000010298b753 chromedriver + 849747\n9   chromedriver                        0x000000010295a635 chromedriver + 648757\n10  chromedriver                        0x000000010295ae5e chromedriver + 650846\n11  chromedriver                        0x0000000102d46000 chromedriver + 4759552\n12  chromedriver                        0x0000000102d4af18 chromedriver + 4779800\n13  chromedriver                        0x0000000102d4b5e5 chromedriver + 4781541\n14  chromedriver                        0x0000000102d28aa9 chromedriver + 4639401\n15  chromedriver                        0x0000000102d4b8d9 chromedriver + 4782297\n16  chromedriver                        0x0000000102d1a044 chromedriver + 4579396\n17  chromedriver                        0x0000000102d67a08 chromedriver + 4897288\n18  chromedriver                        0x0000000102d67c03 chromedriver + 4897795\n19  chromedriver                        0x0000000102d771de chromedriver + 4960734\n20  libsystem_pthread.dylib             0x00007ff810f1418b _pthread_start + 99\n21  libsystem_pthread.dylib             0x00007ff810f0fae3 thread_start + 15",
      "children" : [ {
        "name" : "Twitter link",
        "uid" : "cd12a177d8c44647",
        "parentUid" : "4c76de4c944482645838a73b8f4a5312",
        "status" : "broken",
        "time" : {
          "start" : 1728024591123,
          "stop" : 1728024636524,
          "duration" : 45401
        },
        "flaky" : false,
        "parameters" : [ "'Chrome'" ]
      } ],
      "uid" : "4c76de4c944482645838a73b8f4a5312"
    }, {
      "name" : "selenium.common.exceptions.NoSuchElementException: Message: no such element: Unable to locate element: {\"method\":\"xpath\",\"selector\":\"//li[@class='social_twitter']/a\"}\n  (Session info: chrome=129.0.6668.90); For documentation on this error, please visit: https://www.selenium.dev/documentation/webdriver/troubleshooting/errors#no-such-element-exception\nStacktrace:\n0   chromedriver                        0x0000000102d7fd18 chromedriver + 4996376\n1   chromedriver                        0x0000000102d775da chromedriver + 4961754\n2   chromedriver                        0x000000010291ad10 chromedriver + 388368\n3   chromedriver                        0x000000010296730f chromedriver + 701199\n4   chromedriver                        0x00000001029673f1 chromedriver + 701425\n5   chromedriver                        0x00000001029ac464 chromedriver + 984164\n6   chromedriver                        0x000000010298b9dd chromedriver + 850397\n7   chromedriver                        0x00000001029a9a00 chromedriver + 973312\n8   chromedriver                        0x000000010298b753 chromedriver + 849747\n9   chromedriver                        0x000000010295a635 chromedriver + 648757\n10  chromedriver                        0x000000010295ae5e chromedriver + 650846\n11  chromedriver                        0x0000000102d46000 chromedriver + 4759552\n12  chromedriver                        0x0000000102d4af18 chromedriver + 4779800\n13  chromedriver                        0x0000000102d4b5e5 chromedriver + 4781541\n14  chromedriver                        0x0000000102d28aa9 chromedriver + 4639401\n15  chromedriver                        0x0000000102d4b8d9 chromedriver + 4782297\n16  chromedriver                        0x0000000102d1a044 chromedriver + 4579396\n17  chromedriver                        0x0000000102d67a08 chromedriver + 4897288\n18  chromedriver                        0x0000000102d67c03 chromedriver + 4897795\n19  chromedriver                        0x0000000102d771de chromedriver + 4960734\n20  libsystem_pthread.dylib             0x00007ff810f1418b _pthread_start + 99\n21  libsystem_pthread.dylib             0x00007ff810f0fae3 thread_start + 15",
      "children" : [ {
        "name" : "Manually open new tab",
        "uid" : "c8825aa0c30fcc3d",
        "parentUid" : "58155c5a73a8f7772c9b56b0e6215082",
        "status" : "broken",
        "time" : {
          "start" : 1728024636532,
          "stop" : 1728024648966,
          "duration" : 12434
        },
        "flaky" : false,
        "parameters" : [ "'Chrome'" ]
      } ],
      "uid" : "58155c5a73a8f7772c9b56b0e6215082"
    }, {
      "name" : "selenium.common.exceptions.TimeoutException: Message: \nStacktrace:\n0   msedgedriver                        0x0000000104906698 msedgedriver + 5035672\n1   msedgedriver                        0x00000001048fde8a msedgedriver + 5000842\n2   msedgedriver                        0x000000010448fdfc msedgedriver + 355836\n3   msedgedriver                        0x00000001044d3f37 msedgedriver + 634679\n4   msedgedriver                        0x00000001044d4181 msedgedriver + 635265\n5   msedgedriver                        0x0000000104514874 msedgedriver + 899188\n6   msedgedriver                        0x00000001044f6fcd msedgedriver + 778189\n7   msedgedriver                        0x00000001045122be msedgedriver + 889534\n8   msedgedriver                        0x00000001044f6d23 msedgedriver + 777507\n9   msedgedriver                        0x00000001044c9207 msedgedriver + 590343\n10  msedgedriver                        0x00000001044c992e msedgedriver + 592174\n11  msedgedriver                        0x00000001048c5f22 msedgedriver + 4771618\n12  msedgedriver                        0x00000001048cbbff msedgedriver + 4795391\n13  msedgedriver                        0x00000001048a588a msedgedriver + 4638858\n14  msedgedriver                        0x00000001048cc411 msedgedriver + 4797457\n15  msedgedriver                        0x0000000104896103 msedgedriver + 4575491\n16  msedgedriver                        0x00000001048eb168 msedgedriver + 4923752\n17  msedgedriver                        0x00000001048eb2d3 msedgedriver + 4924115\n18  msedgedriver                        0x00000001048fda47 msedgedriver + 4999751\n19  libsystem_pthread.dylib             0x00007ff810f1418b _pthread_start + 99\n20  libsystem_pthread.dylib             0x00007ff810f0fae3 thread_start + 15",
      "children" : [ {
        "name" : "Twitter link",
        "uid" : "6003fb1b81c54415",
        "parentUid" : "1f6ec85dafa4b6a975060598e7cbeba3",
        "status" : "broken",
        "time" : {
          "start" : 1728024664213,
          "stop" : 1728024702330,
          "duration" : 38117
        },
        "flaky" : false,
        "parameters" : [ "'Edge'" ]
      } ],
      "uid" : "1f6ec85dafa4b6a975060598e7cbeba3"
    }, {
      "name" : "selenium.common.exceptions.NoSuchElementException: Message: no such element: Unable to locate element: {\"method\":\"xpath\",\"selector\":\"//li[@class='social_twitter']/a\"}\n  (Session info: MicrosoftEdge=129.0.2792.79); For documentation on this error, please visit: https://www.selenium.dev/documentation/webdriver/troubleshooting/errors#no-such-element-exception\nStacktrace:\n0   msedgedriver                        0x0000000104906698 msedgedriver + 5035672\n1   msedgedriver                        0x00000001048fde8a msedgedriver + 5000842\n2   msedgedriver                        0x000000010448fdfc msedgedriver + 355836\n3   msedgedriver                        0x00000001044d3f37 msedgedriver + 634679\n4   msedgedriver                        0x00000001044d4181 msedgedriver + 635265\n5   msedgedriver                        0x0000000104514874 msedgedriver + 899188\n6   msedgedriver                        0x00000001044f6fcd msedgedriver + 778189\n7   msedgedriver                        0x00000001045122be msedgedriver + 889534\n8   msedgedriver                        0x00000001044f6d23 msedgedriver + 777507\n9   msedgedriver                        0x00000001044c9207 msedgedriver + 590343\n10  msedgedriver                        0x00000001044c992e msedgedriver + 592174\n11  msedgedriver                        0x00000001048c5f22 msedgedriver + 4771618\n12  msedgedriver                        0x00000001048cbbff msedgedriver + 4795391\n13  msedgedriver                        0x00000001048a588a msedgedriver + 4638858\n14  msedgedriver                        0x00000001048cc411 msedgedriver + 4797457\n15  msedgedriver                        0x0000000104896103 msedgedriver + 4575491\n16  msedgedriver                        0x00000001048eb168 msedgedriver + 4923752\n17  msedgedriver                        0x00000001048eb2d3 msedgedriver + 4924115\n18  msedgedriver                        0x00000001048fda47 msedgedriver + 4999751\n19  libsystem_pthread.dylib             0x00007ff810f1418b _pthread_start + 99\n20  libsystem_pthread.dylib             0x00007ff810f0fae3 thread_start + 15",
      "children" : [ {
        "name" : "Manually open new tab",
        "uid" : "2c7be94625ac5b8b",
        "parentUid" : "5e3a9ef8c348dc0eb4ddfa02b82240a5",
        "status" : "broken",
        "time" : {
          "start" : 1728024702336,
          "stop" : 1728024716896,
          "duration" : 14560
        },
        "flaky" : false,
        "parameters" : [ "'Edge'" ]
      } ],
      "uid" : "5e3a9ef8c348dc0eb4ddfa02b82240a5"
    } ],
    "uid" : "bdbf199525818fae7a8651db9eafe741"
  } ]
}