{"uid":"bdbf9889d6872127","name":"Manually open new tab","fullName":"Tests.test_SocialMediaLinks.TestLogin#test_2","historyId":"f050d45845ad5be5eb6daa72e6bc38ca","time":{"start":1728042003782,"stop":1728042013811,"duration":10029},"status":"broken","statusMessage":"selenium.common.exceptions.NoSuchElementException: Message: no such element: Unable to locate element: {\"method\":\"xpath\",\"selector\":\"//li[@class='social_twitter']/a\"}\n  (Session info: chrome=129.0.6668.58); For documentation on this error, please visit: https://www.selenium.dev/documentation/webdriver/troubleshooting/errors#no-such-element-exception\nStacktrace:\n#0 0x5591c736c13a <unknown>\n#1 0x5591c70525e0 <unknown>\n#2 0x5591c70a1be8 <unknown>\n#3 0x5591c70a1e81 <unknown>\n#4 0x5591c70e88c4 <unknown>\n#5 0x5591c70c6b4d <unknown>\n#6 0x5591c70e5d7d <unknown>\n#7 0x5591c70c68c3 <unknown>\n#8 0x5591c70946b3 <unknown>\n#9 0x5591c709568e <unknown>\n#10 0x5591c7336b3b <unknown>\n#11 0x5591c733aac1 <unknown>\n#12 0x5591c7323335 <unknown>\n#13 0x5591c733b642 <unknown>\n#14 0x5591c730849f <unknown>\n#15 0x5591c735b038 <unknown>\n#16 0x5591c735b203 <unknown>\n#17 0x5591c736af8c <unknown>\n#18 0x7f7d1e69ca94 <unknown>\n#19 0x7f7d1e729c3c <unknown>","statusTrace":"self = <Tests.test_SocialMediaLinks.TestLogin object at 0x7fdab324a1d0>\ndriver = <selenium.webdriver.chrome.webdriver.WebDriver (session=\"72c80e16cbd2ead663c3ab4b9d771563\")>\n\n    @severity(severity_level.NORMAL)\n    @allure.feature('Social Media Links')\n    @allure.title('Manually open new tab')\n    def test_2(self, driver):\n        home_page_obj = HomePage(driver)\n>       twitter_url = home_page_obj.get_twitter_button_url()\n\nTests/test_SocialMediaLinks.py:34: \n_ _ _ _ _ _ _ _ _ _ _ _ _ _ _ _ _ _ _ _ _ _ _ _ _ _ _ _ _ _ _ _ _ _ _ _ _ _ _ _ \nPages/HomePage.py:48: in get_twitter_button_url\n    return self.driver.find_element(*self.twitter_button).get_attribute(\"href\")\n/opt/hostedtoolcache/Python/3.11.10/x64/lib/python3.11/site-packages/selenium/webdriver/remote/webdriver.py:741: in find_element\n    return self.execute(Command.FIND_ELEMENT, {\"using\": by, \"value\": value})[\"value\"]\n/opt/hostedtoolcache/Python/3.11.10/x64/lib/python3.11/site-packages/selenium/webdriver/remote/webdriver.py:347: in execute\n    self.error_handler.check_response(response)\n_ _ _ _ _ _ _ _ _ _ _ _ _ _ _ _ _ _ _ _ _ _ _ _ _ _ _ _ _ _ _ _ _ _ _ _ _ _ _ _ \n\nself = <selenium.webdriver.remote.errorhandler.ErrorHandler object at 0x7fdab315e0d0>\nresponse = {'status': 404, 'value': '{\"value\":{\"error\":\"no such element\",\"message\":\"no such element: Unable to locate element: {\\...\\\\n#17 0x5591c736af8c \\\\u003Cunknown>\\\\n#18 0x7f7d1e69ca94 \\\\u003Cunknown>\\\\n#19 0x7f7d1e729c3c \\\\u003Cunknown>\\\\n\"}}'}\n\n    def check_response(self, response: Dict[str, Any]) -> None:\n        \"\"\"Checks that a JSON response from the WebDriver does not have an\n        error.\n    \n        :Args:\n         - response - The JSON response from the WebDriver server as a dictionary\n           object.\n    \n        :Raises: If the response contains an error message.\n        \"\"\"\n        status = response.get(\"status\", None)\n        if not status or status == ErrorCode.SUCCESS:\n            return\n        value = None\n        message = response.get(\"message\", \"\")\n        screen: str = response.get(\"screen\", \"\")\n        stacktrace = None\n        if isinstance(status, int):\n            value_json = response.get(\"value\", None)\n            if value_json and isinstance(value_json, str):\n                import json\n    \n                try:\n                    value = json.loads(value_json)\n                    if len(value) == 1:\n                        value = value[\"value\"]\n                    status = value.get(\"error\", None)\n                    if not status:\n                        status = value.get(\"status\", ErrorCode.UNKNOWN_ERROR)\n                        message = value.get(\"value\") or value.get(\"message\")\n                        if not isinstance(message, str):\n                            value = message\n                            message = message.get(\"message\")\n                    else:\n                        message = value.get(\"message\", None)\n                except ValueError:\n                    pass\n    \n        exception_class: Type[WebDriverException]\n        e = ErrorCode()\n        error_codes = [item for item in dir(e) if not item.startswith(\"__\")]\n        for error_code in error_codes:\n            error_info = getattr(ErrorCode, error_code)\n            if isinstance(error_info, list) and status in error_info:\n                exception_class = getattr(ExceptionMapping, error_code, WebDriverException)\n                break\n        else:\n            exception_class = WebDriverException\n    \n        if not value:\n            value = response[\"value\"]\n        if isinstance(value, str):\n            raise exception_class(value)\n        if message == \"\" and \"message\" in value:\n            message = value[\"message\"]\n    \n        screen = None  # type: ignore[assignment]\n        if \"screen\" in value:\n            screen = value[\"screen\"]\n    \n        stacktrace = None\n        st_value = value.get(\"stackTrace\") or value.get(\"stacktrace\")\n        if st_value:\n            if isinstance(st_value, str):\n                stacktrace = st_value.split(\"\\n\")\n            else:\n                stacktrace = []\n                try:\n                    for frame in st_value:\n                        line = frame.get(\"lineNumber\", \"\")\n                        file = frame.get(\"fileName\", \"<anonymous>\")\n                        if line:\n                            file = f\"{file}:{line}\"\n                        meth = frame.get(\"methodName\", \"<anonymous>\")\n                        if \"className\" in frame:\n                            meth = f\"{frame['className']}.{meth}\"\n                        msg = \"    at %s (%s)\"\n                        msg = msg % (meth, file)\n                        stacktrace.append(msg)\n                except TypeError:\n                    pass\n        if exception_class == UnexpectedAlertPresentException:\n            alert_text = None\n            if \"data\" in value:\n                alert_text = value[\"data\"].get(\"text\")\n            elif \"alert\" in value:\n                alert_text = value[\"alert\"].get(\"text\")\n            raise exception_class(message, screen, stacktrace, alert_text)  # type: ignore[call-arg]  # mypy is not smart enough here\n>       raise exception_class(message, screen, stacktrace)\nE       selenium.common.exceptions.NoSuchElementException: Message: no such element: Unable to locate element: {\"method\":\"xpath\",\"selector\":\"//li[@class='social_twitter']/a\"}\nE         (Session info: chrome=129.0.6668.58); For documentation on this error, please visit: https://www.selenium.dev/documentation/webdriver/troubleshooting/errors#no-such-element-exception\nE       Stacktrace:\nE       #0 0x5591c736c13a <unknown>\nE       #1 0x5591c70525e0 <unknown>\nE       #2 0x5591c70a1be8 <unknown>\nE       #3 0x5591c70a1e81 <unknown>\nE       #4 0x5591c70e88c4 <unknown>\nE       #5 0x5591c70c6b4d <unknown>\nE       #6 0x5591c70e5d7d <unknown>\nE       #7 0x5591c70c68c3 <unknown>\nE       #8 0x5591c70946b3 <unknown>\nE       #9 0x5591c709568e <unknown>\nE       #10 0x5591c7336b3b <unknown>\nE       #11 0x5591c733aac1 <unknown>\nE       #12 0x5591c7323335 <unknown>\nE       #13 0x5591c733b642 <unknown>\nE       #14 0x5591c730849f <unknown>\nE       #15 0x5591c735b038 <unknown>\nE       #16 0x5591c735b203 <unknown>\nE       #17 0x5591c736af8c <unknown>\nE       #18 0x7f7d1e69ca94 <unknown>\nE       #19 0x7f7d1e729c3c <unknown>\n\n/opt/hostedtoolcache/Python/3.11.10/x64/lib/python3.11/site-packages/selenium/webdriver/remote/errorhandler.py:229: NoSuchElementException","flaky":false,"newFailed":false,"newBroken":false,"newPassed":false,"retriesCount":0,"retriesStatusChange":false,"beforeStages":[{"name":"setup_reporting_directories","time":{"start":1728041958552,"stop":1728041958553,"duration":1},"status":"passed","steps":[],"attachments":[],"parameters":[],"shouldDisplayMessage":false,"stepsCount":0,"attachmentsCount":0,"hasContent":false,"attachmentStep":false},{"name":"driver","time":{"start":1728041971319,"stop":1728041971533,"duration":214},"status":"passed","steps":[],"attachments":[],"parameters":[],"shouldDisplayMessage":false,"stepsCount":0,"attachmentsCount":0,"hasContent":false,"attachmentStep":false}],"afterStages":[{"name":"driver::0","time":{"start":1728042015601,"stop":1728042015702,"duration":101},"status":"passed","steps":[],"attachments":[],"parameters":[],"shouldDisplayMessage":false,"stepsCount":0,"attachmentsCount":0,"hasContent":false,"attachmentStep":false}],"labels":[{"name":"severity","value":"normal"},{"name":"feature","value":"Social Media Links"},{"name":"parentSuite","value":"Tests"},{"name":"suite","value":"test_SocialMediaLinks"},{"name":"subSuite","value":"TestLogin"},{"name":"host","value":"fv-az1118-528"},{"name":"thread","value":"2098-MainThread"},{"name":"framework","value":"pytest"},{"name":"language","value":"cpython3"},{"name":"package","value":"Tests.test_SocialMediaLinks"},{"name":"resultFormat","value":"allure2"}],"parameters":[{"name":"driver","value":"'Chrome'"}],"links":[],"hidden":false,"retry":false,"extra":{"severity":"normal","retries":[],"categories":[{"name":"Test defects","matchedStatuses":[],"flaky":false}],"history":{"statistic":{"failed":0,"broken":6,"skipped":0,"passed":0,"unknown":0,"total":6},"items":[{"uid":"c5d3d2cd0092eff8","status":"broken","statusDetails":"selenium.common.exceptions.NoSuchElementException: Message: no such element: Unable to locate element: {\"method\":\"xpath\",\"selector\":\"//li[@class='social_twitter']/a\"}\n  (Session info: chrome=129.0.6668.58); For documentation on this error, please visit: https://www.selenium.dev/documentation/webdriver/troubleshooting/errors#no-such-element-exception\nStacktrace:\n#0 0x5652a0c2113a <unknown>\n#1 0x5652a09075e0 <unknown>\n#2 0x5652a0956be8 <unknown>\n#3 0x5652a0956e81 <unknown>\n#4 0x5652a099d8c4 <unknown>\n#5 0x5652a097bb4d <unknown>\n#6 0x5652a099ad7d <unknown>\n#7 0x5652a097b8c3 <unknown>\n#8 0x5652a09496b3 <unknown>\n#9 0x5652a094a68e <unknown>\n#10 0x5652a0bebb3b <unknown>\n#11 0x5652a0befac1 <unknown>\n#12 0x5652a0bd8335 <unknown>\n#13 0x5652a0bf0642 <unknown>\n#14 0x5652a0bbd49f <unknown>\n#15 0x5652a0c10038 <unknown>\n#16 0x5652a0c10203 <unknown>\n#17 0x5652a0c1ff8c <unknown>\n#18 0x7ff893a9ca94 <unknown>\n#19 0x7ff893b29c3c <unknown>","time":{"start":1728041659006,"stop":1728041669059,"duration":10053}},{"uid":"644ed8d4adbd8c58","status":"broken","statusDetails":"selenium.common.exceptions.NoSuchElementException: Message: no such element: Unable to locate element: {\"method\":\"xpath\",\"selector\":\"//li[@class='social_twitter']/a\"}\n  (Session info: chrome=129.0.6668.58); For documentation on this error, please visit: https://www.selenium.dev/documentation/webdriver/troubleshooting/errors#no-such-element-exception\nStacktrace:\n#0 0x564dc19d613a <unknown>\n#1 0x564dc16bc5e0 <unknown>\n#2 0x564dc170bbe8 <unknown>\n#3 0x564dc170be81 <unknown>\n#4 0x564dc17528c4 <unknown>\n#5 0x564dc1730b4d <unknown>\n#6 0x564dc174fd7d <unknown>\n#7 0x564dc17308c3 <unknown>\n#8 0x564dc16fe6b3 <unknown>\n#9 0x564dc16ff68e <unknown>\n#10 0x564dc19a0b3b <unknown>\n#11 0x564dc19a4ac1 <unknown>\n#12 0x564dc198d335 <unknown>\n#13 0x564dc19a5642 <unknown>\n#14 0x564dc197249f <unknown>\n#15 0x564dc19c5038 <unknown>\n#16 0x564dc19c5203 <unknown>\n#17 0x564dc19d4f8c <unknown>\n#18 0x7f0da7a9ca94 <unknown>\n#19 0x7f0da7b29c3c <unknown>","time":{"start":1728041170338,"stop":1728041180377,"duration":10039}},{"uid":"232f0fdb3546805f","status":"broken","statusDetails":"selenium.common.exceptions.NoSuchElementException: Message: no such element: Unable to locate element: {\"method\":\"xpath\",\"selector\":\"//li[@class='social_twitter']/a\"}\n  (Session info: chrome=129.0.6668.58); For documentation on this error, please visit: https://www.selenium.dev/documentation/webdriver/troubleshooting/errors#no-such-element-exception\nStacktrace:\n#0 0x55999b20f13a <unknown>\n#1 0x55999aef55e0 <unknown>\n#2 0x55999af44be8 <unknown>\n#3 0x55999af44e81 <unknown>\n#4 0x55999af8b8c4 <unknown>\n#5 0x55999af69b4d <unknown>\n#6 0x55999af88d7d <unknown>\n#7 0x55999af698c3 <unknown>\n#8 0x55999af376b3 <unknown>\n#9 0x55999af3868e <unknown>\n#10 0x55999b1d9b3b <unknown>\n#11 0x55999b1ddac1 <unknown>\n#12 0x55999b1c6335 <unknown>\n#13 0x55999b1de642 <unknown>\n#14 0x55999b1ab49f <unknown>\n#15 0x55999b1fe038 <unknown>\n#16 0x55999b1fe203 <unknown>\n#17 0x55999b20df8c <unknown>\n#18 0x7f6c71e9ca94 <unknown>\n#19 0x7f6c71f29c3c <unknown>","time":{"start":1728040476601,"stop":1728040486662,"duration":10061}},{"uid":"5793da4bca758ca5","status":"broken","statusDetails":"selenium.common.exceptions.NoSuchElementException: Message: no such element: Unable to locate element: {\"method\":\"xpath\",\"selector\":\"//li[@class='social_twitter']/a\"}\n  (Session info: chrome=129.0.6668.90); For documentation on this error, please visit: https://www.selenium.dev/documentation/webdriver/troubleshooting/errors#no-such-element-exception\nStacktrace:\n0   chromedriver                        0x00000001008b4d18 chromedriver + 4996376\n1   chromedriver                        0x00000001008ac5da chromedriver + 4961754\n2   chromedriver                        0x000000010044fd10 chromedriver + 388368\n3   chromedriver                        0x000000010049c30f chromedriver + 701199\n4   chromedriver                        0x000000010049c3f1 chromedriver + 701425\n5   chromedriver                        0x00000001004e1464 chromedriver + 984164\n6   chromedriver                        0x00000001004c09dd chromedriver + 850397\n7   chromedriver                        0x00000001004dea00 chromedriver + 973312\n8   chromedriver                        0x00000001004c0753 chromedriver + 849747\n9   chromedriver                        0x000000010048f635 chromedriver + 648757\n10  chromedriver                        0x000000010048fe5e chromedriver + 650846\n11  chromedriver                        0x000000010087b000 chromedriver + 4759552\n12  chromedriver                        0x000000010087ff18 chromedriver + 4779800\n13  chromedriver                        0x00000001008805e5 chromedriver + 4781541\n14  chromedriver                        0x000000010085daa9 chromedriver + 4639401\n15  chromedriver                        0x00000001008808d9 chromedriver + 4782297\n16  chromedriver                        0x000000010084f044 chromedriver + 4579396\n17  chromedriver                        0x000000010089ca08 chromedriver + 4897288\n18  chromedriver                        0x000000010089cc03 chromedriver + 4897795\n19  chromedriver                        0x00000001008ac1de chromedriver + 4960734\n20  libsystem_pthread.dylib             0x00007ff810f1418b _pthread_start + 99\n21  libsystem_pthread.dylib             0x00007ff810f0fae3 thread_start + 15","time":{"start":1728038032459,"stop":1728038045797,"duration":13338}},{"uid":"635005972e59c9b2","status":"broken","statusDetails":"selenium.common.exceptions.NoSuchElementException: Message: no such element: Unable to locate element: {\"method\":\"xpath\",\"selector\":\"//li[@class='social_twitter']/a\"}\n  (Session info: chrome=129.0.6668.90); For documentation on this error, please visit: https://www.selenium.dev/documentation/webdriver/troubleshooting/errors#no-such-element-exception\nStacktrace:\n0   chromedriver                        0x0000000102d7fd18 chromedriver + 4996376\n1   chromedriver                        0x0000000102d775da chromedriver + 4961754\n2   chromedriver                        0x000000010291ad10 chromedriver + 388368\n3   chromedriver                        0x000000010296730f chromedriver + 701199\n4   chromedriver                        0x00000001029673f1 chromedriver + 701425\n5   chromedriver                        0x00000001029ac464 chromedriver + 984164\n6   chromedriver                        0x000000010298b9dd chromedriver + 850397\n7   chromedriver                        0x00000001029a9a00 chromedriver + 973312\n8   chromedriver                        0x000000010298b753 chromedriver + 849747\n9   chromedriver                        0x000000010295a635 chromedriver + 648757\n10  chromedriver                        0x000000010295ae5e chromedriver + 650846\n11  chromedriver                        0x0000000102d46000 chromedriver + 4759552\n12  chromedriver                        0x0000000102d4af18 chromedriver + 4779800\n13  chromedriver                        0x0000000102d4b5e5 chromedriver + 4781541\n14  chromedriver                        0x0000000102d28aa9 chromedriver + 4639401\n15  chromedriver                        0x0000000102d4b8d9 chromedriver + 4782297\n16  chromedriver                        0x0000000102d1a044 chromedriver + 4579396\n17  chromedriver                        0x0000000102d67a08 chromedriver + 4897288\n18  chromedriver                        0x0000000102d67c03 chromedriver + 4897795\n19  chromedriver                        0x0000000102d771de chromedriver + 4960734\n20  libsystem_pthread.dylib             0x00007ff810f1418b _pthread_start + 99\n21  libsystem_pthread.dylib             0x00007ff810f0fae3 thread_start + 15","time":{"start":1728024636532,"stop":1728024648966,"duration":12434}}]},"tags":[]},"source":"bdbf9889d6872127.json","parameterValues":["'Chrome'"]}