{
  "uid" : "c8825aa0c30fcc3d",
  "name" : "Manually open new tab",
  "fullName" : "Tests.test_SocialMediaLinks.TestLogin#test_2",
  "historyId" : "f050d45845ad5be5eb6daa72e6bc38ca",
  "time" : {
    "start" : 1728024636532,
    "stop" : 1728024648966,
    "duration" : 12434
  },
  "status" : "broken",
  "statusMessage" : "selenium.common.exceptions.NoSuchElementException: Message: no such element: Unable to locate element: {\"method\":\"xpath\",\"selector\":\"//li[@class='social_twitter']/a\"}\n  (Session info: chrome=129.0.6668.90); For documentation on this error, please visit: https://www.selenium.dev/documentation/webdriver/troubleshooting/errors#no-such-element-exception\nStacktrace:\n0   chromedriver                        0x0000000102d7fd18 chromedriver + 4996376\n1   chromedriver                        0x0000000102d775da chromedriver + 4961754\n2   chromedriver                        0x000000010291ad10 chromedriver + 388368\n3   chromedriver                        0x000000010296730f chromedriver + 701199\n4   chromedriver                        0x00000001029673f1 chromedriver + 701425\n5   chromedriver                        0x00000001029ac464 chromedriver + 984164\n6   chromedriver                        0x000000010298b9dd chromedriver + 850397\n7   chromedriver                        0x00000001029a9a00 chromedriver + 973312\n8   chromedriver                        0x000000010298b753 chromedriver + 849747\n9   chromedriver                        0x000000010295a635 chromedriver + 648757\n10  chromedriver                        0x000000010295ae5e chromedriver + 650846\n11  chromedriver                        0x0000000102d46000 chromedriver + 4759552\n12  chromedriver                        0x0000000102d4af18 chromedriver + 4779800\n13  chromedriver                        0x0000000102d4b5e5 chromedriver + 4781541\n14  chromedriver                        0x0000000102d28aa9 chromedriver + 4639401\n15  chromedriver                        0x0000000102d4b8d9 chromedriver + 4782297\n16  chromedriver                        0x0000000102d1a044 chromedriver + 4579396\n17  chromedriver                        0x0000000102d67a08 chromedriver + 4897288\n18  chromedriver                        0x0000000102d67c03 chromedriver + 4897795\n19  chromedriver                        0x0000000102d771de chromedriver + 4960734\n20  libsystem_pthread.dylib             0x00007ff810f1418b _pthread_start + 99\n21  libsystem_pthread.dylib             0x00007ff810f0fae3 thread_start + 15",
  "statusTrace" : "self = <Tests.test_SocialMediaLinks.TestLogin object at 0x10670e410>, driver = <selenium.webdriver.chrome.webdriver.WebDriver (session=\"5d306d51f6f30321e0f305a33b355a84\")>\n\n>   ???\n\n/Users/simeonzografov/PycharmProjects/newDemoProject/Tests/test_SocialMediaLinks.py:34: \n_ _ _ _ _ _ _ _ _ _ _ _ _ _ _ _ _ _ _ _ _ _ _ _ _ _ _ _ _ _ _ _ _ _ _ _ _ _ _ _ _ _ _ _ _ _ _ _ _ _ _ _ _ _ _ _ _ _ _ _ _ _ _ _ _ _ _ _ _ _ _ _ _ _ _ _ _ _ _ _ _ _ _ _ _ _ _ _ _ _ _ _ _ _ _ _ _ _ _ _ _ _ _ _ _ _ _ _ _ _ _ _ _ _\nPages/HomePage.py:48: in get_twitter_button_url\n    return self.driver.find_element(*self.twitter_button).get_attribute(\"href\")\n../newDemoProject/venv/lib/python3.11/site-packages/selenium/webdriver/remote/webdriver.py:741: in find_element\n    return self.execute(Command.FIND_ELEMENT, {\"using\": by, \"value\": value})[\"value\"]\n../newDemoProject/venv/lib/python3.11/site-packages/selenium/webdriver/remote/webdriver.py:347: in execute\n    self.error_handler.check_response(response)\n_ _ _ _ _ _ _ _ _ _ _ _ _ _ _ _ _ _ _ _ _ _ _ _ _ _ _ _ _ _ _ _ _ _ _ _ _ _ _ _ _ _ _ _ _ _ _ _ _ _ _ _ _ _ _ _ _ _ _ _ _ _ _ _ _ _ _ _ _ _ _ _ _ _ _ _ _ _ _ _ _ _ _ _ _ _ _ _ _ _ _ _ _ _ _ _ _ _ _ _ _ _ _ _ _ _ _ _ _ _ _ _ _ _\n\nself = <selenium.webdriver.remote.errorhandler.ErrorHandler object at 0x1067aa250>\nresponse = {'status': 404, 'value': '{\"value\":{\"error\":\"no such element\",\"message\":\"no such element: Unable to locate element: {\\...7ff810f1418b _pthread_start + 99\\\\n21  libsystem_pthread.dylib             0x00007ff810f0fae3 thread_start + 15\\\\n\"}}'}\n\n    def check_response(self, response: Dict[str, Any]) -> None:\n        \"\"\"Checks that a JSON response from the WebDriver does not have an\n        error.\n    \n        :Args:\n         - response - The JSON response from the WebDriver server as a dictionary\n           object.\n    \n        :Raises: If the response contains an error message.\n        \"\"\"\n        status = response.get(\"status\", None)\n        if not status or status == ErrorCode.SUCCESS:\n            return\n        value = None\n        message = response.get(\"message\", \"\")\n        screen: str = response.get(\"screen\", \"\")\n        stacktrace = None\n        if isinstance(status, int):\n            value_json = response.get(\"value\", None)\n            if value_json and isinstance(value_json, str):\n                import json\n    \n                try:\n                    value = json.loads(value_json)\n                    if len(value) == 1:\n                        value = value[\"value\"]\n                    status = value.get(\"error\", None)\n                    if not status:\n                        status = value.get(\"status\", ErrorCode.UNKNOWN_ERROR)\n                        message = value.get(\"value\") or value.get(\"message\")\n                        if not isinstance(message, str):\n                            value = message\n                            message = message.get(\"message\")\n                    else:\n                        message = value.get(\"message\", None)\n                except ValueError:\n                    pass\n    \n        exception_class: Type[WebDriverException]\n        e = ErrorCode()\n        error_codes = [item for item in dir(e) if not item.startswith(\"__\")]\n        for error_code in error_codes:\n            error_info = getattr(ErrorCode, error_code)\n            if isinstance(error_info, list) and status in error_info:\n                exception_class = getattr(ExceptionMapping, error_code, WebDriverException)\n                break\n        else:\n            exception_class = WebDriverException\n    \n        if not value:\n            value = response[\"value\"]\n        if isinstance(value, str):\n            raise exception_class(value)\n        if message == \"\" and \"message\" in value:\n            message = value[\"message\"]\n    \n        screen = None  # type: ignore[assignment]\n        if \"screen\" in value:\n            screen = value[\"screen\"]\n    \n        stacktrace = None\n        st_value = value.get(\"stackTrace\") or value.get(\"stacktrace\")\n        if st_value:\n            if isinstance(st_value, str):\n                stacktrace = st_value.split(\"\\n\")\n            else:\n                stacktrace = []\n                try:\n                    for frame in st_value:\n                        line = frame.get(\"lineNumber\", \"\")\n                        file = frame.get(\"fileName\", \"<anonymous>\")\n                        if line:\n                            file = f\"{file}:{line}\"\n                        meth = frame.get(\"methodName\", \"<anonymous>\")\n                        if \"className\" in frame:\n                            meth = f\"{frame['className']}.{meth}\"\n                        msg = \"    at %s (%s)\"\n                        msg = msg % (meth, file)\n                        stacktrace.append(msg)\n                except TypeError:\n                    pass\n        if exception_class == UnexpectedAlertPresentException:\n            alert_text = None\n            if \"data\" in value:\n                alert_text = value[\"data\"].get(\"text\")\n            elif \"alert\" in value:\n                alert_text = value[\"alert\"].get(\"text\")\n            raise exception_class(message, screen, stacktrace, alert_text)  # type: ignore[call-arg]  # mypy is not smart enough here\n>       raise exception_class(message, screen, stacktrace)\nE       selenium.common.exceptions.NoSuchElementException: Message: no such element: Unable to locate element: {\"method\":\"xpath\",\"selector\":\"//li[@class='social_twitter']/a\"}\nE         (Session info: chrome=129.0.6668.90); For documentation on this error, please visit: https://www.selenium.dev/documentation/webdriver/troubleshooting/errors#no-such-element-exception\nE       Stacktrace:\nE       0   chromedriver                        0x0000000102d7fd18 chromedriver + 4996376\nE       1   chromedriver                        0x0000000102d775da chromedriver + 4961754\nE       2   chromedriver                        0x000000010291ad10 chromedriver + 388368\nE       3   chromedriver                        0x000000010296730f chromedriver + 701199\nE       4   chromedriver                        0x00000001029673f1 chromedriver + 701425\nE       5   chromedriver                        0x00000001029ac464 chromedriver + 984164\nE       6   chromedriver                        0x000000010298b9dd chromedriver + 850397\nE       7   chromedriver                        0x00000001029a9a00 chromedriver + 973312\nE       8   chromedriver                        0x000000010298b753 chromedriver + 849747\nE       9   chromedriver                        0x000000010295a635 chromedriver + 648757\nE       10  chromedriver                        0x000000010295ae5e chromedriver + 650846\nE       11  chromedriver                        0x0000000102d46000 chromedriver + 4759552\nE       12  chromedriver                        0x0000000102d4af18 chromedriver + 4779800\nE       13  chromedriver                        0x0000000102d4b5e5 chromedriver + 4781541\nE       14  chromedriver                        0x0000000102d28aa9 chromedriver + 4639401\nE       15  chromedriver                        0x0000000102d4b8d9 chromedriver + 4782297\nE       16  chromedriver                        0x0000000102d1a044 chromedriver + 4579396\nE       17  chromedriver                        0x0000000102d67a08 chromedriver + 4897288\nE       18  chromedriver                        0x0000000102d67c03 chromedriver + 4897795\nE       19  chromedriver                        0x0000000102d771de chromedriver + 4960734\nE       20  libsystem_pthread.dylib             0x00007ff810f1418b _pthread_start + 99\nE       21  libsystem_pthread.dylib             0x00007ff810f0fae3 thread_start + 15\n\n../newDemoProject/venv/lib/python3.11/site-packages/selenium/webdriver/remote/errorhandler.py:229: NoSuchElementException",
  "flaky" : false,
  "beforeStages" : [ {
    "name" : "setup_reporting_directories",
    "time" : {
      "start" : 1728024501288,
      "stop" : 1728024501301,
      "duration" : 13
    },
    "status" : "passed",
    "steps" : [ ],
    "attachments" : [ ],
    "parameters" : [ ],
    "hasContent" : false,
    "stepsCount" : 0,
    "attachmentsCount" : 0,
    "shouldDisplayMessage" : false
  }, {
    "name" : "driver",
    "time" : {
      "start" : 1728024586205,
      "stop" : 1728024591122,
      "duration" : 4917
    },
    "status" : "passed",
    "steps" : [ ],
    "attachments" : [ ],
    "parameters" : [ ],
    "hasContent" : false,
    "stepsCount" : 0,
    "attachmentsCount" : 0,
    "shouldDisplayMessage" : false
  } ],
  "afterStages" : [ {
    "name" : "driver::0",
    "time" : {
      "start" : 1728024658118,
      "stop" : 1728024658264,
      "duration" : 146
    },
    "status" : "passed",
    "steps" : [ ],
    "attachments" : [ ],
    "parameters" : [ ],
    "hasContent" : false,
    "stepsCount" : 0,
    "attachmentsCount" : 0,
    "shouldDisplayMessage" : false
  } ],
  "labels" : [ {
    "name" : "severity",
    "value" : "normal"
  }, {
    "name" : "feature",
    "value" : "Social Media Links"
  }, {
    "name" : "parentSuite",
    "value" : "Tests"
  }, {
    "name" : "suite",
    "value" : "test_SocialMediaLinks"
  }, {
    "name" : "subSuite",
    "value" : "TestLogin"
  }, {
    "name" : "host",
    "value" : "Simeons-MacBook-Pro.local"
  }, {
    "name" : "thread",
    "value" : "540-MainThread"
  }, {
    "name" : "framework",
    "value" : "pytest"
  }, {
    "name" : "language",
    "value" : "cpython3"
  }, {
    "name" : "package",
    "value" : "Tests.test_SocialMediaLinks"
  }, {
    "name" : "resultFormat",
    "value" : "allure2"
  } ],
  "parameters" : [ {
    "name" : "driver",
    "value" : "'Chrome'"
  } ],
  "links" : [ ],
  "hidden" : false,
  "retry" : false,
  "extra" : {
    "severity" : "normal",
    "retries" : [ ],
    "categories" : [ {
      "name" : "Test defects",
      "matchedStatuses" : [ ],
      "flaky" : false
    } ],
    "tags" : [ ]
  },
  "source" : "c8825aa0c30fcc3d.json",
  "parameterValues" : [ "'Chrome'" ]
}