{"uid":"3f5e1a766a3af60e","name":"Twitter link","fullName":"Tests.test_SocialMediaLinks.TestLogin#test_1","historyId":"f3d4fdd619ae32f73e46d5a7dc8251a4","time":{"start":1728041626743,"stop":1728041659000,"duration":32257},"status":"broken","statusMessage":"selenium.common.exceptions.TimeoutException: Message: \nStacktrace:\n#0 0x5652a0c2113a <unknown>\n#1 0x5652a09075e0 <unknown>\n#2 0x5652a0956be8 <unknown>\n#3 0x5652a0956e81 <unknown>\n#4 0x5652a099d8c4 <unknown>\n#5 0x5652a097bb4d <unknown>\n#6 0x5652a099ad7d <unknown>\n#7 0x5652a097b8c3 <unknown>\n#8 0x5652a09496b3 <unknown>\n#9 0x5652a094a68e <unknown>\n#10 0x5652a0bebb3b <unknown>\n#11 0x5652a0befac1 <unknown>\n#12 0x5652a0bd8335 <unknown>\n#13 0x5652a0bf0642 <unknown>\n#14 0x5652a0bbd49f <unknown>\n#15 0x5652a0c10038 <unknown>\n#16 0x5652a0c10203 <unknown>\n#17 0x5652a0c1ff8c <unknown>\n#18 0x7ff893a9ca94 <unknown>\n#19 0x7ff893b29c3c <unknown>","statusTrace":"self = <Tests.test_SocialMediaLinks.TestLogin object at 0x7f03d6c48750>\ndriver = <selenium.webdriver.chrome.webdriver.WebDriver (session=\"95a40c052cd0f942dfd2e9212cd1e0f4\")>\n\n    @severity(severity_level.NORMAL)\n    @allure.feature('Social Media Links')\n    @allure.title('Twitter link')\n    def test_1(self, driver):\n        landing_page_obj = LandingPage(driver)\n        home_page_obj = HomePage(driver)\n        driver.get(BaseClass.url)\n        landing_page_obj.complete_login(BaseClass.username, BaseClass.password)\n        home_page_obj.click_twitter_button()\n        with check, allure.step(\"Check twitter heather tex\"):\n            driver.switch_to.window(driver.window_handles[1])\n>           assert home_page_obj.get_twitter_heather_text() == \"Sauce Labs\"\n\nTests/test_SocialMediaLinks.py:25: \n_ _ _ _ _ _ _ _ _ _ _ _ _ _ _ _ _ _ _ _ _ _ _ _ _ _ _ _ _ _ _ _ _ _ _ _ _ _ _ _ \nPages/HomePage.py:43: in get_twitter_heather_text\n    twitter_heather = wait.until(\n_ _ _ _ _ _ _ _ _ _ _ _ _ _ _ _ _ _ _ _ _ _ _ _ _ _ _ _ _ _ _ _ _ _ _ _ _ _ _ _ \n\nself = <selenium.webdriver.support.wait.WebDriverWait (session=\"95a40c052cd0f942dfd2e9212cd1e0f4\")>\nmethod = <function visibility_of_element_located.<locals>._predicate at 0x7f03d66b9760>\nmessage = ''\n\n    def until(self, method: Callable[[D], Union[Literal[False], T]], message: str = \"\") -> T:\n        \"\"\"Calls the method provided with the driver as an argument until the \\\n        return value does not evaluate to ``False``.\n    \n        :param method: callable(WebDriver)\n        :param message: optional message for :exc:`TimeoutException`\n        :returns: the result of the last call to `method`\n        :raises: :exc:`selenium.common.exceptions.TimeoutException` if timeout occurs\n        \"\"\"\n        screen = None\n        stacktrace = None\n    \n        end_time = time.monotonic() + self._timeout\n        while True:\n            try:\n                value = method(self._driver)\n                if value:\n                    return value\n            except self._ignored_exceptions as exc:\n                screen = getattr(exc, \"screen\", None)\n                stacktrace = getattr(exc, \"stacktrace\", None)\n            time.sleep(self._poll)\n            if time.monotonic() > end_time:\n                break\n>       raise TimeoutException(message, screen, stacktrace)\nE       selenium.common.exceptions.TimeoutException: Message: \nE       Stacktrace:\nE       #0 0x5652a0c2113a <unknown>\nE       #1 0x5652a09075e0 <unknown>\nE       #2 0x5652a0956be8 <unknown>\nE       #3 0x5652a0956e81 <unknown>\nE       #4 0x5652a099d8c4 <unknown>\nE       #5 0x5652a097bb4d <unknown>\nE       #6 0x5652a099ad7d <unknown>\nE       #7 0x5652a097b8c3 <unknown>\nE       #8 0x5652a09496b3 <unknown>\nE       #9 0x5652a094a68e <unknown>\nE       #10 0x5652a0bebb3b <unknown>\nE       #11 0x5652a0befac1 <unknown>\nE       #12 0x5652a0bd8335 <unknown>\nE       #13 0x5652a0bf0642 <unknown>\nE       #14 0x5652a0bbd49f <unknown>\nE       #15 0x5652a0c10038 <unknown>\nE       #16 0x5652a0c10203 <unknown>\nE       #17 0x5652a0c1ff8c <unknown>\nE       #18 0x7ff893a9ca94 <unknown>\nE       #19 0x7ff893b29c3c <unknown>\n\n/opt/hostedtoolcache/Python/3.11.10/x64/lib/python3.11/site-packages/selenium/webdriver/support/wait.py:105: TimeoutException","flaky":false,"newFailed":false,"newBroken":false,"newPassed":false,"retriesCount":0,"retriesStatusChange":false,"beforeStages":[{"name":"setup_reporting_directories","time":{"start":1728041596096,"stop":1728041596097,"duration":1},"status":"passed","steps":[],"attachments":[],"parameters":[],"shouldDisplayMessage":false,"stepsCount":0,"attachmentsCount":0,"hasContent":false,"attachmentStep":false},{"name":"driver","time":{"start":1728041626527,"stop":1728041626742,"duration":215},"status":"passed","steps":[],"attachments":[],"parameters":[],"shouldDisplayMessage":false,"stepsCount":0,"attachmentsCount":0,"hasContent":false,"attachmentStep":false}],"testStage":{"status":"broken","statusMessage":"selenium.common.exceptions.TimeoutException: Message: \nStacktrace:\n#0 0x5652a0c2113a <unknown>\n#1 0x5652a09075e0 <unknown>\n#2 0x5652a0956be8 <unknown>\n#3 0x5652a0956e81 <unknown>\n#4 0x5652a099d8c4 <unknown>\n#5 0x5652a097bb4d <unknown>\n#6 0x5652a099ad7d <unknown>\n#7 0x5652a097b8c3 <unknown>\n#8 0x5652a09496b3 <unknown>\n#9 0x5652a094a68e <unknown>\n#10 0x5652a0bebb3b <unknown>\n#11 0x5652a0befac1 <unknown>\n#12 0x5652a0bd8335 <unknown>\n#13 0x5652a0bf0642 <unknown>\n#14 0x5652a0bbd49f <unknown>\n#15 0x5652a0c10038 <unknown>\n#16 0x5652a0c10203 <unknown>\n#17 0x5652a0c1ff8c <unknown>\n#18 0x7ff893a9ca94 <unknown>\n#19 0x7ff893b29c3c <unknown>","statusTrace":"self = <Tests.test_SocialMediaLinks.TestLogin object at 0x7f03d6c48750>\ndriver = <selenium.webdriver.chrome.webdriver.WebDriver (session=\"95a40c052cd0f942dfd2e9212cd1e0f4\")>\n\n    @severity(severity_level.NORMAL)\n    @allure.feature('Social Media Links')\n    @allure.title('Twitter link')\n    def test_1(self, driver):\n        landing_page_obj = LandingPage(driver)\n        home_page_obj = HomePage(driver)\n        driver.get(BaseClass.url)\n        landing_page_obj.complete_login(BaseClass.username, BaseClass.password)\n        home_page_obj.click_twitter_button()\n        with check, allure.step(\"Check twitter heather tex\"):\n            driver.switch_to.window(driver.window_handles[1])\n>           assert home_page_obj.get_twitter_heather_text() == \"Sauce Labs\"\n\nTests/test_SocialMediaLinks.py:25: \n_ _ _ _ _ _ _ _ _ _ _ _ _ _ _ _ _ _ _ _ _ _ _ _ _ _ _ _ _ _ _ _ _ _ _ _ _ _ _ _ \nPages/HomePage.py:43: in get_twitter_heather_text\n    twitter_heather = wait.until(\n_ _ _ _ _ _ _ _ _ _ _ _ _ _ _ _ _ _ _ _ _ _ _ _ _ _ _ _ _ _ _ _ _ _ _ _ _ _ _ _ \n\nself = <selenium.webdriver.support.wait.WebDriverWait (session=\"95a40c052cd0f942dfd2e9212cd1e0f4\")>\nmethod = <function visibility_of_element_located.<locals>._predicate at 0x7f03d66b9760>\nmessage = ''\n\n    def until(self, method: Callable[[D], Union[Literal[False], T]], message: str = \"\") -> T:\n        \"\"\"Calls the method provided with the driver as an argument until the \\\n        return value does not evaluate to ``False``.\n    \n        :param method: callable(WebDriver)\n        :param message: optional message for :exc:`TimeoutException`\n        :returns: the result of the last call to `method`\n        :raises: :exc:`selenium.common.exceptions.TimeoutException` if timeout occurs\n        \"\"\"\n        screen = None\n        stacktrace = None\n    \n        end_time = time.monotonic() + self._timeout\n        while True:\n            try:\n                value = method(self._driver)\n                if value:\n                    return value\n            except self._ignored_exceptions as exc:\n                screen = getattr(exc, \"screen\", None)\n                stacktrace = getattr(exc, \"stacktrace\", None)\n            time.sleep(self._poll)\n            if time.monotonic() > end_time:\n                break\n>       raise TimeoutException(message, screen, stacktrace)\nE       selenium.common.exceptions.TimeoutException: Message: \nE       Stacktrace:\nE       #0 0x5652a0c2113a <unknown>\nE       #1 0x5652a09075e0 <unknown>\nE       #2 0x5652a0956be8 <unknown>\nE       #3 0x5652a0956e81 <unknown>\nE       #4 0x5652a099d8c4 <unknown>\nE       #5 0x5652a097bb4d <unknown>\nE       #6 0x5652a099ad7d <unknown>\nE       #7 0x5652a097b8c3 <unknown>\nE       #8 0x5652a09496b3 <unknown>\nE       #9 0x5652a094a68e <unknown>\nE       #10 0x5652a0bebb3b <unknown>\nE       #11 0x5652a0befac1 <unknown>\nE       #12 0x5652a0bd8335 <unknown>\nE       #13 0x5652a0bf0642 <unknown>\nE       #14 0x5652a0bbd49f <unknown>\nE       #15 0x5652a0c10038 <unknown>\nE       #16 0x5652a0c10203 <unknown>\nE       #17 0x5652a0c1ff8c <unknown>\nE       #18 0x7ff893a9ca94 <unknown>\nE       #19 0x7ff893b29c3c <unknown>\n\n/opt/hostedtoolcache/Python/3.11.10/x64/lib/python3.11/site-packages/selenium/webdriver/support/wait.py:105: TimeoutException","steps":[{"name":"Check twitter heather tex","time":{"start":1728041627212,"stop":1728041658999,"duration":31787},"status":"broken","statusMessage":"selenium.common.exceptions.TimeoutException: Message: \nStacktrace:\n#0 0x5652a0c2113a <unknown>\n#1 0x5652a09075e0 <unknown>\n#2 0x5652a0956be8 <unknown>\n#3 0x5652a0956e81 <unknown>\n#4 0x5652a099d8c4 <unknown>\n#5 0x5652a097bb4d <unknown>\n#6 0x5652a099ad7d <unknown>\n#7 0x5652a097b8c3 <unknown>\n#8 0x5652a09496b3 <unknown>\n#9 0x5652a094a68e <unknown>\n#10 0x5652a0bebb3b <unknown>\n#11 0x5652a0befac1 <unknown>\n#12 0x5652a0bd8335 <unknown>\n#13 0x5652a0bf0642 <unknown>\n#14 0x5652a0bbd49f <unknown>\n#15 0x5652a0c10038 <unknown>\n#16 0x5652a0c10203 <unknown>\n#17 0x5652a0c1ff8c <unknown>\n#18 0x7ff893a9ca94 <unknown>\n#19 0x7ff893b29c3c <unknown>\n\n","statusTrace":"  File \"/home/runner/work/test-repo/test-repo/Tests/test_SocialMediaLinks.py\", line 25, in test_1\n    assert home_page_obj.get_twitter_heather_text() == \"Sauce Labs\"\n  File \"/home/runner/work/test-repo/test-repo/Pages/HomePage.py\", line 43, in get_twitter_heather_text\n    twitter_heather = wait.until(\n                      ^^^^^^^^^^^\n  File \"/opt/hostedtoolcache/Python/3.11.10/x64/lib/python3.11/site-packages/selenium/webdriver/support/wait.py\", line 105, in until\n    raise TimeoutException(message, screen, stacktrace)\n","steps":[],"attachments":[],"parameters":[],"shouldDisplayMessage":true,"stepsCount":0,"attachmentsCount":0,"hasContent":true,"attachmentStep":false}],"attachments":[],"parameters":[],"shouldDisplayMessage":true,"stepsCount":1,"attachmentsCount":0,"hasContent":true,"attachmentStep":false},"afterStages":[{"name":"driver::0","time":{"start":1728041671438,"stop":1728041671534,"duration":96},"status":"passed","steps":[],"attachments":[],"parameters":[],"shouldDisplayMessage":false,"stepsCount":0,"attachmentsCount":0,"hasContent":false,"attachmentStep":false}],"labels":[{"name":"feature","value":"Social Media Links"},{"name":"severity","value":"normal"},{"name":"parentSuite","value":"Tests"},{"name":"suite","value":"test_SocialMediaLinks"},{"name":"subSuite","value":"TestLogin"},{"name":"host","value":"fv-az1112-104"},{"name":"thread","value":"2022-MainThread"},{"name":"framework","value":"pytest"},{"name":"language","value":"cpython3"},{"name":"package","value":"Tests.test_SocialMediaLinks"},{"name":"resultFormat","value":"allure2"}],"parameters":[{"name":"driver","value":"'Chrome'"}],"links":[],"hidden":false,"retry":false,"extra":{"severity":"normal","retries":[],"categories":[{"name":"Test defects","matchedStatuses":[],"flaky":false}],"history":{"statistic":{"failed":0,"broken":5,"skipped":0,"passed":0,"unknown":0,"total":5},"items":[{"uid":"2212b790bd3f7ef0","status":"broken","statusDetails":"selenium.common.exceptions.TimeoutException: Message: \nStacktrace:\n#0 0x564dc19d613a <unknown>\n#1 0x564dc16bc5e0 <unknown>\n#2 0x564dc170bbe8 <unknown>\n#3 0x564dc170be81 <unknown>\n#4 0x564dc17528c4 <unknown>\n#5 0x564dc1730b4d <unknown>\n#6 0x564dc174fd7d <unknown>\n#7 0x564dc17308c3 <unknown>\n#8 0x564dc16fe6b3 <unknown>\n#9 0x564dc16ff68e <unknown>\n#10 0x564dc19a0b3b <unknown>\n#11 0x564dc19a4ac1 <unknown>\n#12 0x564dc198d335 <unknown>\n#13 0x564dc19a5642 <unknown>\n#14 0x564dc197249f <unknown>\n#15 0x564dc19c5038 <unknown>\n#16 0x564dc19c5203 <unknown>\n#17 0x564dc19d4f8c <unknown>\n#18 0x7f0da7a9ca94 <unknown>\n#19 0x7f0da7b29c3c <unknown>","time":{"start":1728041138002,"stop":1728041170332,"duration":32330}},{"uid":"7823ccdc4aa6cae2","status":"broken","statusDetails":"selenium.common.exceptions.TimeoutException: Message: \nStacktrace:\n#0 0x55999b20f13a <unknown>\n#1 0x55999aef55e0 <unknown>\n#2 0x55999af44be8 <unknown>\n#3 0x55999af44e81 <unknown>\n#4 0x55999af8b8c4 <unknown>\n#5 0x55999af69b4d <unknown>\n#6 0x55999af88d7d <unknown>\n#7 0x55999af698c3 <unknown>\n#8 0x55999af376b3 <unknown>\n#9 0x55999af3868e <unknown>\n#10 0x55999b1d9b3b <unknown>\n#11 0x55999b1ddac1 <unknown>\n#12 0x55999b1c6335 <unknown>\n#13 0x55999b1de642 <unknown>\n#14 0x55999b1ab49f <unknown>\n#15 0x55999b1fe038 <unknown>\n#16 0x55999b1fe203 <unknown>\n#17 0x55999b20df8c <unknown>\n#18 0x7f6c71e9ca94 <unknown>\n#19 0x7f6c71f29c3c <unknown>","time":{"start":1728040444155,"stop":1728040476595,"duration":32440}},{"uid":"e8abafcdaa976eca","status":"broken","statusDetails":"selenium.common.exceptions.TimeoutException: Message: \nStacktrace:\n0   chromedriver                        0x00000001008b4d18 chromedriver + 4996376\n1   chromedriver                        0x00000001008ac5da chromedriver + 4961754\n2   chromedriver                        0x000000010044fd10 chromedriver + 388368\n3   chromedriver                        0x000000010049c30f chromedriver + 701199\n4   chromedriver                        0x000000010049c3f1 chromedriver + 701425\n5   chromedriver                        0x00000001004e1464 chromedriver + 984164\n6   chromedriver                        0x00000001004c09dd chromedriver + 850397\n7   chromedriver                        0x00000001004dea00 chromedriver + 973312\n8   chromedriver                        0x00000001004c0753 chromedriver + 849747\n9   chromedriver                        0x000000010048f635 chromedriver + 648757\n10  chromedriver                        0x000000010048fe5e chromedriver + 650846\n11  chromedriver                        0x000000010087b000 chromedriver + 4759552\n12  chromedriver                        0x000000010087ff18 chromedriver + 4779800\n13  chromedriver                        0x00000001008805e5 chromedriver + 4781541\n14  chromedriver                        0x000000010085daa9 chromedriver + 4639401\n15  chromedriver                        0x00000001008808d9 chromedriver + 4782297\n16  chromedriver                        0x000000010084f044 chromedriver + 4579396\n17  chromedriver                        0x000000010089ca08 chromedriver + 4897288\n18  chromedriver                        0x000000010089cc03 chromedriver + 4897795\n19  chromedriver                        0x00000001008ac1de chromedriver + 4960734\n20  libsystem_pthread.dylib             0x00007ff810f1418b _pthread_start + 99\n21  libsystem_pthread.dylib             0x00007ff810f0fae3 thread_start + 15","time":{"start":1728037989243,"stop":1728038032451,"duration":43208}},{"uid":"bbc5cccd0785cb5c","status":"broken","statusDetails":"selenium.common.exceptions.TimeoutException: Message: \nStacktrace:\n0   chromedriver                        0x0000000102d7fd18 chromedriver + 4996376\n1   chromedriver                        0x0000000102d775da chromedriver + 4961754\n2   chromedriver                        0x000000010291ad10 chromedriver + 388368\n3   chromedriver                        0x000000010296730f chromedriver + 701199\n4   chromedriver                        0x00000001029673f1 chromedriver + 701425\n5   chromedriver                        0x00000001029ac464 chromedriver + 984164\n6   chromedriver                        0x000000010298b9dd chromedriver + 850397\n7   chromedriver                        0x00000001029a9a00 chromedriver + 973312\n8   chromedriver                        0x000000010298b753 chromedriver + 849747\n9   chromedriver                        0x000000010295a635 chromedriver + 648757\n10  chromedriver                        0x000000010295ae5e chromedriver + 650846\n11  chromedriver                        0x0000000102d46000 chromedriver + 4759552\n12  chromedriver                        0x0000000102d4af18 chromedriver + 4779800\n13  chromedriver                        0x0000000102d4b5e5 chromedriver + 4781541\n14  chromedriver                        0x0000000102d28aa9 chromedriver + 4639401\n15  chromedriver                        0x0000000102d4b8d9 chromedriver + 4782297\n16  chromedriver                        0x0000000102d1a044 chromedriver + 4579396\n17  chromedriver                        0x0000000102d67a08 chromedriver + 4897288\n18  chromedriver                        0x0000000102d67c03 chromedriver + 4897795\n19  chromedriver                        0x0000000102d771de chromedriver + 4960734\n20  libsystem_pthread.dylib             0x00007ff810f1418b _pthread_start + 99\n21  libsystem_pthread.dylib             0x00007ff810f0fae3 thread_start + 15","time":{"start":1728024591123,"stop":1728024636524,"duration":45401}}]},"tags":[]},"source":"3f5e1a766a3af60e.json","parameterValues":["'Chrome'"]}