{"uid":"b9bd66faa79c84ca","name":"Manually open new tab","fullName":"Tests.test_SocialMediaLinks.TestLogin#test_2","historyId":"c5a9642853eecee0f0c32d409da2a973","time":{"start":1728291682355,"stop":1728291692400,"duration":10045},"status":"broken","statusMessage":"selenium.common.exceptions.NoSuchElementException: Message: no such element: Unable to locate element: {\"method\":\"xpath\",\"selector\":\"//li[@class='social_twitter']/a\"}\n  (Session info: MicrosoftEdge=129.0.2792.52); For documentation on this error, please visit: https://www.selenium.dev/documentation/webdriver/troubleshooting/errors#no-such-element-exception\nStacktrace:\n#0 0x55b7ebe341de <unknown>\n#1 0x55b7ebaf7686 <unknown>\n#2 0x55b7ebb47083 <unknown>\n#3 0x55b7ebb471a1 <unknown>\n#4 0x55b7ebb8dc84 <unknown>\n#5 0x55b7ebb6c29d <unknown>\n#6 0x55b7ebb8b72e <unknown>\n#7 0x55b7ebb6c013 <unknown>\n#8 0x55b7ebb3a19d <unknown>\n#9 0x55b7ebb3ae8e <unknown>\n#10 0x55b7ebe07191 <unknown>\n#11 0x55b7ebe0a3fd <unknown>\n#12 0x55b7ebe09e7b <unknown>\n#13 0x55b7ebe0a865 <unknown>\n#14 0x55b7ebdf87f2 <unknown>\n#15 0x55b7ebe0abed <unknown>\n#16 0x55b7ebde32e5 <unknown>\n#17 0x55b7ebe24768 <unknown>\n#18 0x55b7ebe2497d <unknown>\n#19 0x55b7ebe33021 <unknown>\n#20 0x7fd36709ca94 <unknown>\n#21 0x7fd367129c3c <unknown>","statusTrace":"self = <Tests.test_SocialMediaLinks.TestLogin object at 0x7f891cde4910>\ndriver = <selenium.webdriver.edge.webdriver.WebDriver (session=\"2455791ad10ac198f62a0cc101d0fb8b\")>\n\n    @severity(severity_level.NORMAL)\n    @allure.feature('Social Media Links')\n    @allure.title('Manually open new tab')\n    def test_2(self, driver):\n        home_page_obj = HomePage(driver)\n>       twitter_url = home_page_obj.get_twitter_button_url()\n\nTests/test_SocialMediaLinks.py:34: \n_ _ _ _ _ _ _ _ _ _ _ _ _ _ _ _ _ _ _ _ _ _ _ _ _ _ _ _ _ _ _ _ _ _ _ _ _ _ _ _ \nPages/HomePage.py:48: in get_twitter_button_url\n    return self.driver.find_element(*self.twitter_button).get_attribute(\"href\")\n/opt/hostedtoolcache/Python/3.11.10/x64/lib/python3.11/site-packages/selenium/webdriver/remote/webdriver.py:741: in find_element\n    return self.execute(Command.FIND_ELEMENT, {\"using\": by, \"value\": value})[\"value\"]\n/opt/hostedtoolcache/Python/3.11.10/x64/lib/python3.11/site-packages/selenium/webdriver/remote/webdriver.py:347: in execute\n    self.error_handler.check_response(response)\n_ _ _ _ _ _ _ _ _ _ _ _ _ _ _ _ _ _ _ _ _ _ _ _ _ _ _ _ _ _ _ _ _ _ _ _ _ _ _ _ \n\nself = <selenium.webdriver.remote.errorhandler.ErrorHandler object at 0x7f891c8760d0>\nresponse = {'status': 404, 'value': '{\"value\":{\"error\":\"no such element\",\"message\":\"no such element: Unable to locate element: {\\...\\\\n#19 0x55b7ebe33021 \\\\u003Cunknown>\\\\n#20 0x7fd36709ca94 \\\\u003Cunknown>\\\\n#21 0x7fd367129c3c \\\\u003Cunknown>\\\\n\"}}'}\n\n    def check_response(self, response: Dict[str, Any]) -> None:\n        \"\"\"Checks that a JSON response from the WebDriver does not have an\n        error.\n    \n        :Args:\n         - response - The JSON response from the WebDriver server as a dictionary\n           object.\n    \n        :Raises: If the response contains an error message.\n        \"\"\"\n        status = response.get(\"status\", None)\n        if not status or status == ErrorCode.SUCCESS:\n            return\n        value = None\n        message = response.get(\"message\", \"\")\n        screen: str = response.get(\"screen\", \"\")\n        stacktrace = None\n        if isinstance(status, int):\n            value_json = response.get(\"value\", None)\n            if value_json and isinstance(value_json, str):\n                import json\n    \n                try:\n                    value = json.loads(value_json)\n                    if len(value) == 1:\n                        value = value[\"value\"]\n                    status = value.get(\"error\", None)\n                    if not status:\n                        status = value.get(\"status\", ErrorCode.UNKNOWN_ERROR)\n                        message = value.get(\"value\") or value.get(\"message\")\n                        if not isinstance(message, str):\n                            value = message\n                            message = message.get(\"message\")\n                    else:\n                        message = value.get(\"message\", None)\n                except ValueError:\n                    pass\n    \n        exception_class: Type[WebDriverException]\n        e = ErrorCode()\n        error_codes = [item for item in dir(e) if not item.startswith(\"__\")]\n        for error_code in error_codes:\n            error_info = getattr(ErrorCode, error_code)\n            if isinstance(error_info, list) and status in error_info:\n                exception_class = getattr(ExceptionMapping, error_code, WebDriverException)\n                break\n        else:\n            exception_class = WebDriverException\n    \n        if not value:\n            value = response[\"value\"]\n        if isinstance(value, str):\n            raise exception_class(value)\n        if message == \"\" and \"message\" in value:\n            message = value[\"message\"]\n    \n        screen = None  # type: ignore[assignment]\n        if \"screen\" in value:\n            screen = value[\"screen\"]\n    \n        stacktrace = None\n        st_value = value.get(\"stackTrace\") or value.get(\"stacktrace\")\n        if st_value:\n            if isinstance(st_value, str):\n                stacktrace = st_value.split(\"\\n\")\n            else:\n                stacktrace = []\n                try:\n                    for frame in st_value:\n                        line = frame.get(\"lineNumber\", \"\")\n                        file = frame.get(\"fileName\", \"<anonymous>\")\n                        if line:\n                            file = f\"{file}:{line}\"\n                        meth = frame.get(\"methodName\", \"<anonymous>\")\n                        if \"className\" in frame:\n                            meth = f\"{frame['className']}.{meth}\"\n                        msg = \"    at %s (%s)\"\n                        msg = msg % (meth, file)\n                        stacktrace.append(msg)\n                except TypeError:\n                    pass\n        if exception_class == UnexpectedAlertPresentException:\n            alert_text = None\n            if \"data\" in value:\n                alert_text = value[\"data\"].get(\"text\")\n            elif \"alert\" in value:\n                alert_text = value[\"alert\"].get(\"text\")\n            raise exception_class(message, screen, stacktrace, alert_text)  # type: ignore[call-arg]  # mypy is not smart enough here\n>       raise exception_class(message, screen, stacktrace)\nE       selenium.common.exceptions.NoSuchElementException: Message: no such element: Unable to locate element: {\"method\":\"xpath\",\"selector\":\"//li[@class='social_twitter']/a\"}\nE         (Session info: MicrosoftEdge=129.0.2792.52); For documentation on this error, please visit: https://www.selenium.dev/documentation/webdriver/troubleshooting/errors#no-such-element-exception\nE       Stacktrace:\nE       #0 0x55b7ebe341de <unknown>\nE       #1 0x55b7ebaf7686 <unknown>\nE       #2 0x55b7ebb47083 <unknown>\nE       #3 0x55b7ebb471a1 <unknown>\nE       #4 0x55b7ebb8dc84 <unknown>\nE       #5 0x55b7ebb6c29d <unknown>\nE       #6 0x55b7ebb8b72e <unknown>\nE       #7 0x55b7ebb6c013 <unknown>\nE       #8 0x55b7ebb3a19d <unknown>\nE       #9 0x55b7ebb3ae8e <unknown>\nE       #10 0x55b7ebe07191 <unknown>\nE       #11 0x55b7ebe0a3fd <unknown>\nE       #12 0x55b7ebe09e7b <unknown>\nE       #13 0x55b7ebe0a865 <unknown>\nE       #14 0x55b7ebdf87f2 <unknown>\nE       #15 0x55b7ebe0abed <unknown>\nE       #16 0x55b7ebde32e5 <unknown>\nE       #17 0x55b7ebe24768 <unknown>\nE       #18 0x55b7ebe2497d <unknown>\nE       #19 0x55b7ebe33021 <unknown>\nE       #20 0x7fd36709ca94 <unknown>\nE       #21 0x7fd367129c3c <unknown>\n\n/opt/hostedtoolcache/Python/3.11.10/x64/lib/python3.11/site-packages/selenium/webdriver/remote/errorhandler.py:229: NoSuchElementException","flaky":false,"newFailed":false,"newBroken":false,"newPassed":false,"retriesCount":0,"retriesStatusChange":false,"beforeStages":[{"name":"setup_reporting_directories","time":{"start":1728291569060,"stop":1728291569061,"duration":1},"status":"passed","steps":[],"attachments":[],"parameters":[],"shouldDisplayMessage":false,"stepsCount":0,"attachmentsCount":0,"hasContent":false,"attachmentStep":false},{"name":"driver","time":{"start":1728291649590,"stop":1728291650032,"duration":442},"status":"passed","steps":[],"attachments":[],"parameters":[],"shouldDisplayMessage":false,"stepsCount":0,"attachmentsCount":0,"hasContent":false,"attachmentStep":false}],"afterStages":[{"name":"driver::0","time":{"start":1728291695003,"stop":1728291695088,"duration":85},"status":"passed","steps":[],"attachments":[],"parameters":[],"shouldDisplayMessage":false,"stepsCount":0,"attachmentsCount":0,"hasContent":false,"attachmentStep":false}],"labels":[{"name":"severity","value":"normal"},{"name":"feature","value":"Social Media Links"},{"name":"parentSuite","value":"Tests"},{"name":"suite","value":"test_SocialMediaLinks"},{"name":"subSuite","value":"TestLogin"},{"name":"host","value":"fv-az791-620"},{"name":"thread","value":"2046-MainThread"},{"name":"framework","value":"pytest"},{"name":"language","value":"cpython3"},{"name":"package","value":"Tests.test_SocialMediaLinks"},{"name":"resultFormat","value":"allure2"}],"parameters":[{"name":"driver","value":"'Edge'"}],"links":[],"hidden":false,"retry":false,"extra":{"severity":"normal","retries":[],"categories":[{"name":"Test defects","matchedStatuses":[],"flaky":false}],"history":{"statistic":{"failed":0,"broken":9,"skipped":0,"passed":0,"unknown":0,"total":9},"items":[{"uid":"6c66a47676780f5b","status":"broken","statusDetails":"selenium.common.exceptions.NoSuchElementException: Message: no such element: Unable to locate element: {\"method\":\"xpath\",\"selector\":\"//li[@class='social_twitter']/a\"}\n  (Session info: MicrosoftEdge=129.0.2792.52); For documentation on this error, please visit: https://www.selenium.dev/documentation/webdriver/troubleshooting/errors#no-such-element-exception\nStacktrace:\n#0 0x56447a81c1de <unknown>\n#1 0x56447a4df686 <unknown>\n#2 0x56447a52f083 <unknown>\n#3 0x56447a52f1a1 <unknown>\n#4 0x56447a575c84 <unknown>\n#5 0x56447a55429d <unknown>\n#6 0x56447a57372e <unknown>\n#7 0x56447a554013 <unknown>\n#8 0x56447a52219d <unknown>\n#9 0x56447a522e8e <unknown>\n#10 0x56447a7ef191 <unknown>\n#11 0x56447a7f23fd <unknown>\n#12 0x56447a7f1e7b <unknown>\n#13 0x56447a7f2865 <unknown>\n#14 0x56447a7e07f2 <unknown>\n#15 0x56447a7f2bed <unknown>\n#16 0x56447a7cb2e5 <unknown>\n#17 0x56447a80c768 <unknown>\n#18 0x56447a80c97d <unknown>\n#19 0x56447a81b021 <unknown>\n#20 0x7f949ea9ca94 <unknown>\n#21 0x7f949eb29c3c <unknown>","time":{"start":1728285625371,"stop":1728285635391,"duration":10020}},{"uid":"fa42b719bba32605","status":"broken","statusDetails":"selenium.common.exceptions.NoSuchElementException: Message: no such element: Unable to locate element: {\"method\":\"xpath\",\"selector\":\"//li[@class='social_twitter']/a\"}\n  (Session info: MicrosoftEdge=129.0.2792.52); For documentation on this error, please visit: https://www.selenium.dev/documentation/webdriver/troubleshooting/errors#no-such-element-exception\nStacktrace:\n#0 0x5575e1b4e1de <unknown>\n#1 0x5575e1811686 <unknown>\n#2 0x5575e1861083 <unknown>\n#3 0x5575e18611a1 <unknown>\n#4 0x5575e18a7c84 <unknown>\n#5 0x5575e188629d <unknown>\n#6 0x5575e18a572e <unknown>\n#7 0x5575e1886013 <unknown>\n#8 0x5575e185419d <unknown>\n#9 0x5575e1854e8e <unknown>\n#10 0x5575e1b21191 <unknown>\n#11 0x5575e1b243fd <unknown>\n#12 0x5575e1b23e7b <unknown>\n#13 0x5575e1b24865 <unknown>\n#14 0x5575e1b127f2 <unknown>\n#15 0x5575e1b24bed <unknown>\n#16 0x5575e1afd2e5 <unknown>\n#17 0x5575e1b3e768 <unknown>\n#18 0x5575e1b3e97d <unknown>\n#19 0x5575e1b4d021 <unknown>\n#20 0x7f67f0e9ca94 <unknown>\n#21 0x7f67f0f29c3c <unknown>","time":{"start":1728285168405,"stop":1728285178429,"duration":10024}},{"uid":"aa9a3c839d55736d","status":"broken","statusDetails":"selenium.common.exceptions.NoSuchElementException: Message: no such element: Unable to locate element: {\"method\":\"xpath\",\"selector\":\"//li[@class='social_twitter']/a\"}\n  (Session info: MicrosoftEdge=129.0.2792.52); For documentation on this error, please visit: https://www.selenium.dev/documentation/webdriver/troubleshooting/errors#no-such-element-exception\nStacktrace:\n#0 0x55fe501461de <unknown>\n#1 0x55fe4fe09686 <unknown>\n#2 0x55fe4fe59083 <unknown>\n#3 0x55fe4fe591a1 <unknown>\n#4 0x55fe4fe9fc84 <unknown>\n#5 0x55fe4fe7e29d <unknown>\n#6 0x55fe4fe9d72e <unknown>\n#7 0x55fe4fe7e013 <unknown>\n#8 0x55fe4fe4c19d <unknown>\n#9 0x55fe4fe4ce8e <unknown>\n#10 0x55fe50119191 <unknown>\n#11 0x55fe5011c3fd <unknown>\n#12 0x55fe5011be7b <unknown>\n#13 0x55fe5011c865 <unknown>\n#14 0x55fe5010a7f2 <unknown>\n#15 0x55fe5011cbed <unknown>\n#16 0x55fe500f52e5 <unknown>\n#17 0x55fe50136768 <unknown>\n#18 0x55fe5013697d <unknown>\n#19 0x55fe50145021 <unknown>\n#20 0x7f2f12a9ca94 <unknown>\n#21 0x7f2f12b29c3c <unknown>","time":{"start":1728284417544,"stop":1728284427586,"duration":10042}},{"uid":"a541588cdbfecf0","status":"broken","statusDetails":"selenium.common.exceptions.NoSuchElementException: Message: no such element: Unable to locate element: {\"method\":\"xpath\",\"selector\":\"//li[@class='social_twitter']/a\"}\n  (Session info: MicrosoftEdge=129.0.2792.52); For documentation on this error, please visit: https://www.selenium.dev/documentation/webdriver/troubleshooting/errors#no-such-element-exception\nStacktrace:\n#0 0x5566efd151de <unknown>\n#1 0x5566ef9d8686 <unknown>\n#2 0x5566efa28083 <unknown>\n#3 0x5566efa281a1 <unknown>\n#4 0x5566efa6ec84 <unknown>\n#5 0x5566efa4d29d <unknown>\n#6 0x5566efa6c72e <unknown>\n#7 0x5566efa4d013 <unknown>\n#8 0x5566efa1b19d <unknown>\n#9 0x5566efa1be8e <unknown>\n#10 0x5566efce8191 <unknown>\n#11 0x5566efceb3fd <unknown>\n#12 0x5566efceae7b <unknown>\n#13 0x5566efceb865 <unknown>\n#14 0x5566efcd97f2 <unknown>\n#15 0x5566efcebbed <unknown>\n#16 0x5566efcc42e5 <unknown>\n#17 0x5566efd05768 <unknown>\n#18 0x5566efd0597d <unknown>\n#19 0x5566efd14021 <unknown>\n#20 0x7f6b56e9ca94 <unknown>\n#21 0x7f6b56f29c3c <unknown>","time":{"start":1728042409019,"stop":1728042419043,"duration":10024}},{"uid":"12de1591a2175c2f","status":"broken","statusDetails":"selenium.common.exceptions.NoSuchElementException: Message: no such element: Unable to locate element: {\"method\":\"xpath\",\"selector\":\"//li[@class='social_twitter']/a\"}\n  (Session info: MicrosoftEdge=129.0.2792.52); For documentation on this error, please visit: https://www.selenium.dev/documentation/webdriver/troubleshooting/errors#no-such-element-exception\nStacktrace:\n#0 0x563e7ae461de <unknown>\n#1 0x563e7ab09686 <unknown>\n#2 0x563e7ab59083 <unknown>\n#3 0x563e7ab591a1 <unknown>\n#4 0x563e7ab9fc84 <unknown>\n#5 0x563e7ab7e29d <unknown>\n#6 0x563e7ab9d72e <unknown>\n#7 0x563e7ab7e013 <unknown>\n#8 0x563e7ab4c19d <unknown>\n#9 0x563e7ab4ce8e <unknown>\n#10 0x563e7ae19191 <unknown>\n#11 0x563e7ae1c3fd <unknown>\n#12 0x563e7ae1be7b <unknown>\n#13 0x563e7ae1c865 <unknown>\n#14 0x563e7ae0a7f2 <unknown>\n#15 0x563e7ae1cbed <unknown>\n#16 0x563e7adf52e5 <unknown>\n#17 0x563e7ae36768 <unknown>\n#18 0x563e7ae3697d <unknown>\n#19 0x563e7ae45021 <unknown>\n#20 0x7fb6c0c9ca94 <unknown>\n#21 0x7fb6c0d29c3c <unknown>","time":{"start":1728041704445,"stop":1728041714495,"duration":10050}},{"uid":"510685bf73c29b52","status":"broken","statusDetails":"selenium.common.exceptions.NoSuchElementException: Message: no such element: Unable to locate element: {\"method\":\"xpath\",\"selector\":\"//li[@class='social_twitter']/a\"}\n  (Session info: MicrosoftEdge=129.0.2792.52); For documentation on this error, please visit: https://www.selenium.dev/documentation/webdriver/troubleshooting/errors#no-such-element-exception\nStacktrace:\n#0 0x5572127211de <unknown>\n#1 0x5572123e4686 <unknown>\n#2 0x557212434083 <unknown>\n#3 0x5572124341a1 <unknown>\n#4 0x55721247ac84 <unknown>\n#5 0x55721245929d <unknown>\n#6 0x55721247872e <unknown>\n#7 0x557212459013 <unknown>\n#8 0x55721242719d <unknown>\n#9 0x557212427e8e <unknown>\n#10 0x5572126f4191 <unknown>\n#11 0x5572126f73fd <unknown>\n#12 0x5572126f6e7b <unknown>\n#13 0x5572126f7865 <unknown>\n#14 0x5572126e57f2 <unknown>\n#15 0x5572126f7bed <unknown>\n#16 0x5572126d02e5 <unknown>\n#17 0x557212711768 <unknown>\n#18 0x55721271197d <unknown>\n#19 0x557212720021 <unknown>\n#20 0x7efe8b69ca94 <unknown>\n#21 0x7efe8b729c3c <unknown>","time":{"start":1728041215669,"stop":1728041225694,"duration":10025}},{"uid":"9cc52da940683602","status":"broken","statusDetails":"selenium.common.exceptions.NoSuchElementException: Message: no such element: Unable to locate element: {\"method\":\"xpath\",\"selector\":\"//li[@class='social_twitter']/a\"}\n  (Session info: MicrosoftEdge=129.0.2792.52); For documentation on this error, please visit: https://www.selenium.dev/documentation/webdriver/troubleshooting/errors#no-such-element-exception\nStacktrace:\n#0 0x558b77d181de <unknown>\n#1 0x558b779db686 <unknown>\n#2 0x558b77a2b083 <unknown>\n#3 0x558b77a2b1a1 <unknown>\n#4 0x558b77a71c84 <unknown>\n#5 0x558b77a5029d <unknown>\n#6 0x558b77a6f72e <unknown>\n#7 0x558b77a50013 <unknown>\n#8 0x558b77a1e19d <unknown>\n#9 0x558b77a1ee8e <unknown>\n#10 0x558b77ceb191 <unknown>\n#11 0x558b77cee3fd <unknown>\n#12 0x558b77cede7b <unknown>\n#13 0x558b77cee865 <unknown>\n#14 0x558b77cdc7f2 <unknown>\n#15 0x558b77ceebed <unknown>\n#16 0x558b77cc72e5 <unknown>\n#17 0x558b77d08768 <unknown>\n#18 0x558b77d0897d <unknown>\n#19 0x558b77d17021 <unknown>\n#20 0x7fcbefe9ca94 <unknown>\n#21 0x7fcbeff29c3c <unknown>","time":{"start":1728040522364,"stop":1728040532382,"duration":10018}},{"uid":"d7ef16cfc561bd3c","status":"broken","statusDetails":"selenium.common.exceptions.NoSuchElementException: Message: no such element: Unable to locate element: {\"method\":\"xpath\",\"selector\":\"//li[@class='social_twitter']/a\"}\n  (Session info: MicrosoftEdge=129.0.2792.79); For documentation on this error, please visit: https://www.selenium.dev/documentation/webdriver/troubleshooting/errors#no-such-element-exception\nStacktrace:\n0   msedgedriver                        0x0000000104906698 msedgedriver + 5035672\n1   msedgedriver                        0x00000001048fde8a msedgedriver + 5000842\n2   msedgedriver                        0x000000010448fdfc msedgedriver + 355836\n3   msedgedriver                        0x00000001044d3f37 msedgedriver + 634679\n4   msedgedriver                        0x00000001044d4181 msedgedriver + 635265\n5   msedgedriver                        0x0000000104514874 msedgedriver + 899188\n6   msedgedriver                        0x00000001044f6fcd msedgedriver + 778189\n7   msedgedriver                        0x00000001045122be msedgedriver + 889534\n8   msedgedriver                        0x00000001044f6d23 msedgedriver + 777507\n9   msedgedriver                        0x00000001044c9207 msedgedriver + 590343\n10  msedgedriver                        0x00000001044c992e msedgedriver + 592174\n11  msedgedriver                        0x00000001048c5f22 msedgedriver + 4771618\n12  msedgedriver                        0x00000001048cbbff msedgedriver + 4795391\n13  msedgedriver                        0x00000001048a588a msedgedriver + 4638858\n14  msedgedriver                        0x00000001048cc411 msedgedriver + 4797457\n15  msedgedriver                        0x0000000104896103 msedgedriver + 4575491\n16  msedgedriver                        0x00000001048eb168 msedgedriver + 4923752\n17  msedgedriver                        0x00000001048eb2d3 msedgedriver + 4924115\n18  msedgedriver                        0x00000001048fda47 msedgedriver + 4999751\n19  libsystem_pthread.dylib             0x00007ff810f1418b _pthread_start + 99\n20  libsystem_pthread.dylib             0x00007ff810f0fae3 thread_start + 15","time":{"start":1728024702336,"stop":1728024716896,"duration":14560}}]},"tags":[]},"source":"b9bd66faa79c84ca.json","parameterValues":["'Edge'"]}