{"uid":"c70bea86c96a21a7","name":"Manually open new tab","fullName":"Tests.test_SocialMediaLinks.TestLogin#test_2","historyId":"c5a9642853eecee0f0c32d409da2a973","time":{"start":1728040031010,"stop":1728040041048,"duration":10038},"status":"broken","statusMessage":"selenium.common.exceptions.NoSuchElementException: Message: no such element: Unable to locate element: {\"method\":\"xpath\",\"selector\":\"//li[@class='social_twitter']/a\"}\n  (Session info: MicrosoftEdge=129.0.2792.52); For documentation on this error, please visit: https://www.selenium.dev/documentation/webdriver/troubleshooting/errors#no-such-element-exception\nStacktrace:\n#0 0x557392af51de <unknown>\n#1 0x5573927b8686 <unknown>\n#2 0x557392808083 <unknown>\n#3 0x5573928081a1 <unknown>\n#4 0x55739284ec84 <unknown>\n#5 0x55739282d29d <unknown>\n#6 0x55739284c72e <unknown>\n#7 0x55739282d013 <unknown>\n#8 0x5573927fb19d <unknown>\n#9 0x5573927fbe8e <unknown>\n#10 0x557392ac8191 <unknown>\n#11 0x557392acb3fd <unknown>\n#12 0x557392acae7b <unknown>\n#13 0x557392acb865 <unknown>\n#14 0x557392ab97f2 <unknown>\n#15 0x557392acbbed <unknown>\n#16 0x557392aa42e5 <unknown>\n#17 0x557392ae5768 <unknown>\n#18 0x557392ae597d <unknown>\n#19 0x557392af4021 <unknown>\n#20 0x7f198c09ca94 <unknown>\n#21 0x7f198c129c3c <unknown>","statusTrace":"self = <Tests.test_SocialMediaLinks.TestLogin object at 0x7fbb1c1e61d0>\ndriver = <selenium.webdriver.edge.webdriver.WebDriver (session=\"be8bfc4947f28d4ec82c0133cd237ee9\")>\n\n    @severity(severity_level.NORMAL)\n    @allure.feature('Social Media Links')\n    @allure.title('Manually open new tab')\n    def test_2(self, driver):\n        home_page_obj = HomePage(driver)\n>       twitter_url = home_page_obj.get_twitter_button_url()\n\nTests/test_SocialMediaLinks.py:34: \n_ _ _ _ _ _ _ _ _ _ _ _ _ _ _ _ _ _ _ _ _ _ _ _ _ _ _ _ _ _ _ _ _ _ _ _ _ _ _ _ \nPages/HomePage.py:48: in get_twitter_button_url\n    return self.driver.find_element(*self.twitter_button).get_attribute(\"href\")\n/opt/hostedtoolcache/Python/3.11.10/x64/lib/python3.11/site-packages/selenium/webdriver/remote/webdriver.py:741: in find_element\n    return self.execute(Command.FIND_ELEMENT, {\"using\": by, \"value\": value})[\"value\"]\n/opt/hostedtoolcache/Python/3.11.10/x64/lib/python3.11/site-packages/selenium/webdriver/remote/webdriver.py:347: in execute\n    self.error_handler.check_response(response)\n_ _ _ _ _ _ _ _ _ _ _ _ _ _ _ _ _ _ _ _ _ _ _ _ _ _ _ _ _ _ _ _ _ _ _ _ _ _ _ _ \n\nself = <selenium.webdriver.remote.errorhandler.ErrorHandler object at 0x7fbb1bb1c090>\nresponse = {'status': 404, 'value': '{\"value\":{\"error\":\"no such element\",\"message\":\"no such element: Unable to locate element: {\\...\\\\n#19 0x557392af4021 \\\\u003Cunknown>\\\\n#20 0x7f198c09ca94 \\\\u003Cunknown>\\\\n#21 0x7f198c129c3c \\\\u003Cunknown>\\\\n\"}}'}\n\n    def check_response(self, response: Dict[str, Any]) -> None:\n        \"\"\"Checks that a JSON response from the WebDriver does not have an\n        error.\n    \n        :Args:\n         - response - The JSON response from the WebDriver server as a dictionary\n           object.\n    \n        :Raises: If the response contains an error message.\n        \"\"\"\n        status = response.get(\"status\", None)\n        if not status or status == ErrorCode.SUCCESS:\n            return\n        value = None\n        message = response.get(\"message\", \"\")\n        screen: str = response.get(\"screen\", \"\")\n        stacktrace = None\n        if isinstance(status, int):\n            value_json = response.get(\"value\", None)\n            if value_json and isinstance(value_json, str):\n                import json\n    \n                try:\n                    value = json.loads(value_json)\n                    if len(value) == 1:\n                        value = value[\"value\"]\n                    status = value.get(\"error\", None)\n                    if not status:\n                        status = value.get(\"status\", ErrorCode.UNKNOWN_ERROR)\n                        message = value.get(\"value\") or value.get(\"message\")\n                        if not isinstance(message, str):\n                            value = message\n                            message = message.get(\"message\")\n                    else:\n                        message = value.get(\"message\", None)\n                except ValueError:\n                    pass\n    \n        exception_class: Type[WebDriverException]\n        e = ErrorCode()\n        error_codes = [item for item in dir(e) if not item.startswith(\"__\")]\n        for error_code in error_codes:\n            error_info = getattr(ErrorCode, error_code)\n            if isinstance(error_info, list) and status in error_info:\n                exception_class = getattr(ExceptionMapping, error_code, WebDriverException)\n                break\n        else:\n            exception_class = WebDriverException\n    \n        if not value:\n            value = response[\"value\"]\n        if isinstance(value, str):\n            raise exception_class(value)\n        if message == \"\" and \"message\" in value:\n            message = value[\"message\"]\n    \n        screen = None  # type: ignore[assignment]\n        if \"screen\" in value:\n            screen = value[\"screen\"]\n    \n        stacktrace = None\n        st_value = value.get(\"stackTrace\") or value.get(\"stacktrace\")\n        if st_value:\n            if isinstance(st_value, str):\n                stacktrace = st_value.split(\"\\n\")\n            else:\n                stacktrace = []\n                try:\n                    for frame in st_value:\n                        line = frame.get(\"lineNumber\", \"\")\n                        file = frame.get(\"fileName\", \"<anonymous>\")\n                        if line:\n                            file = f\"{file}:{line}\"\n                        meth = frame.get(\"methodName\", \"<anonymous>\")\n                        if \"className\" in frame:\n                            meth = f\"{frame['className']}.{meth}\"\n                        msg = \"    at %s (%s)\"\n                        msg = msg % (meth, file)\n                        stacktrace.append(msg)\n                except TypeError:\n                    pass\n        if exception_class == UnexpectedAlertPresentException:\n            alert_text = None\n            if \"data\" in value:\n                alert_text = value[\"data\"].get(\"text\")\n            elif \"alert\" in value:\n                alert_text = value[\"alert\"].get(\"text\")\n            raise exception_class(message, screen, stacktrace, alert_text)  # type: ignore[call-arg]  # mypy is not smart enough here\n>       raise exception_class(message, screen, stacktrace)\nE       selenium.common.exceptions.NoSuchElementException: Message: no such element: Unable to locate element: {\"method\":\"xpath\",\"selector\":\"//li[@class='social_twitter']/a\"}\nE         (Session info: MicrosoftEdge=129.0.2792.52); For documentation on this error, please visit: https://www.selenium.dev/documentation/webdriver/troubleshooting/errors#no-such-element-exception\nE       Stacktrace:\nE       #0 0x557392af51de <unknown>\nE       #1 0x5573927b8686 <unknown>\nE       #2 0x557392808083 <unknown>\nE       #3 0x5573928081a1 <unknown>\nE       #4 0x55739284ec84 <unknown>\nE       #5 0x55739282d29d <unknown>\nE       #6 0x55739284c72e <unknown>\nE       #7 0x55739282d013 <unknown>\nE       #8 0x5573927fb19d <unknown>\nE       #9 0x5573927fbe8e <unknown>\nE       #10 0x557392ac8191 <unknown>\nE       #11 0x557392acb3fd <unknown>\nE       #12 0x557392acae7b <unknown>\nE       #13 0x557392acb865 <unknown>\nE       #14 0x557392ab97f2 <unknown>\nE       #15 0x557392acbbed <unknown>\nE       #16 0x557392aa42e5 <unknown>\nE       #17 0x557392ae5768 <unknown>\nE       #18 0x557392ae597d <unknown>\nE       #19 0x557392af4021 <unknown>\nE       #20 0x7f198c09ca94 <unknown>\nE       #21 0x7f198c129c3c <unknown>\n\n/opt/hostedtoolcache/Python/3.11.10/x64/lib/python3.11/site-packages/selenium/webdriver/remote/errorhandler.py:229: NoSuchElementException","flaky":false,"newFailed":false,"newBroken":false,"newPassed":false,"retriesCount":0,"retriesStatusChange":false,"beforeStages":[{"name":"setup_reporting_directories","time":{"start":1728039897921,"stop":1728039897922,"duration":1},"status":"passed","steps":[],"attachments":[],"parameters":[],"shouldDisplayMessage":false,"stepsCount":0,"attachmentsCount":0,"hasContent":false,"attachmentStep":false},{"name":"driver","time":{"start":1728039998214,"stop":1728039998674,"duration":460},"status":"passed","steps":[],"attachments":[],"parameters":[],"shouldDisplayMessage":false,"stepsCount":0,"attachmentsCount":0,"hasContent":false,"attachmentStep":false}],"afterStages":[{"name":"driver::0","time":{"start":1728040043585,"stop":1728040043671,"duration":86},"status":"passed","steps":[],"attachments":[],"parameters":[],"shouldDisplayMessage":false,"stepsCount":0,"attachmentsCount":0,"hasContent":false,"attachmentStep":false}],"labels":[{"name":"feature","value":"Social Media Links"},{"name":"severity","value":"normal"},{"name":"parentSuite","value":"Tests"},{"name":"suite","value":"test_SocialMediaLinks"},{"name":"subSuite","value":"TestLogin"},{"name":"host","value":"fv-az1770-788"},{"name":"thread","value":"2069-MainThread"},{"name":"framework","value":"pytest"},{"name":"language","value":"cpython3"},{"name":"package","value":"Tests.test_SocialMediaLinks"},{"name":"resultFormat","value":"allure2"}],"parameters":[{"name":"driver","value":"'Edge'"}],"links":[],"hidden":false,"retry":false,"extra":{"severity":"normal","retries":[],"categories":[{"name":"Test defects","matchedStatuses":[],"flaky":false}],"history":{"statistic":{"failed":0,"broken":2,"skipped":0,"passed":0,"unknown":0,"total":2},"items":[{"uid":"d7ef16cfc561bd3c","status":"broken","statusDetails":"selenium.common.exceptions.NoSuchElementException: Message: no such element: Unable to locate element: {\"method\":\"xpath\",\"selector\":\"//li[@class='social_twitter']/a\"}\n  (Session info: MicrosoftEdge=129.0.2792.79); For documentation on this error, please visit: https://www.selenium.dev/documentation/webdriver/troubleshooting/errors#no-such-element-exception\nStacktrace:\n0   msedgedriver                        0x0000000104906698 msedgedriver + 5035672\n1   msedgedriver                        0x00000001048fde8a msedgedriver + 5000842\n2   msedgedriver                        0x000000010448fdfc msedgedriver + 355836\n3   msedgedriver                        0x00000001044d3f37 msedgedriver + 634679\n4   msedgedriver                        0x00000001044d4181 msedgedriver + 635265\n5   msedgedriver                        0x0000000104514874 msedgedriver + 899188\n6   msedgedriver                        0x00000001044f6fcd msedgedriver + 778189\n7   msedgedriver                        0x00000001045122be msedgedriver + 889534\n8   msedgedriver                        0x00000001044f6d23 msedgedriver + 777507\n9   msedgedriver                        0x00000001044c9207 msedgedriver + 590343\n10  msedgedriver                        0x00000001044c992e msedgedriver + 592174\n11  msedgedriver                        0x00000001048c5f22 msedgedriver + 4771618\n12  msedgedriver                        0x00000001048cbbff msedgedriver + 4795391\n13  msedgedriver                        0x00000001048a588a msedgedriver + 4638858\n14  msedgedriver                        0x00000001048cc411 msedgedriver + 4797457\n15  msedgedriver                        0x0000000104896103 msedgedriver + 4575491\n16  msedgedriver                        0x00000001048eb168 msedgedriver + 4923752\n17  msedgedriver                        0x00000001048eb2d3 msedgedriver + 4924115\n18  msedgedriver                        0x00000001048fda47 msedgedriver + 4999751\n19  libsystem_pthread.dylib             0x00007ff810f1418b _pthread_start + 99\n20  libsystem_pthread.dylib             0x00007ff810f0fae3 thread_start + 15","time":{"start":1728024702336,"stop":1728024716896,"duration":14560}}]},"tags":[]},"source":"c70bea86c96a21a7.json","parameterValues":["'Edge'"]}