{"uid":"955fe1ab9bdcdff9","name":"Contact list displays wright names","fullName":"Tests.test_ContactList.TestContactList#test_1","historyId":"10fcde3b44bdf9ba03ce879fc327c73b","time":{"start":1728035648498,"stop":1728035648981,"duration":483},"status":"broken","statusMessage":"AttributeError: 'NoneType' object has no attribute 'keys'","statusTrace":"self = <Tests.test_ContactList.TestContactList object at 0x7feeeae7fbd0>\ndriver = <selenium.webdriver.chrome.webdriver.WebDriver (session=\"66150c57343de44bded389c34adea58f\")>\n\n    @severity(severity_level.NORMAL)\n    @allure.feature('Contact List')\n    @allure.title(\"Contact list displays wright names\")\n    def test_1(self, driver):\n        driver.get(\"https://thinking-tester-contact-list.herokuapp.com/\")\n        contact_list_obj = ContactList(driver)\n        contact_list_obj.complete_login()\n        # Use the 'get_contact_list' method to get the names dictionary\n        names = APIRequests.get_contact_list()\n        # Get the dictionary keys and save them in the 'contact_ids' variable\n>       contact_ids = list(names.keys())\nE       AttributeError: 'NoneType' object has no attribute 'keys'\n\nTests/test_ContactList.py:23: AttributeError","flaky":false,"newFailed":false,"newBroken":false,"newPassed":false,"retriesCount":0,"retriesStatusChange":false,"beforeStages":[{"name":"setup_reporting_directories","time":{"start":1728035646033,"stop":1728035646036,"duration":3},"status":"passed","steps":[],"attachments":[],"parameters":[],"shouldDisplayMessage":false,"stepsCount":0,"attachmentsCount":0,"hasContent":false,"attachmentStep":false},{"name":"driver","time":{"start":1728035648291,"stop":1728035648497,"duration":206},"status":"passed","steps":[],"attachments":[],"parameters":[],"shouldDisplayMessage":false,"stepsCount":0,"attachmentsCount":0,"hasContent":false,"attachmentStep":false}],"testStage":{"status":"broken","statusMessage":"AttributeError: 'NoneType' object has no attribute 'keys'","statusTrace":"self = <Tests.test_ContactList.TestContactList object at 0x7feeeae7fbd0>\ndriver = <selenium.webdriver.chrome.webdriver.WebDriver (session=\"66150c57343de44bded389c34adea58f\")>\n\n    @severity(severity_level.NORMAL)\n    @allure.feature('Contact List')\n    @allure.title(\"Contact list displays wright names\")\n    def test_1(self, driver):\n        driver.get(\"https://thinking-tester-contact-list.herokuapp.com/\")\n        contact_list_obj = ContactList(driver)\n        contact_list_obj.complete_login()\n        # Use the 'get_contact_list' method to get the names dictionary\n        names = APIRequests.get_contact_list()\n        # Get the dictionary keys and save them in the 'contact_ids' variable\n>       contact_ids = list(names.keys())\nE       AttributeError: 'NoneType' object has no attribute 'keys'\n\nTests/test_ContactList.py:23: AttributeError","steps":[],"attachments":[{"uid":"32d2cb8676787835","name":"stdout","source":"32d2cb8676787835.txt","type":"text/plain","size":144}],"parameters":[],"shouldDisplayMessage":true,"stepsCount":0,"attachmentsCount":1,"hasContent":true,"attachmentStep":false},"afterStages":[{"name":"driver::0","time":{"start":1728035648983,"stop":1728035649047,"duration":64},"status":"passed","steps":[],"attachments":[],"parameters":[],"shouldDisplayMessage":false,"stepsCount":0,"attachmentsCount":0,"hasContent":false,"attachmentStep":false}],"labels":[{"name":"severity","value":"normal"},{"name":"feature","value":"Contact List"},{"name":"parentSuite","value":"Tests"},{"name":"suite","value":"test_ContactList"},{"name":"subSuite","value":"TestContactList"},{"name":"host","value":"fv-az1927-589"},{"name":"thread","value":"2332-MainThread"},{"name":"framework","value":"pytest"},{"name":"language","value":"cpython3"},{"name":"package","value":"Tests.test_ContactList"},{"name":"resultFormat","value":"allure2"}],"parameters":[{"name":"driver","value":"'Chrome'"}],"links":[],"hidden":false,"retry":false,"extra":{"severity":"normal","retries":[],"categories":[{"name":"Test defects","matchedStatuses":[],"flaky":false}],"history":{"statistic":{"failed":0,"broken":6,"skipped":0,"passed":3,"unknown":0,"total":9},"items":[{"uid":"d150409ec0cb7326","reportUrl":"https://Simeon-Zografov.github.io/test-repo/11//#testresult/d150409ec0cb7326","status":"broken","statusDetails":"AttributeError: 'NoneType' object has no attribute 'keys'","time":{"start":1728035269061,"stop":1728035269561,"duration":500}},{"uid":"e9fd6076004084b6","reportUrl":"https://Simeon-Zografov.github.io/test-repo/10//#testresult/e9fd6076004084b6","status":"passed","time":{"start":1728024528680,"stop":1728024531616,"duration":2936}},{"uid":"b2f82ce679fb3b8f","reportUrl":"https://Simeon-Zografov.github.io/test-repo/9//#testresult/b2f82ce679fb3b8f","status":"passed","time":{"start":1728033342181,"stop":1728033343595,"duration":1414}},{"uid":"dd692ac140b2d1e2","reportUrl":"https://Simeon-Zografov.github.io/test-repo/5//#testresult/dd692ac140b2d1e2","status":"broken","statusDetails":"selenium.common.exceptions.NoSuchDriverException: Message: Unable to locate or obtain driver for chrome; For documentation on this error, please visit: https://www.selenium.dev/documentation/webdriver/troubleshooting/errors/driver_location","time":{"start":1728032209850,"stop":1728032209850,"duration":0}},{"uid":"8aee607fcfd6ed90","reportUrl":"https://Simeon-Zografov.github.io/test-repo/4//#testresult/8aee607fcfd6ed90","status":"broken","statusDetails":"selenium.common.exceptions.NoSuchDriverException: Message: Unable to locate or obtain driver for chrome; For documentation on this error, please visit: https://www.selenium.dev/documentation/webdriver/troubleshooting/errors/driver_location","time":{"start":1728031936425,"stop":1728031936425,"duration":0}},{"uid":"3aa9713a67546823","reportUrl":"https://Simeon-Zografov.github.io/test-repo/3//#testresult/3aa9713a67546823","status":"broken","statusDetails":"selenium.common.exceptions.NoSuchDriverException: Message: Unable to locate or obtain driver for chrome; For documentation on this error, please visit: https://www.selenium.dev/documentation/webdriver/troubleshooting/errors/driver_location","time":{"start":1728031264594,"stop":1728031264594,"duration":0}},{"uid":"f77b377596a372ee","reportUrl":"https://Simeon-Zografov.github.io/test-repo/2//#testresult/f77b377596a372ee","status":"broken","statusDetails":"OSError: [Errno 8] Exec format error: '/home/runner/.wdm/drivers/chromedriver/linux64/129.0.6668.89/chromedriver-linux64/THIRD_PARTY_NOTICES.chromedriver'","time":{"start":1728030489990,"stop":1728030489990,"duration":0}},{"uid":"764f69a5f594eb05","status":"passed","time":{"start":1728024528680,"stop":1728024531616,"duration":2936}}]},"tags":[]},"source":"955fe1ab9bdcdff9.json","parameterValues":["'Chrome'"]}